<?xml version="1.0" encoding="UTF-8"?>
<testsuite xmlns:xsi="http://www.w3.org/2001/XMLSchema-instance" xsi:noNamespaceSchemaLocation="https://maven.apache.org/surefire/maven-failsafe-plugin/xsd/failsafe-test-report-3.0.xsd" version="3.0" name="mentor" time="137.112" tests="42" errors="0" skipped="0" failures="11">
  <properties>
    <property name="sun.desktop" value="windows"/>
    <property name="awt.toolkit" value="sun.awt.windows.WToolkit"/>
    <property name="file.encoding.pkg" value="sun.io"/>
    <property name="java.specification.version" value="1.8"/>
    <property name="sun.cpu.isalist" value="amd64"/>
    <property name="sun.jnu.encoding" value="Cp1252"/>
    <property name="java.class.path" value="D:\AaaalterraAcademy\CAPSTONE PROJECT\AutomationTesting-API-Mentutor\target\test-classes;D:\AaaalterraAcademy\CAPSTONE PROJECT\AutomationTesting-API-Mentutor\target\serenity-rest-starter-1.0.0-SNAPSHOT.jar;C:\Users\binti\.m2\repository\ch\qos\logback\logback-classic\1.2.3\logback-classic-1.2.3.jar;C:\Users\binti\.m2\repository\ch\qos\logback\logback-core\1.2.3\logback-core-1.2.3.jar;C:\Users\binti\.m2\repository\org\slf4j\slf4j-api\1.7.25\slf4j-api-1.7.25.jar;C:\Users\binti\.m2\repository\net\serenity-bdd\serenity-core\2.4.51\serenity-core-2.4.51.jar;C:\Users\binti\.m2\repository\net\serenity-bdd\serenity-model\2.4.51\serenity-model-2.4.51.jar;C:\Users\binti\.m2\repository\org\apache\commons\commons-text\1.9\commons-text-1.9.jar;C:\Users\binti\.m2\repository\commons-net\commons-net\3.6\commons-net-3.6.jar;C:\Users\binti\.m2\repository\com\google\inject\guice\5.0.1\guice-5.0.1.jar;C:\Users\binti\.m2\repository\javax\inject\javax.inject\1\javax.inject-1.jar;C:\Users\binti\.m2\repository\aopalliance\aopalliance\1.0\aopalliance-1.0.jar;C:\Users\binti\.m2\repository\org\jsoup\jsoup\1.13.1\jsoup-1.13.1.jar;C:\Users\binti\.m2\repository\com\thoughtworks\xstream\xstream\1.4.17\xstream-1.4.17.jar;C:\Users\binti\.m2\repository\io\github\x-stream\mxparser\1.2.1\mxparser-1.2.1.jar;C:\Users\binti\.m2\repository\xmlpull\xmlpull\1.1.3.1\xmlpull-1.1.3.1.jar;C:\Users\binti\.m2\repository\io\cucumber\cucumber-core\6.10.2\cucumber-core-6.10.2.jar;C:\Users\binti\.m2\repository\io\cucumber\cucumber-gherkin\6.10.2\cucumber-gherkin-6.10.2.jar;C:\Users\binti\.m2\repository\io\cucumber\cucumber-gherkin-messages\6.10.2\cucumber-gherkin-messages-6.10.2.jar;C:\Users\binti\.m2\repository\io\cucumber\messages\14.0.1\messages-14.0.1.jar;C:\Users\binti\.m2\repository\io\cucumber\tag-expressions\3.0.0\tag-expressions-3.0.0.jar;C:\Users\binti\.m2\repository\io\cucumber\cucumber-expressions\10.3.0\cucumber-expressions-10.3.0.jar;C:\Users\binti\.m2\repository\io\cucumber\cucumber-plugin\6.10.2\cucumber-plugin-6.10.2.jar;C:\Users\binti\.m2\repository\io\cucumber\docstring\6.10.2\docstring-6.10.2.jar;C:\Users\binti\.m2\repository\io\cucumber\html-formatter\12.0.0\html-formatter-12.0.0.jar;C:\Users\binti\.m2\repository\io\cucumber\create-meta\3.0.0\create-meta-3.0.0.jar;C:\Users\binti\.m2\repository\com\typesafe\config\1.3.1\config-1.3.1.jar;C:\Users\binti\.m2\repository\org\imgscalr\imgscalr-lib\4.2\imgscalr-lib-4.2.jar;C:\Users\binti\.m2\repository\org\awaitility\awaitility\4.0.3\awaitility-4.0.3.jar;C:\Users\binti\.m2\repository\org\freemarker\freemarker\2.3.29\freemarker-2.3.29.jar;C:\Users\binti\.m2\repository\net\sourceforge\jexcelapi\jxl\2.6.12\jxl-2.6.12.jar;C:\Users\binti\.m2\repository\org\asciidoctor\asciidoctorj\2.5.1\asciidoctorj-2.5.1.jar;C:\Users\binti\.m2\repository\org\asciidoctor\asciidoctorj-api\2.5.1\asciidoctorj-api-2.5.1.jar;C:\Users\binti\.m2\repository\org\jruby\jruby\9.2.17.0\jruby-9.2.17.0.jar;C:\Users\binti\.m2\repository\org\jruby\jruby-core\9.2.17.0\jruby-core-9.2.17.0.jar;C:\Users\binti\.m2\repository\com\github\jnr\jnr-netdb\1.2.0\jnr-netdb-1.2.0.jar;C:\Users\binti\.m2\repository\com\github\jnr\jnr-enxio\0.32.3\jnr-enxio-0.32.3.jar;C:\Users\binti\.m2\repository\com\github\jnr\jnr-unixsocket\0.38.5\jnr-unixsocket-0.38.5.jar;C:\Users\binti\.m2\repository\com\github\jnr\jnr-posix\3.1.4\jnr-posix-3.1.4.jar;C:\Users\binti\.m2\repository\com\github\jnr\jnr-constants\0.10.1\jnr-constants-0.10.1.jar;C:\Users\binti\.m2\repository\com\github\jnr\jffi\1.3.1\jffi-1.3.1.jar;C:\Users\binti\.m2\repository\com\github\jnr\jffi\1.3.1\jffi-1.3.1-native.jar;C:\Users\binti\.m2\repository\org\jruby\joni\joni\2.1.31\joni-2.1.31.jar;C:\Users\binti\.m2\repository\org\jruby\jcodings\jcodings\1.0.46\jcodings-1.0.46.jar;C:\Users\binti\.m2\repository\org\jruby\dirgra\0.3\dirgra-0.3.jar;C:\Users\binti\.m2\repository\com\headius\invokebinder\1.11\invokebinder-1.11.jar;C:\Users\binti\.m2\repository\com\headius\options\1.4\options-1.4.jar;C:\Users\binti\.m2\repository\com\jcraft\jzlib\1.1.3\jzlib-1.1.3.jar;C:\Users\binti\.m2\repository\com\martiansoftware\nailgun-server\0.9.1\nailgun-server-0.9.1.jar;C:\Users\binti\.m2\repository\com\headius\backport9\1.8\backport9-1.8.jar;C:\Users\binti\.m2\repository\javax\annotation\javax.annotation-api\1.3.1\javax.annotation-api-1.3.1.jar;C:\Users\binti\.m2\repository\org\jruby\jruby-stdlib\9.2.17.0\jruby-stdlib-9.2.17.0.jar;C:\Users\binti\.m2\repository\net\bytebuddy\byte-buddy\1.11.1\byte-buddy-1.11.1.jar;C:\Users\binti\.m2\repository\net\bytebuddy\byte-buddy-agent\1.11.1\byte-buddy-agent-1.11.1.jar;C:\Users\binti\.m2\repository\org\objenesis\objenesis\3.1\objenesis-3.1.jar;C:\Users\binti\.m2\repository\net\serenity-bdd\serenity-reports\2.4.51\serenity-reports-2.4.51.jar;C:\Users\binti\.m2\repository\net\serenity-bdd\serenity-stats\2.4.51\serenity-stats-2.4.51.jar;C:\Users\binti\.m2\repository\org\jetbrains\kotlin\kotlin-stdlib\1.5.0\kotlin-stdlib-1.5.0.jar;C:\Users\binti\.m2\repository\org\jetbrains\annotations\13.0\annotations-13.0.jar;C:\Users\binti\.m2\repository\org\jetbrains\kotlin\kotlin-stdlib-common\1.5.0\kotlin-stdlib-common-1.5.0.jar;C:\Users\binti\.m2\repository\net\serenity-bdd\serenity-reports-configuration\2.4.51\serenity-reports-configuration-2.4.51.jar;C:\Users\binti\.m2\repository\com\vladsch\flexmark\flexmark-all\0.34.30\flexmark-all-0.34.30.jar;C:\Users\binti\.m2\repository\com\vladsch\flexmark\flexmark\0.34.30\flexmark-0.34.30.jar;C:\Users\binti\.m2\repository\com\vladsch\flexmark\flexmark-ext-abbreviation\0.34.30\flexmark-ext-abbreviation-0.34.30.jar;C:\Users\binti\.m2\repository\com\vladsch\flexmark\flexmark-ext-admonition\0.34.30\flexmark-ext-admonition-0.34.30.jar;C:\Users\binti\.m2\repository\com\vladsch\flexmark\flexmark-ext-anchorlink\0.34.30\flexmark-ext-anchorlink-0.34.30.jar;C:\Users\binti\.m2\repository\com\vladsch\flexmark\flexmark-ext-aside\0.34.30\flexmark-ext-aside-0.34.30.jar;C:\Users\binti\.m2\repository\com\vladsch\flexmark\flexmark-ext-attributes\0.34.30\flexmark-ext-attributes-0.34.30.jar;C:\Users\binti\.m2\repository\com\vladsch\flexmark\flexmark-ext-autolink\0.34.30\flexmark-ext-autolink-0.34.30.jar;C:\Users\binti\.m2\repository\org\nibor\autolink\autolink\0.6.0\autolink-0.6.0.jar;C:\Users\binti\.m2\repository\com\vladsch\flexmark\flexmark-ext-definition\0.34.30\flexmark-ext-definition-0.34.30.jar;C:\Users\binti\.m2\repository\com\vladsch\flexmark\flexmark-ext-emoji\0.34.30\flexmark-ext-emoji-0.34.30.jar;C:\Users\binti\.m2\repository\com\vladsch\flexmark\flexmark-ext-enumerated-reference\0.34.30\flexmark-ext-enumerated-reference-0.34.30.jar;C:\Users\binti\.m2\repository\com\vladsch\flexmark\flexmark-ext-escaped-character\0.34.30\flexmark-ext-escaped-character-0.34.30.jar;C:\Users\binti\.m2\repository\com\vladsch\flexmark\flexmark-ext-footnotes\0.34.30\flexmark-ext-footnotes-0.34.30.jar;C:\Users\binti\.m2\repository\com\vladsch\flexmark\flexmark-ext-gfm-issues\0.34.30\flexmark-ext-gfm-issues-0.34.30.jar;C:\Users\binti\.m2\repository\com\vladsch\flexmark\flexmark-ext-gfm-strikethrough\0.34.30\flexmark-ext-gfm-strikethrough-0.34.30.jar;C:\Users\binti\.m2\repository\com\vladsch\flexmark\flexmark-ext-gfm-tables\0.34.30\flexmark-ext-gfm-tables-0.34.30.jar;C:\Users\binti\.m2\repository\com\vladsch\flexmark\flexmark-ext-gfm-tasklist\0.34.30\flexmark-ext-gfm-tasklist-0.34.30.jar;C:\Users\binti\.m2\repository\com\vladsch\flexmark\flexmark-ext-gfm-users\0.34.30\flexmark-ext-gfm-users-0.34.30.jar;C:\Users\binti\.m2\repository\com\vladsch\flexmark\flexmark-ext-gitlab\0.34.30\flexmark-ext-gitlab-0.34.30.jar;C:\Users\binti\.m2\repository\com\vladsch\flexmark\flexmark-ext-jekyll-front-matter\0.34.30\flexmark-ext-jekyll-front-matter-0.34.30.jar;C:\Users\binti\.m2\repository\com\vladsch\flexmark\flexmark-ext-jekyll-tag\0.34.30\flexmark-ext-jekyll-tag-0.34.30.jar;C:\Users\binti\.m2\repository\com\vladsch\flexmark\flexmark-ext-media-tags\0.34.30\flexmark-ext-media-tags-0.34.30.jar;C:\Users\binti\.m2\repository\com\vladsch\flexmark\flexmark-test-util\0.34.30\flexmark-test-util-0.34.30.jar;C:\Users\binti\.m2\repository\com\vladsch\flexmark\flexmark-ext-ins\0.34.30\flexmark-ext-ins-0.34.30.jar;C:\Users\binti\.m2\repository\com\vladsch\flexmark\flexmark-ext-xwiki-macros\0.34.30\flexmark-ext-xwiki-macros-0.34.30.jar;C:\Users\binti\.m2\repository\com\vladsch\flexmark\flexmark-ext-superscript\0.34.30\flexmark-ext-superscript-0.34.30.jar;C:\Users\binti\.m2\repository\com\vladsch\flexmark\flexmark-ext-tables\0.34.30\flexmark-ext-tables-0.34.30.jar;C:\Users\binti\.m2\repository\com\vladsch\flexmark\flexmark-ext-toc\0.34.30\flexmark-ext-toc-0.34.30.jar;C:\Users\binti\.m2\repository\com\vladsch\flexmark\flexmark-ext-typographic\0.34.30\flexmark-ext-typographic-0.34.30.jar;C:\Users\binti\.m2\repository\com\vladsch\flexmark\flexmark-ext-wikilink\0.34.30\flexmark-ext-wikilink-0.34.30.jar;C:\Users\binti\.m2\repository\com\vladsch\flexmark\flexmark-ext-yaml-front-matter\0.34.30\flexmark-ext-yaml-front-matter-0.34.30.jar;C:\Users\binti\.m2\repository\com\vladsch\flexmark\flexmark-ext-youtube-embedded\0.34.30\flexmark-ext-youtube-embedded-0.34.30.jar;C:\Users\binti\.m2\repository\com\vladsch\flexmark\flexmark-formatter\0.34.30\flexmark-formatter-0.34.30.jar;C:\Users\binti\.m2\repository\com\vladsch\flexmark\flexmark-html-parser\0.34.30\flexmark-html-parser-0.34.30.jar;C:\Users\binti\.m2\repository\com\vladsch\flexmark\flexmark-jira-converter\0.34.30\flexmark-jira-converter-0.34.30.jar;C:\Users\binti\.m2\repository\com\vladsch\flexmark\flexmark-pdf-converter\0.34.30\flexmark-pdf-converter-0.34.30.jar;C:\Users\binti\.m2\repository\com\openhtmltopdf\openhtmltopdf-core\0.0.1-RC13\openhtmltopdf-core-0.0.1-RC13.jar;C:\Users\binti\.m2\repository\com\openhtmltopdf\openhtmltopdf-pdfbox\0.0.1-RC13\openhtmltopdf-pdfbox-0.0.1-RC13.jar;C:\Users\binti\.m2\repository\org\apache\pdfbox\pdfbox\2.0.8\pdfbox-2.0.8.jar;C:\Users\binti\.m2\repository\org\apache\pdfbox\fontbox\2.0.8\fontbox-2.0.8.jar;C:\Users\binti\.m2\repository\org\apache\pdfbox\xmpbox\2.0.8\xmpbox-2.0.8.jar;C:\Users\binti\.m2\repository\de\rototor\pdfbox\graphics2d\0.12\graphics2d-0.12.jar;C:\Users\binti\.m2\repository\com\openhtmltopdf\openhtmltopdf-rtl-support\0.0.1-RC13\openhtmltopdf-rtl-support-0.0.1-RC13.jar;C:\Users\binti\.m2\repository\com\ibm\icu\icu4j\59.1\icu4j-59.1.jar;C:\Users\binti\.m2\repository\com\openhtmltopdf\openhtmltopdf-jsoup-dom-converter\0.0.1-RC13\openhtmltopdf-jsoup-dom-converter-0.0.1-RC13.jar;C:\Users\binti\.m2\repository\com\vladsch\flexmark\flexmark-profile-pegdown\0.34.30\flexmark-profile-pegdown-0.34.30.jar;C:\Users\binti\.m2\repository\com\vladsch\flexmark\flexmark-util\0.34.30\flexmark-util-0.34.30.jar;C:\Users\binti\.m2\repository\com\vladsch\flexmark\flexmark-youtrack-converter\0.34.30\flexmark-youtrack-converter-0.34.30.jar;C:\Users\binti\.m2\repository\es\nitaur\markdown\txtmark\0.16\txtmark-0.16.jar;C:\Users\binti\.m2\repository\net\serenity-bdd\serenity-report-resources\2.4.51\serenity-report-resources-2.4.51.jar;C:\Users\binti\.m2\repository\com\google\code\gson\gson\2.8.7\gson-2.8.7.jar;C:\Users\binti\.m2\repository\com\fasterxml\jackson\core\jackson-core\2.12.4\jackson-core-2.12.4.jar;C:\Users\binti\.m2\repository\com\fasterxml\jackson\core\jackson-databind\2.12.4\jackson-databind-2.12.4.jar;C:\Users\binti\.m2\repository\com\fasterxml\jackson\core\jackson-annotations\2.12.4\jackson-annotations-2.12.4.jar;C:\Users\binti\.m2\repository\commons-codec\commons-codec\1.15\commons-codec-1.15.jar;C:\Users\binti\.m2\repository\commons-io\commons-io\2.8.0\commons-io-2.8.0.jar;C:\Users\binti\.m2\repository\org\seleniumhq\selenium\selenium-server\3.141.59\selenium-server-3.141.59.jar;C:\Users\binti\.m2\repository\org\seleniumhq\selenium\selenium-opera-driver\3.141.59\selenium-opera-driver-3.141.59.jar;C:\Users\binti\.m2\repository\org\seleniumhq\selenium\selenium-remote-driver\3.141.59\selenium-remote-driver-3.141.59.jar;C:\Users\binti\.m2\repository\org\seleniumhq\selenium\selenium-safari-driver\3.141.59\selenium-safari-driver-3.141.59.jar;C:\Users\binti\.m2\repository\com\beust\jcommander\1.72\jcommander-1.72.jar;C:\Users\binti\.m2\repository\org\apache\commons\commons-exec\1.3\commons-exec-1.3.jar;C:\Users\binti\.m2\repository\net\jcip\jcip-annotations\1.0\jcip-annotations-1.0.jar;C:\Users\binti\.m2\repository\org\seleniumhq\selenium\jetty-repacked\9.4.12.v20180830\jetty-repacked-9.4.12.v20180830.jar;C:\Users\binti\.m2\repository\com\squareup\okhttp3\okhttp\3.11.0\okhttp-3.11.0.jar;C:\Users\binti\.m2\repository\com\squareup\okio\okio\1.14.0\okio-1.14.0.jar;C:\Users\binti\.m2\repository\javax\servlet\javax.servlet-api\3.1.0\javax.servlet-api-3.1.0.jar;C:\Users\binti\.m2\repository\org\yaml\snakeyaml\1.19\snakeyaml-1.19.jar;C:\Users\binti\.m2\repository\org\seleniumhq\selenium\selenium-java\3.141.59\selenium-java-3.141.59.jar;C:\Users\binti\.m2\repository\org\seleniumhq\selenium\selenium-api\3.141.59\selenium-api-3.141.59.jar;C:\Users\binti\.m2\repository\org\seleniumhq\selenium\selenium-support\3.141.59\selenium-support-3.141.59.jar;C:\Users\binti\.m2\repository\org\seleniumhq\selenium\selenium-chrome-driver\3.141.59\selenium-chrome-driver-3.141.59.jar;C:\Users\binti\.m2\repository\org\seleniumhq\selenium\selenium-firefox-driver\3.141.59\selenium-firefox-driver-3.141.59.jar;C:\Users\binti\.m2\repository\org\seleniumhq\selenium\selenium-edge-driver\3.141.59\selenium-edge-driver-3.141.59.jar;C:\Users\binti\.m2\repository\org\seleniumhq\selenium\selenium-ie-driver\3.141.59\selenium-ie-driver-3.141.59.jar;C:\Users\binti\.m2\repository\net\sourceforge\htmlunit\htmlunit\2.47.1\htmlunit-2.47.1.jar;C:\Users\binti\.m2\repository\xalan\xalan\2.7.2\xalan-2.7.2.jar;C:\Users\binti\.m2\repository\xalan\serializer\2.7.2\serializer-2.7.2.jar;C:\Users\binti\.m2\repository\net\sourceforge\htmlunit\htmlunit-core-js\2.47.0\htmlunit-core-js-2.47.0.jar;C:\Users\binti\.m2\repository\net\sourceforge\htmlunit\neko-htmlunit\2.47.1\neko-htmlunit-2.47.1.jar;C:\Users\binti\.m2\repository\xerces\xercesImpl\2.12.0\xercesImpl-2.12.0.jar;C:\Users\binti\.m2\repository\xml-apis\xml-apis\1.4.01\xml-apis-1.4.01.jar;C:\Users\binti\.m2\repository\net\sourceforge\htmlunit\htmlunit-cssparser\1.7.0\htmlunit-cssparser-1.7.0.jar;C:\Users\binti\.m2\repository\org\brotli\dec\0.1.2\dec-0.1.2.jar;C:\Users\binti\.m2\repository\com\shapesecurity\salvation2\3.0.0\salvation2-3.0.0.jar;C:\Users\binti\.m2\repository\org\eclipse\jetty\websocket\websocket-client\9.4.36.v20210114\websocket-client-9.4.36.v20210114.jar;C:\Users\binti\.m2\repository\org\eclipse\jetty\jetty-client\9.4.36.v20210114\jetty-client-9.4.36.v20210114.jar;C:\Users\binti\.m2\repository\org\eclipse\jetty\jetty-http\9.4.36.v20210114\jetty-http-9.4.36.v20210114.jar;C:\Users\binti\.m2\repository\org\eclipse\jetty\jetty-util\9.4.36.v20210114\jetty-util-9.4.36.v20210114.jar;C:\Users\binti\.m2\repository\org\eclipse\jetty\jetty-io\9.4.36.v20210114\jetty-io-9.4.36.v20210114.jar;C:\Users\binti\.m2\repository\org\eclipse\jetty\websocket\websocket-common\9.4.36.v20210114\websocket-common-9.4.36.v20210114.jar;C:\Users\binti\.m2\repository\org\eclipse\jetty\websocket\websocket-api\9.4.36.v20210114\websocket-api-9.4.36.v20210114.jar;C:\Users\binti\.m2\repository\org\projectlombok\lombok\1.18.20\lombok-1.18.20.jar;C:\Users\binti\.m2\repository\org\seleniumhq\selenium\htmlunit-driver\2.47.1\htmlunit-driver-2.47.1.jar;C:\Users\binti\.m2\repository\com\codeborne\phantomjsdriver\1.4.4\phantomjsdriver-1.4.4.jar;C:\Users\binti\.m2\repository\io\appium\java-client\7.5.1\java-client-7.5.1.jar;C:\Users\binti\.m2\repository\commons-validator\commons-validator\1.7\commons-validator-1.7.jar;C:\Users\binti\.m2\repository\commons-digester\commons-digester\2.1\commons-digester-2.1.jar;C:\Users\binti\.m2\repository\org\aspectj\aspectjweaver\1.9.6\aspectjweaver-1.9.6.jar;C:\Users\binti\.m2\repository\net\sf\opencsv\opencsv\2.0\opencsv-2.0.jar;C:\Users\binti\.m2\repository\commons-beanutils\commons-beanutils\1.9.4\commons-beanutils-1.9.4.jar;C:\Users\binti\.m2\repository\org\apache\commons\commons-lang3\3.11\commons-lang3-3.11.jar;C:\Users\binti\.m2\repository\commons-collections\commons-collections\3.2.2\commons-collections-3.2.2.jar;C:\Users\binti\.m2\repository\org\fluentlenium\fluentlenium-core\0.10.2\fluentlenium-core-0.10.2.jar;C:\Users\binti\.m2\repository\io\github\bonigarcia\webdrivermanager\4.4.1\webdrivermanager-4.4.1.jar;C:\Users\binti\.m2\repository\org\apache\httpcomponents\client5\httpclient5\5.0.3\httpclient5-5.0.3.jar;C:\Users\binti\.m2\repository\org\apache\httpcomponents\core5\httpcore5\5.0.2\httpcore5-5.0.2.jar;C:\Users\binti\.m2\repository\org\apache\httpcomponents\core5\httpcore5-h2\5.0.2\httpcore5-h2-5.0.2.jar;C:\Users\binti\.m2\repository\org\rauschig\jarchivelib\1.1.0\jarchivelib-1.1.0.jar;C:\Users\binti\.m2\repository\org\apache\commons\commons-compress\1.20\commons-compress-1.20.jar;C:\Users\binti\.m2\repository\com\jhlabs\filters\2.0.235\filters-2.0.235.jar;C:\Users\binti\.m2\repository\com\paulhammant\ngwebdriver\1.1.5\ngwebdriver-1.1.5.jar;C:\Users\binti\.m2\repository\joda-time\joda-time\2.8.2\joda-time-2.8.2.jar;C:\Users\binti\.m2\repository\com\google\jimfs\jimfs\1.1\jimfs-1.1.jar;C:\Users\binti\.m2\repository\org\mockito\mockito-core\3.3.3\mockito-core-3.3.3.jar;C:\Users\binti\.m2\repository\javax\xml\bind\jaxb-api\2.3.1\jaxb-api-2.3.1.jar;C:\Users\binti\.m2\repository\javax\activation\javax.activation-api\1.2.0\javax.activation-api-1.2.0.jar;C:\Users\binti\.m2\repository\com\sun\xml\bind\jaxb-core\2.3.0.1\jaxb-core-2.3.0.1.jar;C:\Users\binti\.m2\repository\com\sun\xml\bind\jaxb-impl\2.3.3\jaxb-impl-2.3.3.jar;C:\Users\binti\.m2\repository\com\sun\activation\jakarta.activation\1.2.2\jakarta.activation-1.2.2.jar;C:\Users\binti\.m2\repository\javax\activation\activation\1.1.1\activation-1.1.1.jar;C:\Users\binti\.m2\repository\net\serenity-bdd\serenity-junit\2.4.51\serenity-junit-2.4.51.jar;C:\Users\binti\.m2\repository\net\serenity-bdd\serenity-rest-assured\2.4.51\serenity-rest-assured-2.4.51.jar;C:\Users\binti\.m2\repository\org\codehaus\groovy\groovy-json\3.0.8\groovy-json-3.0.8.jar;C:\Users\binti\.m2\repository\org\opentest4j\opentest4j\1.2.0\opentest4j-1.2.0.jar;C:\Users\binti\.m2\repository\net\serenity-bdd\serenity-screenplay\2.4.51\serenity-screenplay-2.4.51.jar;C:\Users\binti\.m2\repository\net\serenity-bdd\serenity-screenplay-rest\2.4.51\serenity-screenplay-rest-2.4.51.jar;C:\Users\binti\.m2\repository\net\serenity-bdd\serenity-cucumber6\2.4.51\serenity-cucumber6-2.4.51.jar;C:\Users\binti\.m2\repository\net\serenity-bdd\serenity-screenplay-webdriver\2.4.51\serenity-screenplay-webdriver-2.4.51.jar;C:\Users\binti\.m2\repository\io\cucumber\cucumber-java\6.10.4\cucumber-java-6.10.4.jar;C:\Users\binti\.m2\repository\org\apiguardian\apiguardian-api\1.1.1\apiguardian-api-1.1.1.jar;C:\Users\binti\.m2\repository\io\cucumber\cucumber-junit\6.10.4\cucumber-junit-6.10.4.jar;C:\Users\binti\.m2\repository\io\cucumber\datatable-matchers\3.4.0\datatable-matchers-3.4.0.jar;C:\Users\binti\.m2\repository\io\cucumber\datatable\3.4.0\datatable-3.4.0.jar;C:\Users\binti\.m2\repository\commons-logging\commons-logging\1.2\commons-logging-1.2.jar;C:\Users\binti\.m2\repository\org\apache\commons\commons-csv\1.5\commons-csv-1.5.jar;C:\Users\binti\.m2\repository\io\rest-assured\rest-assured\4.3.2\rest-assured-4.3.2.jar;C:\Users\binti\.m2\repository\org\apache\httpcomponents\httpclient\4.5.3\httpclient-4.5.3.jar;C:\Users\binti\.m2\repository\org\apache\httpcomponents\httpcore\4.4.6\httpcore-4.4.6.jar;C:\Users\binti\.m2\repository\org\apache\httpcomponents\httpmime\4.5.3\httpmime-4.5.3.jar;C:\Users\binti\.m2\repository\org\ccil\cowan\tagsoup\tagsoup\1.2.1\tagsoup-1.2.1.jar;C:\Users\binti\.m2\repository\io\rest-assured\json-path\4.3.3\json-path-4.3.3.jar;C:\Users\binti\.m2\repository\io\rest-assured\rest-assured-common\4.3.3\rest-assured-common-4.3.3.jar;C:\Users\binti\.m2\repository\io\rest-assured\xml-path\4.3.3\xml-path-4.3.3.jar;C:\Users\binti\.m2\repository\jakarta\xml\bind\jakarta.xml.bind-api\2.3.3\jakarta.xml.bind-api-2.3.3.jar;C:\Users\binti\.m2\repository\jakarta\activation\jakarta.activation-api\1.2.2\jakarta.activation-api-1.2.2.jar;C:\Users\binti\.m2\repository\org\codehaus\groovy\groovy\3.0.6\groovy-3.0.6.jar;C:\Users\binti\.m2\repository\org\codehaus\groovy\groovy-xml\3.0.6\groovy-xml-3.0.6.jar;C:\Users\binti\.m2\repository\junit\junit\4.13.1\junit-4.13.1.jar;C:\Users\binti\.m2\repository\org\hamcrest\hamcrest-core\1.3\hamcrest-core-1.3.jar;C:\Users\binti\.m2\repository\org\assertj\assertj-core\3.6.2\assertj-core-3.6.2.jar;C:\Users\binti\.m2\repository\org\hamcrest\hamcrest\2.2\hamcrest-2.2.jar;C:\Users\binti\.m2\repository\io\rest-assured\json-schema-validator\5.3.1\json-schema-validator-5.3.1.jar;C:\Users\binti\.m2\repository\com\github\java-json-tools\json-schema-validator\2.2.14\json-schema-validator-2.2.14.jar;C:\Users\binti\.m2\repository\com\github\java-json-tools\jackson-coreutils-equivalence\1.0\jackson-coreutils-equivalence-1.0.jar;C:\Users\binti\.m2\repository\com\github\java-json-tools\jackson-coreutils\2.0\jackson-coreutils-2.0.jar;C:\Users\binti\.m2\repository\com\github\java-json-tools\msg-simple\1.2\msg-simple-1.2.jar;C:\Users\binti\.m2\repository\com\github\java-json-tools\btf\1.3\btf-1.3.jar;C:\Users\binti\.m2\repository\com\github\java-json-tools\json-schema-core\1.2.14\json-schema-core-1.2.14.jar;C:\Users\binti\.m2\repository\com\github\java-json-tools\uri-template\0.10\uri-template-0.10.jar;C:\Users\binti\.m2\repository\org\mozilla\rhino\1.7.7.2\rhino-1.7.7.2.jar;C:\Users\binti\.m2\repository\com\sun\mail\mailapi\1.6.2\mailapi-1.6.2.jar;C:\Users\binti\.m2\repository\com\googlecode\libphonenumber\libphonenumber\8.11.1\libphonenumber-8.11.1.jar;C:\Users\binti\.m2\repository\com\google\code\findbugs\jsr305\3.0.2\jsr305-3.0.2.jar;C:\Users\binti\.m2\repository\net\sf\jopt-simple\jopt-simple\5.0.4\jopt-simple-5.0.4.jar;C:\Users\binti\.m2\repository\com\google\guava\guava\32.0.1-jre\guava-32.0.1-jre.jar;C:\Users\binti\.m2\repository\com\google\guava\failureaccess\1.0.1\failureaccess-1.0.1.jar;C:\Users\binti\.m2\repository\com\google\guava\listenablefuture\9999.0-empty-to-avoid-conflict-with-guava\listenablefuture-9999.0-empty-to-avoid-conflict-with-guava.jar;C:\Users\binti\.m2\repository\org\checkerframework\checker-qual\3.33.0\checker-qual-3.33.0.jar;C:\Users\binti\.m2\repository\com\google\errorprone\error_prone_annotations\2.18.0\error_prone_annotations-2.18.0.jar;C:\Users\binti\.m2\repository\com\google\j2objc\j2objc-annotations\2.8\j2objc-annotations-2.8.jar;"/>
    <property name="java.vm.vendor" value="Oracle Corporation"/>
    <property name="sun.arch.data.model" value="64"/>
    <property name="user.variant" value=""/>
    <property name="java.vendor.url" value="http://java.oracle.com/"/>
    <property name="user.timezone" value="Asia/Bangkok"/>
    <property name="java.vm.specification.version" value="1.8"/>
    <property name="os.name" value="Windows 11"/>
    <property name="user.country" value="US"/>
    <property name="sun.java.launcher" value="SUN_STANDARD"/>
    <property name="sun.boot.library.path" value="C:\Program Files\Java\jdk-1.8\jre\bin"/>
    <property name="sun.java.command" value="C:\Users\binti\AppData\Local\Temp\surefire6096434875145061545\surefirebooter3620091127922263696.jar C:\Users\binti\AppData\Local\Temp\surefire6096434875145061545 2023-10-26T20-09-48_487-jvmRun1 surefire8180553682246109109tmp surefire_08205748532828691252tmp"/>
    <property name="surefire.test.class.path" value="D:\AaaalterraAcademy\CAPSTONE PROJECT\AutomationTesting-API-Mentutor\target\test-classes;D:\AaaalterraAcademy\CAPSTONE PROJECT\AutomationTesting-API-Mentutor\target\serenity-rest-starter-1.0.0-SNAPSHOT.jar;C:\Users\binti\.m2\repository\ch\qos\logback\logback-classic\1.2.3\logback-classic-1.2.3.jar;C:\Users\binti\.m2\repository\ch\qos\logback\logback-core\1.2.3\logback-core-1.2.3.jar;C:\Users\binti\.m2\repository\org\slf4j\slf4j-api\1.7.25\slf4j-api-1.7.25.jar;C:\Users\binti\.m2\repository\net\serenity-bdd\serenity-core\2.4.51\serenity-core-2.4.51.jar;C:\Users\binti\.m2\repository\net\serenity-bdd\serenity-model\2.4.51\serenity-model-2.4.51.jar;C:\Users\binti\.m2\repository\org\apache\commons\commons-text\1.9\commons-text-1.9.jar;C:\Users\binti\.m2\repository\commons-net\commons-net\3.6\commons-net-3.6.jar;C:\Users\binti\.m2\repository\com\google\inject\guice\5.0.1\guice-5.0.1.jar;C:\Users\binti\.m2\repository\javax\inject\javax.inject\1\javax.inject-1.jar;C:\Users\binti\.m2\repository\aopalliance\aopalliance\1.0\aopalliance-1.0.jar;C:\Users\binti\.m2\repository\org\jsoup\jsoup\1.13.1\jsoup-1.13.1.jar;C:\Users\binti\.m2\repository\com\thoughtworks\xstream\xstream\1.4.17\xstream-1.4.17.jar;C:\Users\binti\.m2\repository\io\github\x-stream\mxparser\1.2.1\mxparser-1.2.1.jar;C:\Users\binti\.m2\repository\xmlpull\xmlpull\1.1.3.1\xmlpull-1.1.3.1.jar;C:\Users\binti\.m2\repository\io\cucumber\cucumber-core\6.10.2\cucumber-core-6.10.2.jar;C:\Users\binti\.m2\repository\io\cucumber\cucumber-gherkin\6.10.2\cucumber-gherkin-6.10.2.jar;C:\Users\binti\.m2\repository\io\cucumber\cucumber-gherkin-messages\6.10.2\cucumber-gherkin-messages-6.10.2.jar;C:\Users\binti\.m2\repository\io\cucumber\messages\14.0.1\messages-14.0.1.jar;C:\Users\binti\.m2\repository\io\cucumber\tag-expressions\3.0.0\tag-expressions-3.0.0.jar;C:\Users\binti\.m2\repository\io\cucumber\cucumber-expressions\10.3.0\cucumber-expressions-10.3.0.jar;C:\Users\binti\.m2\repository\io\cucumber\cucumber-plugin\6.10.2\cucumber-plugin-6.10.2.jar;C:\Users\binti\.m2\repository\io\cucumber\docstring\6.10.2\docstring-6.10.2.jar;C:\Users\binti\.m2\repository\io\cucumber\html-formatter\12.0.0\html-formatter-12.0.0.jar;C:\Users\binti\.m2\repository\io\cucumber\create-meta\3.0.0\create-meta-3.0.0.jar;C:\Users\binti\.m2\repository\com\typesafe\config\1.3.1\config-1.3.1.jar;C:\Users\binti\.m2\repository\org\imgscalr\imgscalr-lib\4.2\imgscalr-lib-4.2.jar;C:\Users\binti\.m2\repository\org\awaitility\awaitility\4.0.3\awaitility-4.0.3.jar;C:\Users\binti\.m2\repository\org\freemarker\freemarker\2.3.29\freemarker-2.3.29.jar;C:\Users\binti\.m2\repository\net\sourceforge\jexcelapi\jxl\2.6.12\jxl-2.6.12.jar;C:\Users\binti\.m2\repository\org\asciidoctor\asciidoctorj\2.5.1\asciidoctorj-2.5.1.jar;C:\Users\binti\.m2\repository\org\asciidoctor\asciidoctorj-api\2.5.1\asciidoctorj-api-2.5.1.jar;C:\Users\binti\.m2\repository\org\jruby\jruby\9.2.17.0\jruby-9.2.17.0.jar;C:\Users\binti\.m2\repository\org\jruby\jruby-core\9.2.17.0\jruby-core-9.2.17.0.jar;C:\Users\binti\.m2\repository\com\github\jnr\jnr-netdb\1.2.0\jnr-netdb-1.2.0.jar;C:\Users\binti\.m2\repository\com\github\jnr\jnr-enxio\0.32.3\jnr-enxio-0.32.3.jar;C:\Users\binti\.m2\repository\com\github\jnr\jnr-unixsocket\0.38.5\jnr-unixsocket-0.38.5.jar;C:\Users\binti\.m2\repository\com\github\jnr\jnr-posix\3.1.4\jnr-posix-3.1.4.jar;C:\Users\binti\.m2\repository\com\github\jnr\jnr-constants\0.10.1\jnr-constants-0.10.1.jar;C:\Users\binti\.m2\repository\com\github\jnr\jffi\1.3.1\jffi-1.3.1.jar;C:\Users\binti\.m2\repository\com\github\jnr\jffi\1.3.1\jffi-1.3.1-native.jar;C:\Users\binti\.m2\repository\org\jruby\joni\joni\2.1.31\joni-2.1.31.jar;C:\Users\binti\.m2\repository\org\jruby\jcodings\jcodings\1.0.46\jcodings-1.0.46.jar;C:\Users\binti\.m2\repository\org\jruby\dirgra\0.3\dirgra-0.3.jar;C:\Users\binti\.m2\repository\com\headius\invokebinder\1.11\invokebinder-1.11.jar;C:\Users\binti\.m2\repository\com\headius\options\1.4\options-1.4.jar;C:\Users\binti\.m2\repository\com\jcraft\jzlib\1.1.3\jzlib-1.1.3.jar;C:\Users\binti\.m2\repository\com\martiansoftware\nailgun-server\0.9.1\nailgun-server-0.9.1.jar;C:\Users\binti\.m2\repository\com\headius\backport9\1.8\backport9-1.8.jar;C:\Users\binti\.m2\repository\javax\annotation\javax.annotation-api\1.3.1\javax.annotation-api-1.3.1.jar;C:\Users\binti\.m2\repository\org\jruby\jruby-stdlib\9.2.17.0\jruby-stdlib-9.2.17.0.jar;C:\Users\binti\.m2\repository\net\bytebuddy\byte-buddy\1.11.1\byte-buddy-1.11.1.jar;C:\Users\binti\.m2\repository\net\bytebuddy\byte-buddy-agent\1.11.1\byte-buddy-agent-1.11.1.jar;C:\Users\binti\.m2\repository\org\objenesis\objenesis\3.1\objenesis-3.1.jar;C:\Users\binti\.m2\repository\net\serenity-bdd\serenity-reports\2.4.51\serenity-reports-2.4.51.jar;C:\Users\binti\.m2\repository\net\serenity-bdd\serenity-stats\2.4.51\serenity-stats-2.4.51.jar;C:\Users\binti\.m2\repository\org\jetbrains\kotlin\kotlin-stdlib\1.5.0\kotlin-stdlib-1.5.0.jar;C:\Users\binti\.m2\repository\org\jetbrains\annotations\13.0\annotations-13.0.jar;C:\Users\binti\.m2\repository\org\jetbrains\kotlin\kotlin-stdlib-common\1.5.0\kotlin-stdlib-common-1.5.0.jar;C:\Users\binti\.m2\repository\net\serenity-bdd\serenity-reports-configuration\2.4.51\serenity-reports-configuration-2.4.51.jar;C:\Users\binti\.m2\repository\com\vladsch\flexmark\flexmark-all\0.34.30\flexmark-all-0.34.30.jar;C:\Users\binti\.m2\repository\com\vladsch\flexmark\flexmark\0.34.30\flexmark-0.34.30.jar;C:\Users\binti\.m2\repository\com\vladsch\flexmark\flexmark-ext-abbreviation\0.34.30\flexmark-ext-abbreviation-0.34.30.jar;C:\Users\binti\.m2\repository\com\vladsch\flexmark\flexmark-ext-admonition\0.34.30\flexmark-ext-admonition-0.34.30.jar;C:\Users\binti\.m2\repository\com\vladsch\flexmark\flexmark-ext-anchorlink\0.34.30\flexmark-ext-anchorlink-0.34.30.jar;C:\Users\binti\.m2\repository\com\vladsch\flexmark\flexmark-ext-aside\0.34.30\flexmark-ext-aside-0.34.30.jar;C:\Users\binti\.m2\repository\com\vladsch\flexmark\flexmark-ext-attributes\0.34.30\flexmark-ext-attributes-0.34.30.jar;C:\Users\binti\.m2\repository\com\vladsch\flexmark\flexmark-ext-autolink\0.34.30\flexmark-ext-autolink-0.34.30.jar;C:\Users\binti\.m2\repository\org\nibor\autolink\autolink\0.6.0\autolink-0.6.0.jar;C:\Users\binti\.m2\repository\com\vladsch\flexmark\flexmark-ext-definition\0.34.30\flexmark-ext-definition-0.34.30.jar;C:\Users\binti\.m2\repository\com\vladsch\flexmark\flexmark-ext-emoji\0.34.30\flexmark-ext-emoji-0.34.30.jar;C:\Users\binti\.m2\repository\com\vladsch\flexmark\flexmark-ext-enumerated-reference\0.34.30\flexmark-ext-enumerated-reference-0.34.30.jar;C:\Users\binti\.m2\repository\com\vladsch\flexmark\flexmark-ext-escaped-character\0.34.30\flexmark-ext-escaped-character-0.34.30.jar;C:\Users\binti\.m2\repository\com\vladsch\flexmark\flexmark-ext-footnotes\0.34.30\flexmark-ext-footnotes-0.34.30.jar;C:\Users\binti\.m2\repository\com\vladsch\flexmark\flexmark-ext-gfm-issues\0.34.30\flexmark-ext-gfm-issues-0.34.30.jar;C:\Users\binti\.m2\repository\com\vladsch\flexmark\flexmark-ext-gfm-strikethrough\0.34.30\flexmark-ext-gfm-strikethrough-0.34.30.jar;C:\Users\binti\.m2\repository\com\vladsch\flexmark\flexmark-ext-gfm-tables\0.34.30\flexmark-ext-gfm-tables-0.34.30.jar;C:\Users\binti\.m2\repository\com\vladsch\flexmark\flexmark-ext-gfm-tasklist\0.34.30\flexmark-ext-gfm-tasklist-0.34.30.jar;C:\Users\binti\.m2\repository\com\vladsch\flexmark\flexmark-ext-gfm-users\0.34.30\flexmark-ext-gfm-users-0.34.30.jar;C:\Users\binti\.m2\repository\com\vladsch\flexmark\flexmark-ext-gitlab\0.34.30\flexmark-ext-gitlab-0.34.30.jar;C:\Users\binti\.m2\repository\com\vladsch\flexmark\flexmark-ext-jekyll-front-matter\0.34.30\flexmark-ext-jekyll-front-matter-0.34.30.jar;C:\Users\binti\.m2\repository\com\vladsch\flexmark\flexmark-ext-jekyll-tag\0.34.30\flexmark-ext-jekyll-tag-0.34.30.jar;C:\Users\binti\.m2\repository\com\vladsch\flexmark\flexmark-ext-media-tags\0.34.30\flexmark-ext-media-tags-0.34.30.jar;C:\Users\binti\.m2\repository\com\vladsch\flexmark\flexmark-test-util\0.34.30\flexmark-test-util-0.34.30.jar;C:\Users\binti\.m2\repository\com\vladsch\flexmark\flexmark-ext-ins\0.34.30\flexmark-ext-ins-0.34.30.jar;C:\Users\binti\.m2\repository\com\vladsch\flexmark\flexmark-ext-xwiki-macros\0.34.30\flexmark-ext-xwiki-macros-0.34.30.jar;C:\Users\binti\.m2\repository\com\vladsch\flexmark\flexmark-ext-superscript\0.34.30\flexmark-ext-superscript-0.34.30.jar;C:\Users\binti\.m2\repository\com\vladsch\flexmark\flexmark-ext-tables\0.34.30\flexmark-ext-tables-0.34.30.jar;C:\Users\binti\.m2\repository\com\vladsch\flexmark\flexmark-ext-toc\0.34.30\flexmark-ext-toc-0.34.30.jar;C:\Users\binti\.m2\repository\com\vladsch\flexmark\flexmark-ext-typographic\0.34.30\flexmark-ext-typographic-0.34.30.jar;C:\Users\binti\.m2\repository\com\vladsch\flexmark\flexmark-ext-wikilink\0.34.30\flexmark-ext-wikilink-0.34.30.jar;C:\Users\binti\.m2\repository\com\vladsch\flexmark\flexmark-ext-yaml-front-matter\0.34.30\flexmark-ext-yaml-front-matter-0.34.30.jar;C:\Users\binti\.m2\repository\com\vladsch\flexmark\flexmark-ext-youtube-embedded\0.34.30\flexmark-ext-youtube-embedded-0.34.30.jar;C:\Users\binti\.m2\repository\com\vladsch\flexmark\flexmark-formatter\0.34.30\flexmark-formatter-0.34.30.jar;C:\Users\binti\.m2\repository\com\vladsch\flexmark\flexmark-html-parser\0.34.30\flexmark-html-parser-0.34.30.jar;C:\Users\binti\.m2\repository\com\vladsch\flexmark\flexmark-jira-converter\0.34.30\flexmark-jira-converter-0.34.30.jar;C:\Users\binti\.m2\repository\com\vladsch\flexmark\flexmark-pdf-converter\0.34.30\flexmark-pdf-converter-0.34.30.jar;C:\Users\binti\.m2\repository\com\openhtmltopdf\openhtmltopdf-core\0.0.1-RC13\openhtmltopdf-core-0.0.1-RC13.jar;C:\Users\binti\.m2\repository\com\openhtmltopdf\openhtmltopdf-pdfbox\0.0.1-RC13\openhtmltopdf-pdfbox-0.0.1-RC13.jar;C:\Users\binti\.m2\repository\org\apache\pdfbox\pdfbox\2.0.8\pdfbox-2.0.8.jar;C:\Users\binti\.m2\repository\org\apache\pdfbox\fontbox\2.0.8\fontbox-2.0.8.jar;C:\Users\binti\.m2\repository\org\apache\pdfbox\xmpbox\2.0.8\xmpbox-2.0.8.jar;C:\Users\binti\.m2\repository\de\rototor\pdfbox\graphics2d\0.12\graphics2d-0.12.jar;C:\Users\binti\.m2\repository\com\openhtmltopdf\openhtmltopdf-rtl-support\0.0.1-RC13\openhtmltopdf-rtl-support-0.0.1-RC13.jar;C:\Users\binti\.m2\repository\com\ibm\icu\icu4j\59.1\icu4j-59.1.jar;C:\Users\binti\.m2\repository\com\openhtmltopdf\openhtmltopdf-jsoup-dom-converter\0.0.1-RC13\openhtmltopdf-jsoup-dom-converter-0.0.1-RC13.jar;C:\Users\binti\.m2\repository\com\vladsch\flexmark\flexmark-profile-pegdown\0.34.30\flexmark-profile-pegdown-0.34.30.jar;C:\Users\binti\.m2\repository\com\vladsch\flexmark\flexmark-util\0.34.30\flexmark-util-0.34.30.jar;C:\Users\binti\.m2\repository\com\vladsch\flexmark\flexmark-youtrack-converter\0.34.30\flexmark-youtrack-converter-0.34.30.jar;C:\Users\binti\.m2\repository\es\nitaur\markdown\txtmark\0.16\txtmark-0.16.jar;C:\Users\binti\.m2\repository\net\serenity-bdd\serenity-report-resources\2.4.51\serenity-report-resources-2.4.51.jar;C:\Users\binti\.m2\repository\com\google\code\gson\gson\2.8.7\gson-2.8.7.jar;C:\Users\binti\.m2\repository\com\fasterxml\jackson\core\jackson-core\2.12.4\jackson-core-2.12.4.jar;C:\Users\binti\.m2\repository\com\fasterxml\jackson\core\jackson-databind\2.12.4\jackson-databind-2.12.4.jar;C:\Users\binti\.m2\repository\com\fasterxml\jackson\core\jackson-annotations\2.12.4\jackson-annotations-2.12.4.jar;C:\Users\binti\.m2\repository\commons-codec\commons-codec\1.15\commons-codec-1.15.jar;C:\Users\binti\.m2\repository\commons-io\commons-io\2.8.0\commons-io-2.8.0.jar;C:\Users\binti\.m2\repository\org\seleniumhq\selenium\selenium-server\3.141.59\selenium-server-3.141.59.jar;C:\Users\binti\.m2\repository\org\seleniumhq\selenium\selenium-opera-driver\3.141.59\selenium-opera-driver-3.141.59.jar;C:\Users\binti\.m2\repository\org\seleniumhq\selenium\selenium-remote-driver\3.141.59\selenium-remote-driver-3.141.59.jar;C:\Users\binti\.m2\repository\org\seleniumhq\selenium\selenium-safari-driver\3.141.59\selenium-safari-driver-3.141.59.jar;C:\Users\binti\.m2\repository\com\beust\jcommander\1.72\jcommander-1.72.jar;C:\Users\binti\.m2\repository\org\apache\commons\commons-exec\1.3\commons-exec-1.3.jar;C:\Users\binti\.m2\repository\net\jcip\jcip-annotations\1.0\jcip-annotations-1.0.jar;C:\Users\binti\.m2\repository\org\seleniumhq\selenium\jetty-repacked\9.4.12.v20180830\jetty-repacked-9.4.12.v20180830.jar;C:\Users\binti\.m2\repository\com\squareup\okhttp3\okhttp\3.11.0\okhttp-3.11.0.jar;C:\Users\binti\.m2\repository\com\squareup\okio\okio\1.14.0\okio-1.14.0.jar;C:\Users\binti\.m2\repository\javax\servlet\javax.servlet-api\3.1.0\javax.servlet-api-3.1.0.jar;C:\Users\binti\.m2\repository\org\yaml\snakeyaml\1.19\snakeyaml-1.19.jar;C:\Users\binti\.m2\repository\org\seleniumhq\selenium\selenium-java\3.141.59\selenium-java-3.141.59.jar;C:\Users\binti\.m2\repository\org\seleniumhq\selenium\selenium-api\3.141.59\selenium-api-3.141.59.jar;C:\Users\binti\.m2\repository\org\seleniumhq\selenium\selenium-support\3.141.59\selenium-support-3.141.59.jar;C:\Users\binti\.m2\repository\org\seleniumhq\selenium\selenium-chrome-driver\3.141.59\selenium-chrome-driver-3.141.59.jar;C:\Users\binti\.m2\repository\org\seleniumhq\selenium\selenium-firefox-driver\3.141.59\selenium-firefox-driver-3.141.59.jar;C:\Users\binti\.m2\repository\org\seleniumhq\selenium\selenium-edge-driver\3.141.59\selenium-edge-driver-3.141.59.jar;C:\Users\binti\.m2\repository\org\seleniumhq\selenium\selenium-ie-driver\3.141.59\selenium-ie-driver-3.141.59.jar;C:\Users\binti\.m2\repository\net\sourceforge\htmlunit\htmlunit\2.47.1\htmlunit-2.47.1.jar;C:\Users\binti\.m2\repository\xalan\xalan\2.7.2\xalan-2.7.2.jar;C:\Users\binti\.m2\repository\xalan\serializer\2.7.2\serializer-2.7.2.jar;C:\Users\binti\.m2\repository\net\sourceforge\htmlunit\htmlunit-core-js\2.47.0\htmlunit-core-js-2.47.0.jar;C:\Users\binti\.m2\repository\net\sourceforge\htmlunit\neko-htmlunit\2.47.1\neko-htmlunit-2.47.1.jar;C:\Users\binti\.m2\repository\xerces\xercesImpl\2.12.0\xercesImpl-2.12.0.jar;C:\Users\binti\.m2\repository\xml-apis\xml-apis\1.4.01\xml-apis-1.4.01.jar;C:\Users\binti\.m2\repository\net\sourceforge\htmlunit\htmlunit-cssparser\1.7.0\htmlunit-cssparser-1.7.0.jar;C:\Users\binti\.m2\repository\org\brotli\dec\0.1.2\dec-0.1.2.jar;C:\Users\binti\.m2\repository\com\shapesecurity\salvation2\3.0.0\salvation2-3.0.0.jar;C:\Users\binti\.m2\repository\org\eclipse\jetty\websocket\websocket-client\9.4.36.v20210114\websocket-client-9.4.36.v20210114.jar;C:\Users\binti\.m2\repository\org\eclipse\jetty\jetty-client\9.4.36.v20210114\jetty-client-9.4.36.v20210114.jar;C:\Users\binti\.m2\repository\org\eclipse\jetty\jetty-http\9.4.36.v20210114\jetty-http-9.4.36.v20210114.jar;C:\Users\binti\.m2\repository\org\eclipse\jetty\jetty-util\9.4.36.v20210114\jetty-util-9.4.36.v20210114.jar;C:\Users\binti\.m2\repository\org\eclipse\jetty\jetty-io\9.4.36.v20210114\jetty-io-9.4.36.v20210114.jar;C:\Users\binti\.m2\repository\org\eclipse\jetty\websocket\websocket-common\9.4.36.v20210114\websocket-common-9.4.36.v20210114.jar;C:\Users\binti\.m2\repository\org\eclipse\jetty\websocket\websocket-api\9.4.36.v20210114\websocket-api-9.4.36.v20210114.jar;C:\Users\binti\.m2\repository\org\projectlombok\lombok\1.18.20\lombok-1.18.20.jar;C:\Users\binti\.m2\repository\org\seleniumhq\selenium\htmlunit-driver\2.47.1\htmlunit-driver-2.47.1.jar;C:\Users\binti\.m2\repository\com\codeborne\phantomjsdriver\1.4.4\phantomjsdriver-1.4.4.jar;C:\Users\binti\.m2\repository\io\appium\java-client\7.5.1\java-client-7.5.1.jar;C:\Users\binti\.m2\repository\commons-validator\commons-validator\1.7\commons-validator-1.7.jar;C:\Users\binti\.m2\repository\commons-digester\commons-digester\2.1\commons-digester-2.1.jar;C:\Users\binti\.m2\repository\org\aspectj\aspectjweaver\1.9.6\aspectjweaver-1.9.6.jar;C:\Users\binti\.m2\repository\net\sf\opencsv\opencsv\2.0\opencsv-2.0.jar;C:\Users\binti\.m2\repository\commons-beanutils\commons-beanutils\1.9.4\commons-beanutils-1.9.4.jar;C:\Users\binti\.m2\repository\org\apache\commons\commons-lang3\3.11\commons-lang3-3.11.jar;C:\Users\binti\.m2\repository\commons-collections\commons-collections\3.2.2\commons-collections-3.2.2.jar;C:\Users\binti\.m2\repository\org\fluentlenium\fluentlenium-core\0.10.2\fluentlenium-core-0.10.2.jar;C:\Users\binti\.m2\repository\io\github\bonigarcia\webdrivermanager\4.4.1\webdrivermanager-4.4.1.jar;C:\Users\binti\.m2\repository\org\apache\httpcomponents\client5\httpclient5\5.0.3\httpclient5-5.0.3.jar;C:\Users\binti\.m2\repository\org\apache\httpcomponents\core5\httpcore5\5.0.2\httpcore5-5.0.2.jar;C:\Users\binti\.m2\repository\org\apache\httpcomponents\core5\httpcore5-h2\5.0.2\httpcore5-h2-5.0.2.jar;C:\Users\binti\.m2\repository\org\rauschig\jarchivelib\1.1.0\jarchivelib-1.1.0.jar;C:\Users\binti\.m2\repository\org\apache\commons\commons-compress\1.20\commons-compress-1.20.jar;C:\Users\binti\.m2\repository\com\jhlabs\filters\2.0.235\filters-2.0.235.jar;C:\Users\binti\.m2\repository\com\paulhammant\ngwebdriver\1.1.5\ngwebdriver-1.1.5.jar;C:\Users\binti\.m2\repository\joda-time\joda-time\2.8.2\joda-time-2.8.2.jar;C:\Users\binti\.m2\repository\com\google\jimfs\jimfs\1.1\jimfs-1.1.jar;C:\Users\binti\.m2\repository\org\mockito\mockito-core\3.3.3\mockito-core-3.3.3.jar;C:\Users\binti\.m2\repository\javax\xml\bind\jaxb-api\2.3.1\jaxb-api-2.3.1.jar;C:\Users\binti\.m2\repository\javax\activation\javax.activation-api\1.2.0\javax.activation-api-1.2.0.jar;C:\Users\binti\.m2\repository\com\sun\xml\bind\jaxb-core\2.3.0.1\jaxb-core-2.3.0.1.jar;C:\Users\binti\.m2\repository\com\sun\xml\bind\jaxb-impl\2.3.3\jaxb-impl-2.3.3.jar;C:\Users\binti\.m2\repository\com\sun\activation\jakarta.activation\1.2.2\jakarta.activation-1.2.2.jar;C:\Users\binti\.m2\repository\javax\activation\activation\1.1.1\activation-1.1.1.jar;C:\Users\binti\.m2\repository\net\serenity-bdd\serenity-junit\2.4.51\serenity-junit-2.4.51.jar;C:\Users\binti\.m2\repository\net\serenity-bdd\serenity-rest-assured\2.4.51\serenity-rest-assured-2.4.51.jar;C:\Users\binti\.m2\repository\org\codehaus\groovy\groovy-json\3.0.8\groovy-json-3.0.8.jar;C:\Users\binti\.m2\repository\org\opentest4j\opentest4j\1.2.0\opentest4j-1.2.0.jar;C:\Users\binti\.m2\repository\net\serenity-bdd\serenity-screenplay\2.4.51\serenity-screenplay-2.4.51.jar;C:\Users\binti\.m2\repository\net\serenity-bdd\serenity-screenplay-rest\2.4.51\serenity-screenplay-rest-2.4.51.jar;C:\Users\binti\.m2\repository\net\serenity-bdd\serenity-cucumber6\2.4.51\serenity-cucumber6-2.4.51.jar;C:\Users\binti\.m2\repository\net\serenity-bdd\serenity-screenplay-webdriver\2.4.51\serenity-screenplay-webdriver-2.4.51.jar;C:\Users\binti\.m2\repository\io\cucumber\cucumber-java\6.10.4\cucumber-java-6.10.4.jar;C:\Users\binti\.m2\repository\org\apiguardian\apiguardian-api\1.1.1\apiguardian-api-1.1.1.jar;C:\Users\binti\.m2\repository\io\cucumber\cucumber-junit\6.10.4\cucumber-junit-6.10.4.jar;C:\Users\binti\.m2\repository\io\cucumber\datatable-matchers\3.4.0\datatable-matchers-3.4.0.jar;C:\Users\binti\.m2\repository\io\cucumber\datatable\3.4.0\datatable-3.4.0.jar;C:\Users\binti\.m2\repository\commons-logging\commons-logging\1.2\commons-logging-1.2.jar;C:\Users\binti\.m2\repository\org\apache\commons\commons-csv\1.5\commons-csv-1.5.jar;C:\Users\binti\.m2\repository\io\rest-assured\rest-assured\4.3.2\rest-assured-4.3.2.jar;C:\Users\binti\.m2\repository\org\apache\httpcomponents\httpclient\4.5.3\httpclient-4.5.3.jar;C:\Users\binti\.m2\repository\org\apache\httpcomponents\httpcore\4.4.6\httpcore-4.4.6.jar;C:\Users\binti\.m2\repository\org\apache\httpcomponents\httpmime\4.5.3\httpmime-4.5.3.jar;C:\Users\binti\.m2\repository\org\ccil\cowan\tagsoup\tagsoup\1.2.1\tagsoup-1.2.1.jar;C:\Users\binti\.m2\repository\io\rest-assured\json-path\4.3.3\json-path-4.3.3.jar;C:\Users\binti\.m2\repository\io\rest-assured\rest-assured-common\4.3.3\rest-assured-common-4.3.3.jar;C:\Users\binti\.m2\repository\io\rest-assured\xml-path\4.3.3\xml-path-4.3.3.jar;C:\Users\binti\.m2\repository\jakarta\xml\bind\jakarta.xml.bind-api\2.3.3\jakarta.xml.bind-api-2.3.3.jar;C:\Users\binti\.m2\repository\jakarta\activation\jakarta.activation-api\1.2.2\jakarta.activation-api-1.2.2.jar;C:\Users\binti\.m2\repository\org\codehaus\groovy\groovy\3.0.6\groovy-3.0.6.jar;C:\Users\binti\.m2\repository\org\codehaus\groovy\groovy-xml\3.0.6\groovy-xml-3.0.6.jar;C:\Users\binti\.m2\repository\junit\junit\4.13.1\junit-4.13.1.jar;C:\Users\binti\.m2\repository\org\hamcrest\hamcrest-core\1.3\hamcrest-core-1.3.jar;C:\Users\binti\.m2\repository\org\assertj\assertj-core\3.6.2\assertj-core-3.6.2.jar;C:\Users\binti\.m2\repository\org\hamcrest\hamcrest\2.2\hamcrest-2.2.jar;C:\Users\binti\.m2\repository\io\rest-assured\json-schema-validator\5.3.1\json-schema-validator-5.3.1.jar;C:\Users\binti\.m2\repository\com\github\java-json-tools\json-schema-validator\2.2.14\json-schema-validator-2.2.14.jar;C:\Users\binti\.m2\repository\com\github\java-json-tools\jackson-coreutils-equivalence\1.0\jackson-coreutils-equivalence-1.0.jar;C:\Users\binti\.m2\repository\com\github\java-json-tools\jackson-coreutils\2.0\jackson-coreutils-2.0.jar;C:\Users\binti\.m2\repository\com\github\java-json-tools\msg-simple\1.2\msg-simple-1.2.jar;C:\Users\binti\.m2\repository\com\github\java-json-tools\btf\1.3\btf-1.3.jar;C:\Users\binti\.m2\repository\com\github\java-json-tools\json-schema-core\1.2.14\json-schema-core-1.2.14.jar;C:\Users\binti\.m2\repository\com\github\java-json-tools\uri-template\0.10\uri-template-0.10.jar;C:\Users\binti\.m2\repository\org\mozilla\rhino\1.7.7.2\rhino-1.7.7.2.jar;C:\Users\binti\.m2\repository\com\sun\mail\mailapi\1.6.2\mailapi-1.6.2.jar;C:\Users\binti\.m2\repository\com\googlecode\libphonenumber\libphonenumber\8.11.1\libphonenumber-8.11.1.jar;C:\Users\binti\.m2\repository\com\google\code\findbugs\jsr305\3.0.2\jsr305-3.0.2.jar;C:\Users\binti\.m2\repository\net\sf\jopt-simple\jopt-simple\5.0.4\jopt-simple-5.0.4.jar;C:\Users\binti\.m2\repository\com\google\guava\guava\32.0.1-jre\guava-32.0.1-jre.jar;C:\Users\binti\.m2\repository\com\google\guava\failureaccess\1.0.1\failureaccess-1.0.1.jar;C:\Users\binti\.m2\repository\com\google\guava\listenablefuture\9999.0-empty-to-avoid-conflict-with-guava\listenablefuture-9999.0-empty-to-avoid-conflict-with-guava.jar;C:\Users\binti\.m2\repository\org\checkerframework\checker-qual\3.33.0\checker-qual-3.33.0.jar;C:\Users\binti\.m2\repository\com\google\errorprone\error_prone_annotations\2.18.0\error_prone_annotations-2.18.0.jar;C:\Users\binti\.m2\repository\com\google\j2objc\j2objc-annotations\2.8\j2objc-annotations-2.8.jar;"/>
    <property name="sun.cpu.endian" value="little"/>
    <property name="user.home" value="C:\Users\binti"/>
    <property name="user.language" value="en"/>
    <property name="java.specification.vendor" value="Oracle Corporation"/>
    <property name="java.home" value="C:\Program Files\Java\jdk-1.8\jre"/>
    <property name="basedir" value="D:\AaaalterraAcademy\CAPSTONE PROJECT\AutomationTesting-API-Mentutor"/>
    <property name="file.separator" value="\"/>
    <property name="line.separator" value="&#10;"/>
    <property name="java.vm.specification.vendor" value="Oracle Corporation"/>
    <property name="java.specification.name" value="Java Platform API Specification"/>
    <property name="java.awt.graphicsenv" value="sun.awt.Win32GraphicsEnvironment"/>
    <property name="surefire.real.class.path" value="C:\Users\binti\AppData\Local\Temp\surefire6096434875145061545\surefirebooter3620091127922263696.jar"/>
    <property name="sun.boot.class.path" value="C:\Program Files\Java\jdk-1.8\jre\lib\resources.jar;C:\Program Files\Java\jdk-1.8\jre\lib\rt.jar;C:\Program Files\Java\jdk-1.8\jre\lib\jsse.jar;C:\Program Files\Java\jdk-1.8\jre\lib\jce.jar;C:\Program Files\Java\jdk-1.8\jre\lib\charsets.jar;C:\Program Files\Java\jdk-1.8\jre\lib\jfr.jar;C:\Program Files\Java\jdk-1.8\jre\classes"/>
    <property name="user.script" value=""/>
    <property name="sun.management.compiler" value="HotSpot 64-Bit Tiered Compilers"/>
    <property name="java.runtime.version" value="1.8.0_381-b09"/>
    <property name="user.name" value="NAYLA"/>
    <property name="path.separator" value=";"/>
    <property name="os.version" value="10.0"/>
    <property name="java.endorsed.dirs" value="C:\Program Files\Java\jdk-1.8\jre\lib\endorsed"/>
    <property name="java.runtime.name" value="Java(TM) SE Runtime Environment"/>
    <property name="file.encoding" value="Cp1252"/>
    <property name="webdriver.base.url" value=""/>
    <property name="java.vm.name" value="Java HotSpot(TM) 64-Bit Server VM"/>
    <property name="localRepository" value="C:\Users\binti\.m2\repository"/>
    <property name="java.vendor.url.bug" value="http://bugreport.sun.com/bugreport/"/>
    <property name="java.io.tmpdir" value="C:\Users\binti\AppData\Local\Temp\"/>
    <property name="java.version" value="1.8.0_381"/>
    <property name="user.dir" value="D:\AaaalterraAcademy\CAPSTONE PROJECT\AutomationTesting-API-Mentutor"/>
    <property name="os.arch" value="amd64"/>
    <property name="java.vm.specification.name" value="Java Virtual Machine Specification"/>
    <property name="java.awt.printerjob" value="sun.awt.windows.WPrinterJob"/>
    <property name="sun.os.patch.level" value=""/>
    <property name="java.library.path" value="C:\Program Files\Java\jdk-1.8\jre\bin;C:\WINDOWS\Sun\Java\bin;C:\WINDOWS\system32;C:\WINDOWS;C:\Program Files\Git\mingw64\bin;C:\Program Files\Git\usr\bin;C:\Users\binti\bin;C:\Program Files (x86)\Common Files\Oracle\Java\javapath;C:\Program Files (x86)\Common Files\Intel\Shared Libraries\redist\intel64\compiler;C:\Windows\system32;C:\Windows;C:\Windows\System32\Wbem;C:\Windows\System32\WindowsPowerShell\v1.0;C:\Windows\System32\OpenSSH;C:\Program Files (x86)\NVIDIA Corporation\PhysX\Common;C:\Program Files\NVIDIA Corporation\NVIDIA NvDLISR;C:\WINDOWS\system32;C:\WINDOWS;C:\WINDOWS\System32\Wbem;C:\WINDOWS\System32\WindowsPowerShell\v1.0;C:\WINDOWS\System32\OpenSSH;C:\Program Files\Java\jdk-1.8\bin;C:\Program Files\Git\cmd;C:\Program Files\nodejs;C:\Program Files\Maven\bin;D:\apache-jmeter-5.6.2\bin;C:\Users\binti\AppData\Local\Microsoft\WindowsApps;C:\Program Files\JetBrains\IntelliJ IDEA Community Edition 2023.2\bin;C:\Users\binti\AppData\Roaming\npm;C:\Users\binti\AppData\Local\GitHubDesktop\bin;."/>
    <property name="java.vm.info" value="mixed mode"/>
    <property name="java.vendor" value="Oracle Corporation"/>
    <property name="java.vm.version" value="25.381-b09"/>
    <property name="java.specification.maintenance.version" value="5"/>
    <property name="java.ext.dirs" value="C:\Program Files\Java\jdk-1.8\jre\lib\ext;C:\WINDOWS\Sun\Java\lib\ext"/>
    <property name="sun.io.unicode.encoding" value="UnicodeLittle"/>
    <property name="java.class.version" value="52.0"/>
  </properties>
  <testcase name="Get all task" classname="mentor" time="4.937">
    <failure message="1 expectation failed.&#10;Expected status code &lt;200&gt; but was &lt;201&gt;.&#10;" type="java.lang.AssertionError"><![CDATA[java.lang.AssertionError: 
1 expectation failed.
Expected status code <200> but was <201>.

]]></failure>
    <system-out><![CDATA[20:09:50.496 [pool-2-thread-1] INFO  i.c.core.plugin.SerenityReporter - Running feature from classpath:features/Mentutor/mentor.feature

20:09:50.658 [pool-2-thread-1] INFO   - 

-------------------------------------------------------------------------------------
     _______. _______ .______       _______ .__   __.  __  .___________.____    ____ 
    /       ||   ____||   _  \     |   ____||  \ |  | |  | |           |\   \  /   / 
   |   (----`|  |__   |  |_)  |    |  |__   |   \|  | |  | `---|  |----` \   \/   /  
    \   \    |   __|  |      /     |   __|  |  . `  | |  |     |  |       \_    _/   
.----)   |   |  |____ |  |\  \----.|  |____ |  |\   | |  |     |  |         |  |     
|_______/    |_______|| _| `._____||_______||__| \__| |__|     |__|         |__|    
                                                                                     
 News and tutorials at http://www.serenity-bdd.info                                  
 Documentation at https://wakaleo.gitbooks.io/the-serenity-book/content/             
 Join the Serenity Community on Gitter: https://gitter.im/serenity-bdd/serenity-core 
 Serenity BDD Support and Training at http://serenity-bdd.info/#/trainingandsupport  
-------------------------------------------------------------------------------------


20:09:50.663 [pool-2-thread-1] INFO   - Test Suite Started: Mentor

20:09:55.622 [pool-2-thread-1] ERROR  - 
  _____   ___   ___   _____     ___     _     ___   _      ___   ___  
 |_   _| | __| / __| |_   _|   | __|   /_\   |_ _| | |    | __| |   \ 
   | |   | _|  \__ \   | |     | _|   / _ \   | |  | |__  | _|  | |) |
   |_|   |___| |___/   |_|     |_|   /_/ \_\ |___| |____| |___| |___/ 

Get all task
-----------------------------------------------------------------------

20:09:55.672 [pool-2-thread-1] ERROR  -     Test failed at step: Then response code mentor should be 200

20:09:55.672 [pool-2-thread-1] ERROR  -     1 expectation failed.Expected status code <200> but was <201>.

20:10:00.172 [pool-2-thread-1] ERROR  - 
  _____   ___   ___   _____     ___     _     ___   _      ___   ___  
 |_   _| | __| / __| |_   _|   | __|   /_\   |_ _| | |    | __| |   \ 
   | |   | _|  \__ \   | |     | _|   / _ \   | |  | |__  | _|  | |) |
   |_|   |___| |___/   |_|     |_|   /_/ \_\ |___| |____| |___| |___/ 

Get all task with valid query param
-----------------------------------------------------------------------

20:10:00.172 [pool-2-thread-1] ERROR  -     Test failed at step: Then response code mentor should be 200

20:10:00.172 [pool-2-thread-1] ERROR  -     1 expectation failed.Expected status code <200> but was <201>.

20:10:02.492 [pool-2-thread-1] ERROR  - 
  _____   ___   ___   _____     ___     _     ___   _      ___   ___  
 |_   _| | __| / __| |_   _|   | __|   /_\   |_ _| | |    | __| |   \ 
   | |   | _|  \__ \   | |     | _|   / _ \   | |  | |__  | _|  | |) |
   |_|   |___| |___/   |_|     |_|   /_/ \_\ |___| |____| |___| |___/ 

Get all task with invalid query param
-----------------------------------------------------------------------

20:10:02.493 [pool-2-thread-1] ERROR  -     Test failed at step: Then response code mentor should be 400

20:10:02.493 [pool-2-thread-1] ERROR  -     1 expectation failed.Expected status code <400> but was <201>.

20:10:05.261 [pool-2-thread-1] ERROR  - 
  _____   ___   ___   _____     ___     _     ___   _      ___   ___  
 |_   _| | __| / __| |_   _|   | __|   /_\   |_ _| | |    | __| |   \ 
   | |   | _|  \__ \   | |     | _|   / _ \   | |  | |__  | _|  | |) |
   |_|   |___| |___/   |_|     |_|   /_/ \_\ |___| |____| |___| |___/ 

Get task detail with valid id
-----------------------------------------------------------------------

20:10:05.261 [pool-2-thread-1] ERROR  -     Test failed at step: Then response code mentor should be 200

20:10:05.261 [pool-2-thread-1] ERROR  -     1 expectation failed.Expected status code <200> but was <201>.

20:10:20.440 [pool-2-thread-1] ERROR  - 
  _____   ___   ___   _____     ___     _     ___   _      ___   ___  
 |_   _| | __| / __| |_   _|   | __|   /_\   |_ _| | |    | __| |   \ 
   | |   | _|  \__ \   | |     | _|   / _ \   | |  | |__  | _|  | |) |
   |_|   |___| |___/   |_|     |_|   /_/ \_\ |___| |____| |___| |___/ 

Put update profile mentor without using space on field name
-----------------------------------------------------------------------

20:10:20.441 [pool-2-thread-1] ERROR  -     Test failed at step: Then response code mentor should be 201

20:10:20.441 [pool-2-thread-1] ERROR  -     1 expectation failed.Expected status code <201> but was <400>.

20:10:23.391 [pool-2-thread-1] ERROR  - 
  _____   ___   ___   _____     ___     _     ___   _      ___   ___  
 |_   _| | __| / __| |_   _|   | __|   /_\   |_ _| | |    | __| |   \ 
   | |   | _|  \__ \   | |     | _|   / _ \   | |  | |__  | _|  | |) |
   |_|   |___| |___/   |_|     |_|   /_/ \_\ |___| |____| |___| |___/ 

Put update profile mentor witohut using uppercase on field name
-----------------------------------------------------------------------

20:10:23.391 [pool-2-thread-1] ERROR  -     Test failed at step: Then response code mentor should be 201

20:10:23.391 [pool-2-thread-1] ERROR  -     1 expectation failed.Expected status code <201> but was <400>.

20:10:30.043 [pool-2-thread-1] ERROR  - 
  _____   ___   ___   _____     ___     _     ___   _      ___   ___  
 |_   _| | __| / __| |_   _|   | __|   /_\   |_ _| | |    | __| |   \ 
   | |   | _|  \__ \   | |     | _|   / _ \   | |  | |__  | _|  | |) |
   |_|   |___| |___/   |_|     |_|   /_/ \_\ |___| |____| |___| |___/ 

Put update profile mentor without input name,email,password
-----------------------------------------------------------------------

20:10:30.043 [pool-2-thread-1] ERROR  -     Test failed at step: Then response code mentor should be 400

20:10:30.043 [pool-2-thread-1] ERROR  -     1 expectation failed.Expected status code <400> but was <201>.

20:10:44.447 [pool-2-thread-1] ERROR  - 
  _____   ___   ___   _____     ___     _     ___   _      ___   ___  
 |_   _| | __| / __| |_   _|   | __|   /_\   |_ _| | |    | __| |   \ 
   | |   | _|  \__ \   | |     | _|   / _ \   | |  | |__  | _|  | |) |
   |_|   |___| |___/   |_|     |_|   /_/ \_\ |___| |____| |___| |___/ 

Put update task with valid id and invalid due date
-----------------------------------------------------------------------

20:10:44.447 [pool-2-thread-1] ERROR  -     Test failed at step: Then response code mentor should be 400

20:10:44.447 [pool-2-thread-1] ERROR  -     1 expectation failed.Expected status code <400> but was <201>.

20:10:48.600 [pool-2-thread-1] ERROR  - 
  _____   ___   ___   _____     ___     _     ___   _      ___   ___  
 |_   _| | __| / __| |_   _|   | __|   /_\   |_ _| | |    | __| |   \ 
   | |   | _|  \__ \   | |     | _|   / _ \   | |  | |__  | _|  | |) |
   |_|   |___| |___/   |_|     |_|   /_/ \_\ |___| |____| |___| |___/ 

Put update task with valid id and invalid due date
-----------------------------------------------------------------------

20:10:48.600 [pool-2-thread-1] ERROR  -     Test failed at step: Then response code mentor should be 400

20:10:48.600 [pool-2-thread-1] ERROR  -     1 expectation failed.Expected status code <400> but was <201>.

20:11:39.000 [pool-2-thread-1] ERROR  - 
  _____   ___   ___   _____     ___     _     ___   _      ___   ___  
 |_   _| | __| / __| |_   _|   | __|   /_\   |_ _| | |    | __| |   \ 
   | |   | _|  \__ \   | |     | _|   / _ \   | |  | |__  | _|  | |) |
   |_|   |___| |___/   |_|     |_|   /_/ \_\ |___| |____| |___| |___/ 

Post with valid id and using integer on comment
-----------------------------------------------------------------------

20:11:39.001 [pool-2-thread-1] ERROR  -     Test failed at step: Then response code mentor should be 201

20:11:39.001 [pool-2-thread-1] ERROR  -     1 expectation failed.Expected status code <201> but was <400>.

20:11:56.069 [pool-2-thread-1] ERROR  - 
  _____   ___   ___   _____     ___     _     ___   _      ___   ___  
 |_   _| | __| / __| |_   _|   | __|   /_\   |_ _| | |    | __| |   \ 
   | |   | _|  \__ \   | |     | _|   / _ \   | |  | |__  | _|  | |) |
   |_|   |___| |___/   |_|     |_|   /_/ \_\ |___| |____| |___| |___/ 

Delete task with valid id
-----------------------------------------------------------------------

20:11:56.069 [pool-2-thread-1] ERROR  -     Test failed at step: Then response code mentor should be 200

20:11:56.070 [pool-2-thread-1] ERROR  -     1 expectation failed.Expected status code <200> but was <201>.



&amp#27;[31mFailed scenarios:&amp#27;[0m


classpath:features/Mentutor/mentor.feature:11 # Get all task


classpath:features/Mentutor/mentor.feature:17 # Get all task with valid query param


classpath:features/Mentutor/mentor.feature:22 # Get all task with invalid query param


classpath:features/Mentutor/mentor.feature:33 # Get task detail with valid id


classpath:features/Mentutor/mentor.feature:73 # Put update profile mentor without using space on field name


classpath:features/Mentutor/mentor.feature:80 # Put update profile mentor witohut using uppercase on field name


classpath:features/Mentutor/mentor.feature:94 # Put update profile mentor without input name,email,password


classpath:features/Mentutor/mentor.feature:134 # Put update task with valid id and invalid due date


classpath:features/Mentutor/mentor.feature:135 # Put update task with valid id and invalid due date


classpath:features/Mentutor/mentor.feature:241 # Post with valid id and using integer on comment


classpath:features/Mentutor/mentor.feature:286 # Delete task with valid id




42
 Scenarios (
&amp#27;[31m11 failed&amp#27;[0m
, 
&amp#27;[32m31 passed&amp#27;[0m
)


204
 Steps (
&amp#27;[31m11 failed&amp#27;[0m
, 
&amp#27;[36m17 skipped&amp#27;[0m
, 
&amp#27;[32m176 passed&amp#27;[0m
)


2m
17.305s






java.lang.AssertionError: 1 expectation failed.
Expected status code <200> but was <201>.



	at sun.reflect.NativeConstructorAccessorImpl.newInstance0(Native Method)


	at sun.reflect.NativeConstructorAccessorImpl.newInstance(NativeConstructorAccessorImpl.java:62)


	at sun.reflect.DelegatingConstructorAccessorImpl.newInstance(DelegatingConstructorAccessorImpl.java:45)


	at java.lang.reflect.Constructor.newInstance(Constructor.java:423)


	at org.codehaus.groovy.reflection.CachedConstructor.invoke(CachedConstructor.java:72)


	at org.codehaus.groovy.reflection.CachedConstructor.doConstructorInvoke(CachedConstructor.java:59)


	at org.codehaus.groovy.runtime.callsite.ConstructorSite$ConstructorSiteNoUnwrap.callConstructor(ConstructorSite.java:84)


	at org.codehaus.groovy.runtime.callsite.CallSiteArray.defaultCallConstructor(CallSiteArray.java:59)


	at org.codehaus.groovy.runtime.callsite.AbstractCallSite.callConstructor(AbstractCallSite.java:263)


	at org.codehaus.groovy.runtime.callsite.AbstractCallSite.callConstructor(AbstractCallSite.java:277)


	at io.restassured.internal.ResponseSpecificationImpl$HamcrestAssertionClosure.validate(ResponseSpecificationImpl.groovy:493)


	at io.restassured.internal.ResponseSpecificationImpl$HamcrestAssertionClosure$validate$1.call(Unknown Source)


	at io.restassured.internal.ResponseSpecificationImpl.validateResponseIfRequired(ResponseSpecificationImpl.groovy:674)


	at sun.reflect.NativeMethodAccessorImpl.invoke0(Native Method)


	at sun.reflect.NativeMethodAccessorImpl.invoke(NativeMethodAccessorImpl.java:62)


	at sun.reflect.DelegatingMethodAccessorImpl.invoke(DelegatingMethodAccessorImpl.java:43)


	at java.lang.reflect.Method.invoke(Method.java:498)


	at org.codehaus.groovy.runtime.callsite.PlainObjectMetaMethodSite.doInvoke(PlainObjectMetaMethodSite.java:43)


	at org.codehaus.groovy.runtime.callsite.PogoMetaMethodSite$PogoCachedMethodSiteNoUnwrapNoCoerce.invoke(PogoMetaMethodSite.java:193)


	at org.codehaus.groovy.runtime.callsite.PogoMetaMethodSite.callCurrent(PogoMetaMethodSite.java:61)


	at org.codehaus.groovy.runtime.callsite.CallSiteArray.defaultCallCurrent(CallSiteArray.java:51)


	at org.codehaus.groovy.runtime.callsite.AbstractCallSite.callCurrent(AbstractCallSite.java:171)


	at org.codehaus.groovy.runtime.callsite.AbstractCallSite.callCurrent(AbstractCallSite.java:185)


	at io.restassured.internal.ResponseSpecificationImpl.statusCode(ResponseSpecificationImpl.groovy:126)


	at io.restassured.specification.ResponseSpecification$statusCode$0.callCurrent(Unknown Source)


	at org.codehaus.groovy.runtime.callsite.CallSiteArray.defaultCallCurrent(CallSiteArray.java:51)


	at org.codehaus.groovy.runtime.callsite.AbstractCallSite.callCurrent(AbstractCallSite.java:171)


	at org.codehaus.groovy.runtime.callsite.AbstractCallSite.callCurrent(AbstractCallSite.java:185)


	at io.restassured.internal.ResponseSpecificationImpl.statusCode(ResponseSpecificationImpl.groovy:134)


	at io.restassured.internal.ValidatableResponseOptionsImpl.statusCode(ValidatableResponseOptionsImpl.java:89)


	at io.restassured.internal.ValidatableResponseImpl.super$2$statusCode(ValidatableResponseImpl.groovy)


	at sun.reflect.NativeMethodAccessorImpl.invoke0(Native Method)


	at sun.reflect.NativeMethodAccessorImpl.invoke(NativeMethodAccessorImpl.java:62)


	at sun.reflect.DelegatingMethodAccessorImpl.invoke(DelegatingMethodAccessorImpl.java:43)


	at java.lang.reflect.Method.invoke(Method.java:498)


	at org.codehaus.groovy.reflection.CachedMethod.invoke(CachedMethod.java:107)


	at groovy.lang.MetaMethod.doMethodInvoke(MetaMethod.java:323)


	at groovy.lang.MetaClassImpl.invokeMethod(MetaClassImpl.java:1267)


	at org.codehaus.groovy.runtime.ScriptBytecodeAdapter.invokeMethodOnSuperN(ScriptBytecodeAdapter.java:144)


	at io.restassured.internal.ValidatableResponseImpl.statusCode(ValidatableResponseImpl.groovy:142)


	at io.restassured.internal.ValidatableResponseImpl.statusCode(ValidatableResponseImpl.groovy)


	at stepdef.MentorStepDef.responseCodeMentorShouldBe(MentorStepDef.java:185)


	at ?.response code mentor should be 200(classpath:features/Mentutor/mentor.feature:14)




java.lang.AssertionError: 1 expectation failed.
Expected status code <200> but was <201>.



	at sun.reflect.NativeConstructorAccessorImpl.newInstance0(Native Method)


	at sun.reflect.NativeConstructorAccessorImpl.newInstance(NativeConstructorAccessorImpl.java:62)


	at sun.reflect.DelegatingConstructorAccessorImpl.newInstance(DelegatingConstructorAccessorImpl.java:45)


	at java.lang.reflect.Constructor.newInstance(Constructor.java:423)


	at org.codehaus.groovy.reflection.CachedConstructor.invoke(CachedConstructor.java:72)


	at org.codehaus.groovy.reflection.CachedConstructor.doConstructorInvoke(CachedConstructor.java:59)


	at org.codehaus.groovy.runtime.callsite.ConstructorSite$ConstructorSiteNoUnwrap.callConstructor(ConstructorSite.java:84)


	at org.codehaus.groovy.runtime.callsite.AbstractCallSite.callConstructor(AbstractCallSite.java:277)


	at io.restassured.internal.ResponseSpecificationImpl$HamcrestAssertionClosure.validate(ResponseSpecificationImpl.groovy:493)


	at io.restassured.internal.ResponseSpecificationImpl$HamcrestAssertionClosure$validate$1.call(Unknown Source)


	at io.restassured.internal.ResponseSpecificationImpl.validateResponseIfRequired(ResponseSpecificationImpl.groovy:674)


	at sun.reflect.NativeMethodAccessorImpl.invoke0(Native Method)


	at sun.reflect.NativeMethodAccessorImpl.invoke(NativeMethodAccessorImpl.java:62)


	at sun.reflect.DelegatingMethodAccessorImpl.invoke(DelegatingMethodAccessorImpl.java:43)


	at java.lang.reflect.Method.invoke(Method.java:498)


	at org.codehaus.groovy.runtime.callsite.PlainObjectMetaMethodSite.doInvoke(PlainObjectMetaMethodSite.java:43)


	at org.codehaus.groovy.runtime.callsite.PogoMetaMethodSite$PogoCachedMethodSiteNoUnwrapNoCoerce.invoke(PogoMetaMethodSite.java:193)


	at org.codehaus.groovy.runtime.callsite.PogoMetaMethodSite.callCurrent(PogoMetaMethodSite.java:61)


	at org.codehaus.groovy.runtime.callsite.AbstractCallSite.callCurrent(AbstractCallSite.java:185)


	at io.restassured.internal.ResponseSpecificationImpl.statusCode(ResponseSpecificationImpl.groovy:126)


	at io.restassured.specification.ResponseSpecification$statusCode$0.callCurrent(Unknown Source)


	at io.restassured.internal.ResponseSpecificationImpl.statusCode(ResponseSpecificationImpl.groovy:134)


	at io.restassured.internal.ValidatableResponseOptionsImpl.statusCode(ValidatableResponseOptionsImpl.java:89)


	at io.restassured.internal.ValidatableResponseImpl.super$2$statusCode(ValidatableResponseImpl.groovy)


	at sun.reflect.NativeMethodAccessorImpl.invoke0(Native Method)


	at sun.reflect.NativeMethodAccessorImpl.invoke(NativeMethodAccessorImpl.java:62)


	at sun.reflect.DelegatingMethodAccessorImpl.invoke(DelegatingMethodAccessorImpl.java:43)


	at java.lang.reflect.Method.invoke(Method.java:498)


	at org.codehaus.groovy.reflection.CachedMethod.invoke(CachedMethod.java:107)


	at groovy.lang.MetaMethod.doMethodInvoke(MetaMethod.java:323)


	at groovy.lang.MetaClassImpl.invokeMethod(MetaClassImpl.java:1267)


	at org.codehaus.groovy.runtime.ScriptBytecodeAdapter.invokeMethodOnSuperN(ScriptBytecodeAdapter.java:144)


	at io.restassured.internal.ValidatableResponseImpl.statusCode(ValidatableResponseImpl.groovy:142)


	at io.restassured.internal.ValidatableResponseImpl.statusCode(ValidatableResponseImpl.groovy)


	at stepdef.MentorStepDef.responseCodeMentorShouldBe(MentorStepDef.java:185)


	at ?.response code mentor should be 200(classpath:features/Mentutor/mentor.feature:20)




java.lang.AssertionError: 1 expectation failed.
Expected status code <400> but was <201>.



	at sun.reflect.NativeConstructorAccessorImpl.newInstance0(Native Method)


	at sun.reflect.NativeConstructorAccessorImpl.newInstance(NativeConstructorAccessorImpl.java:62)


	at sun.reflect.DelegatingConstructorAccessorImpl.newInstance(DelegatingConstructorAccessorImpl.java:45)


	at java.lang.reflect.Constructor.newInstance(Constructor.java:423)


	at org.codehaus.groovy.reflection.CachedConstructor.invoke(CachedConstructor.java:72)


	at org.codehaus.groovy.reflection.CachedConstructor.doConstructorInvoke(CachedConstructor.java:59)


	at org.codehaus.groovy.runtime.callsite.ConstructorSite$ConstructorSiteNoUnwrap.callConstructor(ConstructorSite.java:84)


	at org.codehaus.groovy.runtime.callsite.AbstractCallSite.callConstructor(AbstractCallSite.java:277)


	at io.restassured.internal.ResponseSpecificationImpl$HamcrestAssertionClosure.validate(ResponseSpecificationImpl.groovy:493)


	at io.restassured.internal.ResponseSpecificationImpl$HamcrestAssertionClosure$validate$1.call(Unknown Source)


	at io.restassured.internal.ResponseSpecificationImpl.validateResponseIfRequired(ResponseSpecificationImpl.groovy:674)


	at sun.reflect.NativeMethodAccessorImpl.invoke0(Native Method)


	at sun.reflect.NativeMethodAccessorImpl.invoke(NativeMethodAccessorImpl.java:62)


	at sun.reflect.DelegatingMethodAccessorImpl.invoke(DelegatingMethodAccessorImpl.java:43)


	at java.lang.reflect.Method.invoke(Method.java:498)


	at org.codehaus.groovy.runtime.callsite.PlainObjectMetaMethodSite.doInvoke(PlainObjectMetaMethodSite.java:43)


	at org.codehaus.groovy.runtime.callsite.PogoMetaMethodSite$PogoCachedMethodSiteNoUnwrapNoCoerce.invoke(PogoMetaMethodSite.java:193)


	at org.codehaus.groovy.runtime.callsite.PogoMetaMethodSite.callCurrent(PogoMetaMethodSite.java:61)


	at org.codehaus.groovy.runtime.callsite.AbstractCallSite.callCurrent(AbstractCallSite.java:185)


	at io.restassured.internal.ResponseSpecificationImpl.statusCode(ResponseSpecificationImpl.groovy:126)


	at io.restassured.specification.ResponseSpecification$statusCode$0.callCurrent(Unknown Source)


	at io.restassured.internal.ResponseSpecificationImpl.statusCode(ResponseSpecificationImpl.groovy:134)


	at io.restassured.internal.ValidatableResponseOptionsImpl.statusCode(ValidatableResponseOptionsImpl.java:89)


	at io.restassured.internal.ValidatableResponseImpl.super$2$statusCode(ValidatableResponseImpl.groovy)


	at sun.reflect.NativeMethodAccessorImpl.invoke0(Native Method)


	at sun.reflect.NativeMethodAccessorImpl.invoke(NativeMethodAccessorImpl.java:62)


	at sun.reflect.DelegatingMethodAccessorImpl.invoke(DelegatingMethodAccessorImpl.java:43)


	at java.lang.reflect.Method.invoke(Method.java:498)


	at org.codehaus.groovy.reflection.CachedMethod.invoke(CachedMethod.java:107)


	at groovy.lang.MetaMethod.doMethodInvoke(MetaMethod.java:323)


	at groovy.lang.MetaClassImpl.invokeMethod(MetaClassImpl.java:1267)


	at org.codehaus.groovy.runtime.ScriptBytecodeAdapter.invokeMethodOnSuperN(ScriptBytecodeAdapter.java:144)


	at io.restassured.internal.ValidatableResponseImpl.statusCode(ValidatableResponseImpl.groovy:142)


	at io.restassured.internal.ValidatableResponseImpl.statusCode(ValidatableResponseImpl.groovy)


	at stepdef.MentorStepDef.responseCodeMentorShouldBe(MentorStepDef.java:185)


	at ?.response code mentor should be 400(classpath:features/Mentutor/mentor.feature:25)




java.lang.AssertionError: 1 expectation failed.
Expected status code <200> but was <201>.



	at sun.reflect.NativeConstructorAccessorImpl.newInstance0(Native Method)


	at sun.reflect.NativeConstructorAccessorImpl.newInstance(NativeConstructorAccessorImpl.java:62)


	at sun.reflect.DelegatingConstructorAccessorImpl.newInstance(DelegatingConstructorAccessorImpl.java:45)


	at java.lang.reflect.Constructor.newInstance(Constructor.java:423)


	at org.codehaus.groovy.reflection.CachedConstructor.invoke(CachedConstructor.java:72)


	at org.codehaus.groovy.reflection.CachedConstructor.doConstructorInvoke(CachedConstructor.java:59)


	at org.codehaus.groovy.runtime.callsite.ConstructorSite$ConstructorSiteNoUnwrap.callConstructor(ConstructorSite.java:84)


	at org.codehaus.groovy.runtime.callsite.AbstractCallSite.callConstructor(AbstractCallSite.java:277)


	at io.restassured.internal.ResponseSpecificationImpl$HamcrestAssertionClosure.validate(ResponseSpecificationImpl.groovy:493)


	at io.restassured.internal.ResponseSpecificationImpl$HamcrestAssertionClosure$validate$1.call(Unknown Source)


	at io.restassured.internal.ResponseSpecificationImpl.validateResponseIfRequired(ResponseSpecificationImpl.groovy:674)


	at sun.reflect.NativeMethodAccessorImpl.invoke0(Native Method)


	at sun.reflect.NativeMethodAccessorImpl.invoke(NativeMethodAccessorImpl.java:62)


	at sun.reflect.DelegatingMethodAccessorImpl.invoke(DelegatingMethodAccessorImpl.java:43)


	at java.lang.reflect.Method.invoke(Method.java:498)


	at org.codehaus.groovy.runtime.callsite.PlainObjectMetaMethodSite.doInvoke(PlainObjectMetaMethodSite.java:43)


	at org.codehaus.groovy.runtime.callsite.PogoMetaMethodSite$PogoCachedMethodSiteNoUnwrapNoCoerce.invoke(PogoMetaMethodSite.java:193)


	at org.codehaus.groovy.runtime.callsite.PogoMetaMethodSite.callCurrent(PogoMetaMethodSite.java:61)


	at org.codehaus.groovy.runtime.callsite.AbstractCallSite.callCurrent(AbstractCallSite.java:185)


	at io.restassured.internal.ResponseSpecificationImpl.statusCode(ResponseSpecificationImpl.groovy:126)


	at io.restassured.specification.ResponseSpecification$statusCode$0.callCurrent(Unknown Source)


	at io.restassured.internal.ResponseSpecificationImpl.statusCode(ResponseSpecificationImpl.groovy:134)


	at io.restassured.internal.ValidatableResponseOptionsImpl.statusCode(ValidatableResponseOptionsImpl.java:89)


	at io.restassured.internal.ValidatableResponseImpl.super$2$statusCode(ValidatableResponseImpl.groovy)


	at sun.reflect.NativeMethodAccessorImpl.invoke0(Native Method)


	at sun.reflect.NativeMethodAccessorImpl.invoke(NativeMethodAccessorImpl.java:62)


	at sun.reflect.DelegatingMethodAccessorImpl.invoke(DelegatingMethodAccessorImpl.java:43)


	at java.lang.reflect.Method.invoke(Method.java:498)


	at org.codehaus.groovy.reflection.CachedMethod.invoke(CachedMethod.java:107)


	at groovy.lang.MetaMethod.doMethodInvoke(MetaMethod.java:323)


	at groovy.lang.MetaClassImpl.invokeMethod(MetaClassImpl.java:1267)


	at org.codehaus.groovy.runtime.ScriptBytecodeAdapter.invokeMethodOnSuperN(ScriptBytecodeAdapter.java:144)


	at io.restassured.internal.ValidatableResponseImpl.statusCode(ValidatableResponseImpl.groovy:142)


	at io.restassured.internal.ValidatableResponseImpl.statusCode(ValidatableResponseImpl.groovy)


	at stepdef.MentorStepDef.responseCodeMentorShouldBe(MentorStepDef.java:185)


	at ?.response code mentor should be 200(classpath:features/Mentutor/mentor.feature:36)




java.lang.AssertionError: 1 expectation failed.
Expected status code <201> but was <400>.



	at sun.reflect.NativeConstructorAccessorImpl.newInstance0(Native Method)


	at sun.reflect.NativeConstructorAccessorImpl.newInstance(NativeConstructorAccessorImpl.java:62)


	at sun.reflect.DelegatingConstructorAccessorImpl.newInstance(DelegatingConstructorAccessorImpl.java:45)


	at java.lang.reflect.Constructor.newInstance(Constructor.java:423)


	at org.codehaus.groovy.reflection.CachedConstructor.invoke(CachedConstructor.java:72)


	at org.codehaus.groovy.reflection.CachedConstructor.doConstructorInvoke(CachedConstructor.java:59)


	at org.codehaus.groovy.runtime.callsite.ConstructorSite$ConstructorSiteNoUnwrap.callConstructor(ConstructorSite.java:84)


	at org.codehaus.groovy.runtime.callsite.AbstractCallSite.callConstructor(AbstractCallSite.java:277)


	at io.restassured.internal.ResponseSpecificationImpl$HamcrestAssertionClosure.validate(ResponseSpecificationImpl.groovy:493)


	at io.restassured.internal.ResponseSpecificationImpl$HamcrestAssertionClosure$validate$1.call(Unknown Source)


	at io.restassured.internal.ResponseSpecificationImpl.validateResponseIfRequired(ResponseSpecificationImpl.groovy:674)


	at sun.reflect.GeneratedMethodAccessor89.invoke(Unknown Source)


	at sun.reflect.DelegatingMethodAccessorImpl.invoke(DelegatingMethodAccessorImpl.java:43)


	at java.lang.reflect.Method.invoke(Method.java:498)


	at org.codehaus.groovy.runtime.callsite.PlainObjectMetaMethodSite.doInvoke(PlainObjectMetaMethodSite.java:43)


	at org.codehaus.groovy.runtime.callsite.PogoMetaMethodSite$PogoCachedMethodSiteNoUnwrapNoCoerce.invoke(PogoMetaMethodSite.java:193)


	at org.codehaus.groovy.runtime.callsite.PogoMetaMethodSite.callCurrent(PogoMetaMethodSite.java:61)


	at org.codehaus.groovy.runtime.callsite.AbstractCallSite.callCurrent(AbstractCallSite.java:185)


	at io.restassured.internal.ResponseSpecificationImpl.statusCode(ResponseSpecificationImpl.groovy:126)


	at io.restassured.specification.ResponseSpecification$statusCode$0.callCurrent(Unknown Source)


	at io.restassured.internal.ResponseSpecificationImpl.statusCode(ResponseSpecificationImpl.groovy:134)


	at io.restassured.internal.ValidatableResponseOptionsImpl.statusCode(ValidatableResponseOptionsImpl.java:89)


	at io.restassured.internal.ValidatableResponseImpl.super$2$statusCode(ValidatableResponseImpl.groovy)


	at sun.reflect.NativeMethodAccessorImpl.invoke0(Native Method)


	at sun.reflect.NativeMethodAccessorImpl.invoke(NativeMethodAccessorImpl.java:62)


	at sun.reflect.DelegatingMethodAccessorImpl.invoke(DelegatingMethodAccessorImpl.java:43)


	at java.lang.reflect.Method.invoke(Method.java:498)


	at org.codehaus.groovy.reflection.CachedMethod.invoke(CachedMethod.java:107)


	at groovy.lang.MetaMethod.doMethodInvoke(MetaMethod.java:323)


	at groovy.lang.MetaClassImpl.invokeMethod(MetaClassImpl.java:1267)


	at org.codehaus.groovy.runtime.ScriptBytecodeAdapter.invokeMethodOnSuperN(ScriptBytecodeAdapter.java:144)


	at io.restassured.internal.ValidatableResponseImpl.statusCode(ValidatableResponseImpl.groovy:142)


	at io.restassured.internal.ValidatableResponseImpl.statusCode(ValidatableResponseImpl.groovy)


	at stepdef.MentorStepDef.responseCodeMentorShouldBe(MentorStepDef.java:185)


	at ?.response code mentor should be 201(classpath:features/Mentutor/mentor.feature:76)




java.lang.AssertionError: 1 expectation failed.
Expected status code <201> but was <400>.



	at sun.reflect.NativeConstructorAccessorImpl.newInstance0(Native Method)


	at sun.reflect.NativeConstructorAccessorImpl.newInstance(NativeConstructorAccessorImpl.java:62)


	at sun.reflect.DelegatingConstructorAccessorImpl.newInstance(DelegatingConstructorAccessorImpl.java:45)


	at java.lang.reflect.Constructor.newInstance(Constructor.java:423)


	at org.codehaus.groovy.reflection.CachedConstructor.invoke(CachedConstructor.java:72)


	at org.codehaus.groovy.reflection.CachedConstructor.doConstructorInvoke(CachedConstructor.java:59)


	at org.codehaus.groovy.runtime.callsite.ConstructorSite$ConstructorSiteNoUnwrap.callConstructor(ConstructorSite.java:84)


	at org.codehaus.groovy.runtime.callsite.AbstractCallSite.callConstructor(AbstractCallSite.java:277)


	at io.restassured.internal.ResponseSpecificationImpl$HamcrestAssertionClosure.validate(ResponseSpecificationImpl.groovy:493)


	at io.restassured.internal.ResponseSpecificationImpl$HamcrestAssertionClosure$validate$1.call(Unknown Source)


	at io.restassured.internal.ResponseSpecificationImpl.validateResponseIfRequired(ResponseSpecificationImpl.groovy:674)


	at sun.reflect.GeneratedMethodAccessor89.invoke(Unknown Source)


	at sun.reflect.DelegatingMethodAccessorImpl.invoke(DelegatingMethodAccessorImpl.java:43)


	at java.lang.reflect.Method.invoke(Method.java:498)


	at org.codehaus.groovy.runtime.callsite.PlainObjectMetaMethodSite.doInvoke(PlainObjectMetaMethodSite.java:43)


	at org.codehaus.groovy.runtime.callsite.PogoMetaMethodSite$PogoCachedMethodSiteNoUnwrapNoCoerce.invoke(PogoMetaMethodSite.java:193)


	at org.codehaus.groovy.runtime.callsite.PogoMetaMethodSite.callCurrent(PogoMetaMethodSite.java:61)


	at org.codehaus.groovy.runtime.callsite.AbstractCallSite.callCurrent(AbstractCallSite.java:185)


	at io.restassured.internal.ResponseSpecificationImpl.statusCode(ResponseSpecificationImpl.groovy:126)


	at io.restassured.specification.ResponseSpecification$statusCode$0.callCurrent(Unknown Source)


	at io.restassured.internal.ResponseSpecificationImpl.statusCode(ResponseSpecificationImpl.groovy:134)


	at io.restassured.internal.ValidatableResponseOptionsImpl.statusCode(ValidatableResponseOptionsImpl.java:89)


	at io.restassured.internal.ValidatableResponseImpl.super$2$statusCode(ValidatableResponseImpl.groovy)


	at sun.reflect.NativeMethodAccessorImpl.invoke0(Native Method)


	at sun.reflect.NativeMethodAccessorImpl.invoke(NativeMethodAccessorImpl.java:62)


	at sun.reflect.DelegatingMethodAccessorImpl.invoke(DelegatingMethodAccessorImpl.java:43)


	at java.lang.reflect.Method.invoke(Method.java:498)


	at org.codehaus.groovy.reflection.CachedMethod.invoke(CachedMethod.java:107)


	at groovy.lang.MetaMethod.doMethodInvoke(MetaMethod.java:323)


	at groovy.lang.MetaClassImpl.invokeMethod(MetaClassImpl.java:1267)


	at org.codehaus.groovy.runtime.ScriptBytecodeAdapter.invokeMethodOnSuperN(ScriptBytecodeAdapter.java:144)


	at io.restassured.internal.ValidatableResponseImpl.statusCode(ValidatableResponseImpl.groovy:142)


	at io.restassured.internal.ValidatableResponseImpl.statusCode(ValidatableResponseImpl.groovy)


	at stepdef.MentorStepDef.responseCodeMentorShouldBe(MentorStepDef.java:185)


	at ?.response code mentor should be 201(classpath:features/Mentutor/mentor.feature:83)




java.lang.AssertionError: 1 expectation failed.
Expected status code <400> but was <201>.



	at sun.reflect.NativeConstructorAccessorImpl.newInstance0(Native Method)


	at sun.reflect.NativeConstructorAccessorImpl.newInstance(NativeConstructorAccessorImpl.java:62)


	at sun.reflect.DelegatingConstructorAccessorImpl.newInstance(DelegatingConstructorAccessorImpl.java:45)


	at java.lang.reflect.Constructor.newInstance(Constructor.java:423)


	at org.codehaus.groovy.reflection.CachedConstructor.invoke(CachedConstructor.java:72)


	at org.codehaus.groovy.reflection.CachedConstructor.doConstructorInvoke(CachedConstructor.java:59)


	at org.codehaus.groovy.runtime.callsite.ConstructorSite$ConstructorSiteNoUnwrap.callConstructor(ConstructorSite.java:84)


	at org.codehaus.groovy.runtime.callsite.AbstractCallSite.callConstructor(AbstractCallSite.java:277)


	at io.restassured.internal.ResponseSpecificationImpl$HamcrestAssertionClosure.validate(ResponseSpecificationImpl.groovy:493)


	at io.restassured.internal.ResponseSpecificationImpl$HamcrestAssertionClosure$validate$1.call(Unknown Source)


	at io.restassured.internal.ResponseSpecificationImpl.validateResponseIfRequired(ResponseSpecificationImpl.groovy:674)


	at sun.reflect.GeneratedMethodAccessor89.invoke(Unknown Source)


	at sun.reflect.DelegatingMethodAccessorImpl.invoke(DelegatingMethodAccessorImpl.java:43)


	at java.lang.reflect.Method.invoke(Method.java:498)


	at org.codehaus.groovy.runtime.callsite.PlainObjectMetaMethodSite.doInvoke(PlainObjectMetaMethodSite.java:43)


	at org.codehaus.groovy.runtime.callsite.PogoMetaMethodSite$PogoCachedMethodSiteNoUnwrapNoCoerce.invoke(PogoMetaMethodSite.java:193)


	at org.codehaus.groovy.runtime.callsite.PogoMetaMethodSite.callCurrent(PogoMetaMethodSite.java:61)


	at org.codehaus.groovy.runtime.callsite.AbstractCallSite.callCurrent(AbstractCallSite.java:185)


	at io.restassured.internal.ResponseSpecificationImpl.statusCode(ResponseSpecificationImpl.groovy:126)


	at io.restassured.specification.ResponseSpecification$statusCode$0.callCurrent(Unknown Source)


	at io.restassured.internal.ResponseSpecificationImpl.statusCode(ResponseSpecificationImpl.groovy:134)


	at io.restassured.internal.ValidatableResponseOptionsImpl.statusCode(ValidatableResponseOptionsImpl.java:89)


	at io.restassured.internal.ValidatableResponseImpl.super$2$statusCode(ValidatableResponseImpl.groovy)


	at sun.reflect.NativeMethodAccessorImpl.invoke0(Native Method)


	at sun.reflect.NativeMethodAccessorImpl.invoke(NativeMethodAccessorImpl.java:62)


	at sun.reflect.DelegatingMethodAccessorImpl.invoke(DelegatingMethodAccessorImpl.java:43)


	at java.lang.reflect.Method.invoke(Method.java:498)


	at org.codehaus.groovy.reflection.CachedMethod.invoke(CachedMethod.java:107)


	at groovy.lang.MetaMethod.doMethodInvoke(MetaMethod.java:323)


	at groovy.lang.MetaClassImpl.invokeMethod(MetaClassImpl.java:1267)


	at org.codehaus.groovy.runtime.ScriptBytecodeAdapter.invokeMethodOnSuperN(ScriptBytecodeAdapter.java:144)


	at io.restassured.internal.ValidatableResponseImpl.statusCode(ValidatableResponseImpl.groovy:142)


	at io.restassured.internal.ValidatableResponseImpl.statusCode(ValidatableResponseImpl.groovy)


	at stepdef.MentorStepDef.responseCodeMentorShouldBe(MentorStepDef.java:185)


	at ?.response code mentor should be 400(classpath:features/Mentutor/mentor.feature:97)




java.lang.AssertionError: 1 expectation failed.
Expected status code <400> but was <201>.



	at sun.reflect.NativeConstructorAccessorImpl.newInstance0(Native Method)


	at sun.reflect.NativeConstructorAccessorImpl.newInstance(NativeConstructorAccessorImpl.java:62)


	at sun.reflect.DelegatingConstructorAccessorImpl.newInstance(DelegatingConstructorAccessorImpl.java:45)


	at java.lang.reflect.Constructor.newInstance(Constructor.java:423)


	at org.codehaus.groovy.reflection.CachedConstructor.invoke(CachedConstructor.java:72)


	at org.codehaus.groovy.reflection.CachedConstructor.doConstructorInvoke(CachedConstructor.java:59)


	at org.codehaus.groovy.runtime.callsite.ConstructorSite$ConstructorSiteNoUnwrap.callConstructor(ConstructorSite.java:84)


	at org.codehaus.groovy.runtime.callsite.AbstractCallSite.callConstructor(AbstractCallSite.java:277)


	at io.restassured.internal.ResponseSpecificationImpl$HamcrestAssertionClosure.validate(ResponseSpecificationImpl.groovy:493)


	at io.restassured.internal.ResponseSpecificationImpl$HamcrestAssertionClosure$validate$1.call(Unknown Source)


	at io.restassured.internal.ResponseSpecificationImpl.validateResponseIfRequired(ResponseSpecificationImpl.groovy:674)


	at sun.reflect.GeneratedMethodAccessor89.invoke(Unknown Source)


	at sun.reflect.DelegatingMethodAccessorImpl.invoke(DelegatingMethodAccessorImpl.java:43)


	at java.lang.reflect.Method.invoke(Method.java:498)


	at org.codehaus.groovy.runtime.callsite.PlainObjectMetaMethodSite.doInvoke(PlainObjectMetaMethodSite.java:43)


	at org.codehaus.groovy.runtime.callsite.PogoMetaMethodSite$PogoCachedMethodSiteNoUnwrapNoCoerce.invoke(PogoMetaMethodSite.java:193)


	at org.codehaus.groovy.runtime.callsite.PogoMetaMethodSite.callCurrent(PogoMetaMethodSite.java:61)


	at org.codehaus.groovy.runtime.callsite.AbstractCallSite.callCurrent(AbstractCallSite.java:185)


	at io.restassured.internal.ResponseSpecificationImpl.statusCode(ResponseSpecificationImpl.groovy:126)


	at io.restassured.specification.ResponseSpecification$statusCode$0.callCurrent(Unknown Source)


	at io.restassured.internal.ResponseSpecificationImpl.statusCode(ResponseSpecificationImpl.groovy:134)


	at io.restassured.internal.ValidatableResponseOptionsImpl.statusCode(ValidatableResponseOptionsImpl.java:89)


	at io.restassured.internal.ValidatableResponseImpl.super$2$statusCode(ValidatableResponseImpl.groovy)


	at sun.reflect.NativeMethodAccessorImpl.invoke0(Native Method)


	at sun.reflect.NativeMethodAccessorImpl.invoke(NativeMethodAccessorImpl.java:62)


	at sun.reflect.DelegatingMethodAccessorImpl.invoke(DelegatingMethodAccessorImpl.java:43)


	at java.lang.reflect.Method.invoke(Method.java:498)


	at org.codehaus.groovy.reflection.CachedMethod.invoke(CachedMethod.java:107)


	at groovy.lang.MetaMethod.doMethodInvoke(MetaMethod.java:323)


	at groovy.lang.MetaClassImpl.invokeMethod(MetaClassImpl.java:1267)


	at org.codehaus.groovy.runtime.ScriptBytecodeAdapter.invokeMethodOnSuperN(ScriptBytecodeAdapter.java:144)


	at io.restassured.internal.ValidatableResponseImpl.statusCode(ValidatableResponseImpl.groovy:142)


	at io.restassured.internal.ValidatableResponseImpl.statusCode(ValidatableResponseImpl.groovy)


	at stepdef.MentorStepDef.responseCodeMentorShouldBe(MentorStepDef.java:185)


	at ?.response code mentor should be 400(classpath:features/Mentutor/mentor.feature:129)




java.lang.AssertionError: 1 expectation failed.
Expected status code <400> but was <201>.



	at sun.reflect.NativeConstructorAccessorImpl.newInstance0(Native Method)


	at sun.reflect.NativeConstructorAccessorImpl.newInstance(NativeConstructorAccessorImpl.java:62)


	at sun.reflect.DelegatingConstructorAccessorImpl.newInstance(DelegatingConstructorAccessorImpl.java:45)


	at java.lang.reflect.Constructor.newInstance(Constructor.java:423)


	at org.codehaus.groovy.reflection.CachedConstructor.invoke(CachedConstructor.java:72)


	at org.codehaus.groovy.reflection.CachedConstructor.doConstructorInvoke(CachedConstructor.java:59)


	at org.codehaus.groovy.runtime.callsite.ConstructorSite$ConstructorSiteNoUnwrap.callConstructor(ConstructorSite.java:84)


	at org.codehaus.groovy.runtime.callsite.AbstractCallSite.callConstructor(AbstractCallSite.java:277)


	at io.restassured.internal.ResponseSpecificationImpl$HamcrestAssertionClosure.validate(ResponseSpecificationImpl.groovy:493)


	at io.restassured.internal.ResponseSpecificationImpl$HamcrestAssertionClosure$validate$1.call(Unknown Source)


	at io.restassured.internal.ResponseSpecificationImpl.validateResponseIfRequired(ResponseSpecificationImpl.groovy:674)


	at sun.reflect.GeneratedMethodAccessor89.invoke(Unknown Source)


	at sun.reflect.DelegatingMethodAccessorImpl.invoke(DelegatingMethodAccessorImpl.java:43)


	at java.lang.reflect.Method.invoke(Method.java:498)


	at org.codehaus.groovy.runtime.callsite.PlainObjectMetaMethodSite.doInvoke(PlainObjectMetaMethodSite.java:43)


	at org.codehaus.groovy.runtime.callsite.PogoMetaMethodSite$PogoCachedMethodSiteNoUnwrapNoCoerce.invoke(PogoMetaMethodSite.java:193)


	at org.codehaus.groovy.runtime.callsite.PogoMetaMethodSite.callCurrent(PogoMetaMethodSite.java:61)


	at org.codehaus.groovy.runtime.callsite.AbstractCallSite.callCurrent(AbstractCallSite.java:185)


	at io.restassured.internal.ResponseSpecificationImpl.statusCode(ResponseSpecificationImpl.groovy:126)


	at io.restassured.specification.ResponseSpecification$statusCode$0.callCurrent(Unknown Source)


	at io.restassured.internal.ResponseSpecificationImpl.statusCode(ResponseSpecificationImpl.groovy:134)


	at io.restassured.internal.ValidatableResponseOptionsImpl.statusCode(ValidatableResponseOptionsImpl.java:89)


	at io.restassured.internal.ValidatableResponseImpl.super$2$statusCode(ValidatableResponseImpl.groovy)


	at sun.reflect.GeneratedMethodAccessor200.invoke(Unknown Source)


	at sun.reflect.DelegatingMethodAccessorImpl.invoke(DelegatingMethodAccessorImpl.java:43)


	at java.lang.reflect.Method.invoke(Method.java:498)


	at org.codehaus.groovy.reflection.CachedMethod.invoke(CachedMethod.java:107)


	at groovy.lang.MetaMethod.doMethodInvoke(MetaMethod.java:323)


	at groovy.lang.MetaClassImpl.invokeMethod(MetaClassImpl.java:1267)


	at org.codehaus.groovy.runtime.ScriptBytecodeAdapter.invokeMethodOnSuperN(ScriptBytecodeAdapter.java:144)


	at io.restassured.internal.ValidatableResponseImpl.statusCode(ValidatableResponseImpl.groovy:142)


	at io.restassured.internal.ValidatableResponseImpl.statusCode(ValidatableResponseImpl.groovy)


	at stepdef.MentorStepDef.responseCodeMentorShouldBe(MentorStepDef.java:185)


	at ?.response code mentor should be 400(classpath:features/Mentutor/mentor.feature:129)




java.lang.AssertionError: 1 expectation failed.
Expected status code <201> but was <400>.



	at sun.reflect.NativeConstructorAccessorImpl.newInstance0(Native Method)


	at sun.reflect.NativeConstructorAccessorImpl.newInstance(NativeConstructorAccessorImpl.java:62)


	at sun.reflect.DelegatingConstructorAccessorImpl.newInstance(DelegatingConstructorAccessorImpl.java:45)


	at java.lang.reflect.Constructor.newInstance(Constructor.java:423)


	at org.codehaus.groovy.reflection.CachedConstructor.invoke(CachedConstructor.java:72)


	at org.codehaus.groovy.reflection.CachedConstructor.doConstructorInvoke(CachedConstructor.java:59)


	at org.codehaus.groovy.runtime.callsite.ConstructorSite$ConstructorSiteNoUnwrap.callConstructor(ConstructorSite.java:84)


	at org.codehaus.groovy.runtime.callsite.AbstractCallSite.callConstructor(AbstractCallSite.java:277)


	at io.restassured.internal.ResponseSpecificationImpl$HamcrestAssertionClosure.validate(ResponseSpecificationImpl.groovy:493)


	at io.restassured.internal.ResponseSpecificationImpl$HamcrestAssertionClosure$validate$1.call(Unknown Source)


	at io.restassured.internal.ResponseSpecificationImpl.validateResponseIfRequired(ResponseSpecificationImpl.groovy:674)


	at sun.reflect.GeneratedMethodAccessor89.invoke(Unknown Source)


	at sun.reflect.DelegatingMethodAccessorImpl.invoke(DelegatingMethodAccessorImpl.java:43)


	at java.lang.reflect.Method.invoke(Method.java:498)


	at org.codehaus.groovy.runtime.callsite.PlainObjectMetaMethodSite.doInvoke(PlainObjectMetaMethodSite.java:43)


	at org.codehaus.groovy.runtime.callsite.PogoMetaMethodSite$PogoCachedMethodSiteNoUnwrapNoCoerce.invoke(PogoMetaMethodSite.java:193)


	at org.codehaus.groovy.runtime.callsite.PogoMetaMethodSite.callCurrent(PogoMetaMethodSite.java:61)


	at org.codehaus.groovy.runtime.callsite.AbstractCallSite.callCurrent(AbstractCallSite.java:185)


	at io.restassured.internal.ResponseSpecificationImpl.statusCode(ResponseSpecificationImpl.groovy:126)


	at io.restassured.specification.ResponseSpecification$statusCode$0.callCurrent(Unknown Source)


	at io.restassured.internal.ResponseSpecificationImpl.statusCode(ResponseSpecificationImpl.groovy:134)


	at io.restassured.internal.ValidatableResponseOptionsImpl.statusCode(ValidatableResponseOptionsImpl.java:89)


	at io.restassured.internal.ValidatableResponseImpl.super$2$statusCode(ValidatableResponseImpl.groovy)


	at sun.reflect.GeneratedMethodAccessor200.invoke(Unknown Source)


	at sun.reflect.DelegatingMethodAccessorImpl.invoke(DelegatingMethodAccessorImpl.java:43)


	at java.lang.reflect.Method.invoke(Method.java:498)


	at org.codehaus.groovy.reflection.CachedMethod.invoke(CachedMethod.java:107)


	at groovy.lang.MetaMethod.doMethodInvoke(MetaMethod.java:323)


	at groovy.lang.MetaClassImpl.invokeMethod(MetaClassImpl.java:1267)


	at org.codehaus.groovy.runtime.ScriptBytecodeAdapter.invokeMethodOnSuperN(ScriptBytecodeAdapter.java:144)


	at io.restassured.internal.ValidatableResponseImpl.statusCode(ValidatableResponseImpl.groovy:142)


	at io.restassured.internal.ValidatableResponseImpl.statusCode(ValidatableResponseImpl.groovy)


	at stepdef.MentorStepDef.responseCodeMentorShouldBe(MentorStepDef.java:185)


	at ?.response code mentor should be 201(classpath:features/Mentutor/mentor.feature:244)




java.lang.AssertionError: 1 expectation failed.
Expected status code <200> but was <201>.



	at sun.reflect.NativeConstructorAccessorImpl.newInstance0(Native Method)


	at sun.reflect.NativeConstructorAccessorImpl.newInstance(NativeConstructorAccessorImpl.java:62)


	at sun.reflect.DelegatingConstructorAccessorImpl.newInstance(DelegatingConstructorAccessorImpl.java:45)


	at java.lang.reflect.Constructor.newInstance(Constructor.java:423)


	at org.codehaus.groovy.reflection.CachedConstructor.invoke(CachedConstructor.java:72)


	at org.codehaus.groovy.reflection.CachedConstructor.doConstructorInvoke(CachedConstructor.java:59)


	at org.codehaus.groovy.runtime.callsite.ConstructorSite$ConstructorSiteNoUnwrap.callConstructor(ConstructorSite.java:84)


	at org.codehaus.groovy.runtime.callsite.AbstractCallSite.callConstructor(AbstractCallSite.java:277)


	at io.restassured.internal.ResponseSpecificationImpl$HamcrestAssertionClosure.validate(ResponseSpecificationImpl.groovy:493)


	at io.restassured.internal.ResponseSpecificationImpl$HamcrestAssertionClosure$validate$1.call(Unknown Source)


	at io.restassured.internal.ResponseSpecificationImpl.validateResponseIfRequired(ResponseSpecificationImpl.groovy:674)


	at sun.reflect.GeneratedMethodAccessor89.invoke(Unknown Source)


	at sun.reflect.DelegatingMethodAccessorImpl.invoke(DelegatingMethodAccessorImpl.java:43)


	at java.lang.reflect.Method.invoke(Method.java:498)


	at org.codehaus.groovy.runtime.callsite.PlainObjectMetaMethodSite.doInvoke(PlainObjectMetaMethodSite.java:43)


	at org.codehaus.groovy.runtime.callsite.PogoMetaMethodSite$PogoCachedMethodSiteNoUnwrapNoCoerce.invoke(PogoMetaMethodSite.java:193)


	at org.codehaus.groovy.runtime.callsite.PogoMetaMethodSite.callCurrent(PogoMetaMethodSite.java:61)


	at org.codehaus.groovy.runtime.callsite.AbstractCallSite.callCurrent(AbstractCallSite.java:185)


	at io.restassured.internal.ResponseSpecificationImpl.statusCode(ResponseSpecificationImpl.groovy:126)


	at io.restassured.specification.ResponseSpecification$statusCode$0.callCurrent(Unknown Source)


	at io.restassured.internal.ResponseSpecificationImpl.statusCode(ResponseSpecificationImpl.groovy:134)


	at io.restassured.internal.ValidatableResponseOptionsImpl.statusCode(ValidatableResponseOptionsImpl.java:89)


	at io.restassured.internal.ValidatableResponseImpl.super$2$statusCode(ValidatableResponseImpl.groovy)


	at sun.reflect.GeneratedMethodAccessor200.invoke(Unknown Source)


	at sun.reflect.DelegatingMethodAccessorImpl.invoke(DelegatingMethodAccessorImpl.java:43)


	at java.lang.reflect.Method.invoke(Method.java:498)


	at org.codehaus.groovy.reflection.CachedMethod.invoke(CachedMethod.java:107)


	at groovy.lang.MetaMethod.doMethodInvoke(MetaMethod.java:323)


	at groovy.lang.MetaClassImpl.invokeMethod(MetaClassImpl.java:1267)


	at org.codehaus.groovy.runtime.ScriptBytecodeAdapter.invokeMethodOnSuperN(ScriptBytecodeAdapter.java:144)


	at io.restassured.internal.ValidatableResponseImpl.statusCode(ValidatableResponseImpl.groovy:142)


	at io.restassured.internal.ValidatableResponseImpl.statusCode(ValidatableResponseImpl.groovy)


	at stepdef.MentorStepDef.responseCodeMentorShouldBe(MentorStepDef.java:185)


	at ?.response code mentor should be 200(classpath:features/Mentutor/mentor.feature:289)






20:12:09.064 [pool-2-thread-1] INFO  i.c.core.plugin.SerenityReporter - Cleanup test resources for URI classpath:features/Mentutor/mentor.feature


@MENTUTOR
Scenario: Get all task                                 &amp#27;[90m# features/Mentutor/mentor.feature:11&amp#27;[0m
20:09:50.772 [pool-2-thread-1] INFO  i.c.core.plugin.SerenityReporter - Running feature from classpath:features/Mentutor/mentor.feature
20:09:50.817 [pool-2-thread-1] INFO   - 
  _____   ___   ___   _____     ___   _____     _     ___   _____   ___   ___  
 |_   _| | __| / __| |_   _|   / __| |_   _|   /_\   | _ \ |_   _| | __| |   \ 
   | |   | _|  \__ \   | |     \__ \   | |    / _ \  |   /   | |   | _|  | |) |
   |_|   |___| |___/   |_|     |___/   |_|   /_/ \_\ |_|_\   |_|   |___| |___/ 

Get all task(mentor;get-all-task)
--------------------------------------------------------------------------------
  &amp#27;[32mGiven &amp#27;[0m&amp#27;[32mGet list task&amp#27;[0m                                  &amp#27;[90m# stepdef.MentorStepDef.getListTask()&amp#27;[0m
  &amp#27;[32mWhen &amp#27;[0m&amp#27;[32mSend request mentor get all task&amp#27;[0m                &amp#27;[90m# stepdef.MentorStepDef.sendRequestMentorGetAllTask()&amp#27;[0m
  &amp#27;[31mThen &amp#27;[0m&amp#27;[31mresponse code mentor should be &amp#27;[0m&amp#27;[31m&amp#27;[1m200&amp#27;[0m              &amp#27;[90m# stepdef.MentorStepDef.responseCodeMentorShouldBe(int)&amp#27;[0m
      &amp#27;[31mjava.lang.AssertionError: 1 expectation failed.
Expected status code <200> but was <201>.

	at sun.reflect.NativeConstructorAccessorImpl.newInstance0(Native Method)
	at sun.reflect.NativeConstructorAccessorImpl.newInstance(NativeConstructorAccessorImpl.java:62)
	at sun.reflect.DelegatingConstructorAccessorImpl.newInstance(DelegatingConstructorAccessorImpl.java:45)
	at java.lang.reflect.Constructor.newInstance(Constructor.java:423)
	at org.codehaus.groovy.reflection.CachedConstructor.invoke(CachedConstructor.java:72)
	at org.codehaus.groovy.reflection.CachedConstructor.doConstructorInvoke(CachedConstructor.java:59)
	at org.codehaus.groovy.runtime.callsite.ConstructorSite$ConstructorSiteNoUnwrap.callConstructor(ConstructorSite.java:84)
	at org.codehaus.groovy.runtime.callsite.CallSiteArray.defaultCallConstructor(CallSiteArray.java:59)
	at org.codehaus.groovy.runtime.callsite.AbstractCallSite.callConstructor(AbstractCallSite.java:263)
	at org.codehaus.groovy.runtime.callsite.AbstractCallSite.callConstructor(AbstractCallSite.java:277)
	at io.restassured.internal.ResponseSpecificationImpl$HamcrestAssertionClosure.validate(ResponseSpecificationImpl.groovy:493)
	at io.restassured.internal.ResponseSpecificationImpl$HamcrestAssertionClosure$validate$1.call(Unknown Source)
	at io.restassured.internal.ResponseSpecificationImpl.validateResponseIfRequired(ResponseSpecificationImpl.groovy:674)
	at sun.reflect.NativeMethodAccessorImpl.invoke0(Native Method)
	at sun.reflect.NativeMethodAccessorImpl.invoke(NativeMethodAccessorImpl.java:62)
	at sun.reflect.DelegatingMethodAccessorImpl.invoke(DelegatingMethodAccessorImpl.java:43)
	at java.lang.reflect.Method.invoke(Method.java:498)
	at org.codehaus.groovy.runtime.callsite.PlainObjectMetaMethodSite.doInvoke(PlainObjectMetaMethodSite.java:43)
	at org.codehaus.groovy.runtime.callsite.PogoMetaMethodSite$PogoCachedMethodSiteNoUnwrapNoCoerce.invoke(PogoMetaMethodSite.java:193)
	at org.codehaus.groovy.runtime.callsite.PogoMetaMethodSite.callCurrent(PogoMetaMethodSite.java:61)
	at org.codehaus.groovy.runtime.callsite.CallSiteArray.defaultCallCurrent(CallSiteArray.java:51)
	at org.codehaus.groovy.runtime.callsite.AbstractCallSite.callCurrent(AbstractCallSite.java:171)
	at org.codehaus.groovy.runtime.callsite.AbstractCallSite.callCurrent(AbstractCallSite.java:185)
	at io.restassured.internal.ResponseSpecificationImpl.statusCode(ResponseSpecificationImpl.groovy:126)
	at io.restassured.specification.ResponseSpecification$statusCode$0.callCurrent(Unknown Source)
	at org.codehaus.groovy.runtime.callsite.CallSiteArray.defaultCallCurrent(CallSiteArray.java:51)
	at org.codehaus.groovy.runtime.callsite.AbstractCallSite.callCurrent(AbstractCallSite.java:171)
	at org.codehaus.groovy.runtime.callsite.AbstractCallSite.callCurrent(AbstractCallSite.java:185)
	at io.restassured.internal.ResponseSpecificationImpl.statusCode(ResponseSpecificationImpl.groovy:134)
	at io.restassured.internal.ValidatableResponseOptionsImpl.statusCode(ValidatableResponseOptionsImpl.java:89)
	at io.restassured.internal.ValidatableResponseImpl.super$2$statusCode(ValidatableResponseImpl.groovy)
	at sun.reflect.NativeMethodAccessorImpl.invoke0(Native Method)
	at sun.reflect.NativeMethodAccessorImpl.invoke(NativeMethodAccessorImpl.java:62)
	at sun.reflect.DelegatingMethodAccessorImpl.invoke(DelegatingMethodAccessorImpl.java:43)
	at java.lang.reflect.Method.invoke(Method.java:498)
	at org.codehaus.groovy.reflection.CachedMethod.invoke(CachedMethod.java:107)
	at groovy.lang.MetaMethod.doMethodInvoke(MetaMethod.java:323)
	at groovy.lang.MetaClassImpl.invokeMethod(MetaClassImpl.java:1267)
	at org.codehaus.groovy.runtime.ScriptBytecodeAdapter.invokeMethodOnSuperN(ScriptBytecodeAdapter.java:144)
	at io.restassured.internal.ValidatableResponseImpl.statusCode(ValidatableResponseImpl.groovy:142)
	at io.restassured.internal.ValidatableResponseImpl.statusCode(ValidatableResponseImpl.groovy)
	at stepdef.MentorStepDef.responseCodeMentorShouldBe(MentorStepDef.java:185)
	at âœ½.response code mentor should be 200(classpath:features/Mentutor/mentor.feature:14)
&amp#27;[0m
  &amp#27;[36mAnd &amp#27;[0m&amp#27;[36mValidate JSON Schema &amp#27;[0m&amp#27;[36m&amp#27;[1m"GetAllTaskJsonSchema.json"&amp#27;[0m &amp#27;[90m# stepdef.MentorStepDef.validateJSONSchema(java.lang.String)&amp#27;[0m
]]></system-out>
  </testcase>
  <testcase name="Get all task with valid query param" classname="mentor" time="4.493">
    <failure message="1 expectation failed.&#10;Expected status code &lt;200&gt; but was &lt;201&gt;.&#10;" type="java.lang.AssertionError"><![CDATA[java.lang.AssertionError: 
1 expectation failed.
Expected status code <200> but was <201>.

]]></failure>
    <system-out><![CDATA[
@MENTUTOR
Scenario: Get all task with valid query param      &amp#27;[90m# features/Mentutor/mentor.feature:17&amp#27;[0m
20:09:55.684 [pool-2-thread-1] INFO  i.c.core.plugin.SerenityReporter - Running feature from classpath:features/Mentutor/mentor.feature
20:09:55.686 [pool-2-thread-1] INFO   - 
  _____   ___   ___   _____     ___   _____     _     ___   _____   ___   ___  
 |_   _| | __| / __| |_   _|   / __| |_   _|   /_\   | _ \ |_   _| | __| |   \ 
   | |   | _|  \__ \   | |     \__ \   | |    / _ \  |   /   | |   | _|  | |) |
   |_|   |___| |___/   |_|     |___/   |_|   /_/ \_\ |_|_\   |_|   |___| |___/ 

Get all task with valid query param(mentor;get-all-task-with-valid-query-param)
--------------------------------------------------------------------------------
  &amp#27;[32mGiven &amp#27;[0m&amp#27;[32mget list user query params title &amp#27;[0m&amp#27;[32m&amp#27;[1m"biologi"&amp#27;[0m &amp#27;[90m# stepdef.MentorStepDef.getListUserQueryParamsTitle(java.lang.String)&amp#27;[0m
  &amp#27;[32mWhen &amp#27;[0m&amp#27;[32mSend request Get list task with param&amp#27;[0m       &amp#27;[90m# stepdef.MentorStepDef.sendRequestGetListTaskWithParam()&amp#27;[0m
  &amp#27;[31mThen &amp#27;[0m&amp#27;[31mresponse code mentor should be &amp#27;[0m&amp#27;[31m&amp#27;[1m200&amp#27;[0m          &amp#27;[90m# stepdef.MentorStepDef.responseCodeMentorShouldBe(int)&amp#27;[0m
      &amp#27;[31mjava.lang.AssertionError: 1 expectation failed.
Expected status code <200> but was <201>.

	at sun.reflect.NativeConstructorAccessorImpl.newInstance0(Native Method)
	at sun.reflect.NativeConstructorAccessorImpl.newInstance(NativeConstructorAccessorImpl.java:62)
	at sun.reflect.DelegatingConstructorAccessorImpl.newInstance(DelegatingConstructorAccessorImpl.java:45)
	at java.lang.reflect.Constructor.newInstance(Constructor.java:423)
	at org.codehaus.groovy.reflection.CachedConstructor.invoke(CachedConstructor.java:72)
	at org.codehaus.groovy.reflection.CachedConstructor.doConstructorInvoke(CachedConstructor.java:59)
	at org.codehaus.groovy.runtime.callsite.ConstructorSite$ConstructorSiteNoUnwrap.callConstructor(ConstructorSite.java:84)
	at org.codehaus.groovy.runtime.callsite.AbstractCallSite.callConstructor(AbstractCallSite.java:277)
	at io.restassured.internal.ResponseSpecificationImpl$HamcrestAssertionClosure.validate(ResponseSpecificationImpl.groovy:493)
	at io.restassured.internal.ResponseSpecificationImpl$HamcrestAssertionClosure$validate$1.call(Unknown Source)
	at io.restassured.internal.ResponseSpecificationImpl.validateResponseIfRequired(ResponseSpecificationImpl.groovy:674)
	at sun.reflect.NativeMethodAccessorImpl.invoke0(Native Method)
	at sun.reflect.NativeMethodAccessorImpl.invoke(NativeMethodAccessorImpl.java:62)
	at sun.reflect.DelegatingMethodAccessorImpl.invoke(DelegatingMethodAccessorImpl.java:43)
	at java.lang.reflect.Method.invoke(Method.java:498)
	at org.codehaus.groovy.runtime.callsite.PlainObjectMetaMethodSite.doInvoke(PlainObjectMetaMethodSite.java:43)
	at org.codehaus.groovy.runtime.callsite.PogoMetaMethodSite$PogoCachedMethodSiteNoUnwrapNoCoerce.invoke(PogoMetaMethodSite.java:193)
	at org.codehaus.groovy.runtime.callsite.PogoMetaMethodSite.callCurrent(PogoMetaMethodSite.java:61)
	at org.codehaus.groovy.runtime.callsite.AbstractCallSite.callCurrent(AbstractCallSite.java:185)
	at io.restassured.internal.ResponseSpecificationImpl.statusCode(ResponseSpecificationImpl.groovy:126)
	at io.restassured.specification.ResponseSpecification$statusCode$0.callCurrent(Unknown Source)
	at io.restassured.internal.ResponseSpecificationImpl.statusCode(ResponseSpecificationImpl.groovy:134)
	at io.restassured.internal.ValidatableResponseOptionsImpl.statusCode(ValidatableResponseOptionsImpl.java:89)
	at io.restassured.internal.ValidatableResponseImpl.super$2$statusCode(ValidatableResponseImpl.groovy)
	at sun.reflect.NativeMethodAccessorImpl.invoke0(Native Method)
	at sun.reflect.NativeMethodAccessorImpl.invoke(NativeMethodAccessorImpl.java:62)
	at sun.reflect.DelegatingMethodAccessorImpl.invoke(DelegatingMethodAccessorImpl.java:43)
	at java.lang.reflect.Method.invoke(Method.java:498)
	at org.codehaus.groovy.reflection.CachedMethod.invoke(CachedMethod.java:107)
	at groovy.lang.MetaMethod.doMethodInvoke(MetaMethod.java:323)
	at groovy.lang.MetaClassImpl.invokeMethod(MetaClassImpl.java:1267)
	at org.codehaus.groovy.runtime.ScriptBytecodeAdapter.invokeMethodOnSuperN(ScriptBytecodeAdapter.java:144)
	at io.restassured.internal.ValidatableResponseImpl.statusCode(ValidatableResponseImpl.groovy:142)
	at io.restassured.internal.ValidatableResponseImpl.statusCode(ValidatableResponseImpl.groovy)
	at stepdef.MentorStepDef.responseCodeMentorShouldBe(MentorStepDef.java:185)
	at âœ½.response code mentor should be 200(classpath:features/Mentutor/mentor.feature:20)
&amp#27;[0m
]]></system-out>
  </testcase>
  <testcase name="Get all task with invalid query param" classname="mentor" time="2.318">
    <failure message="1 expectation failed.&#10;Expected status code &lt;400&gt; but was &lt;201&gt;.&#10;" type="java.lang.AssertionError"><![CDATA[java.lang.AssertionError: 
1 expectation failed.
Expected status code <400> but was <201>.

]]></failure>
    <system-out><![CDATA[
@MENTUTOR
Scenario: Get all task with invalid query param &amp#27;[90m# features/Mentutor/mentor.feature:22&amp#27;[0m
20:10:00.178 [pool-2-thread-1] INFO  i.c.core.plugin.SerenityReporter - Running feature from classpath:features/Mentutor/mentor.feature
20:10:00.179 [pool-2-thread-1] INFO   - 
  _____   ___   ___   _____     ___   _____     _     ___   _____   ___   ___  
 |_   _| | __| / __| |_   _|   / __| |_   _|   /_\   | _ \ |_   _| | __| |   \ 
   | |   | _|  \__ \   | |     \__ \   | |    / _ \  |   /   | |   | _|  | |) |
   |_|   |___| |___/   |_|     |___/   |_|   /_/ \_\ |_|_\   |_|   |___| |___/ 

Get all task with invalid query param(mentor;get-all-task-with-invalid-query-param)
--------------------------------------------------------------------------------
  &amp#27;[32mGiven &amp#27;[0m&amp#27;[32mget list user query params title &amp#27;[0m&amp#27;[32m&amp#27;[1m"nama"&amp#27;[0m &amp#27;[90m# stepdef.MentorStepDef.getListUserQueryParamsTitle(java.lang.String)&amp#27;[0m
  &amp#27;[32mWhen &amp#27;[0m&amp#27;[32mGet all task with invalid query param&amp#27;[0m    &amp#27;[90m# stepdef.MentorStepDef.getAllTaskWithInvalidQueryParam()&amp#27;[0m
  &amp#27;[31mThen &amp#27;[0m&amp#27;[31mresponse code mentor should be &amp#27;[0m&amp#27;[31m&amp#27;[1m400&amp#27;[0m       &amp#27;[90m# stepdef.MentorStepDef.responseCodeMentorShouldBe(int)&amp#27;[0m
      &amp#27;[31mjava.lang.AssertionError: 1 expectation failed.
Expected status code <400> but was <201>.

	at sun.reflect.NativeConstructorAccessorImpl.newInstance0(Native Method)
	at sun.reflect.NativeConstructorAccessorImpl.newInstance(NativeConstructorAccessorImpl.java:62)
	at sun.reflect.DelegatingConstructorAccessorImpl.newInstance(DelegatingConstructorAccessorImpl.java:45)
	at java.lang.reflect.Constructor.newInstance(Constructor.java:423)
	at org.codehaus.groovy.reflection.CachedConstructor.invoke(CachedConstructor.java:72)
	at org.codehaus.groovy.reflection.CachedConstructor.doConstructorInvoke(CachedConstructor.java:59)
	at org.codehaus.groovy.runtime.callsite.ConstructorSite$ConstructorSiteNoUnwrap.callConstructor(ConstructorSite.java:84)
	at org.codehaus.groovy.runtime.callsite.AbstractCallSite.callConstructor(AbstractCallSite.java:277)
	at io.restassured.internal.ResponseSpecificationImpl$HamcrestAssertionClosure.validate(ResponseSpecificationImpl.groovy:493)
	at io.restassured.internal.ResponseSpecificationImpl$HamcrestAssertionClosure$validate$1.call(Unknown Source)
	at io.restassured.internal.ResponseSpecificationImpl.validateResponseIfRequired(ResponseSpecificationImpl.groovy:674)
	at sun.reflect.NativeMethodAccessorImpl.invoke0(Native Method)
	at sun.reflect.NativeMethodAccessorImpl.invoke(NativeMethodAccessorImpl.java:62)
	at sun.reflect.DelegatingMethodAccessorImpl.invoke(DelegatingMethodAccessorImpl.java:43)
	at java.lang.reflect.Method.invoke(Method.java:498)
	at org.codehaus.groovy.runtime.callsite.PlainObjectMetaMethodSite.doInvoke(PlainObjectMetaMethodSite.java:43)
	at org.codehaus.groovy.runtime.callsite.PogoMetaMethodSite$PogoCachedMethodSiteNoUnwrapNoCoerce.invoke(PogoMetaMethodSite.java:193)
	at org.codehaus.groovy.runtime.callsite.PogoMetaMethodSite.callCurrent(PogoMetaMethodSite.java:61)
	at org.codehaus.groovy.runtime.callsite.AbstractCallSite.callCurrent(AbstractCallSite.java:185)
	at io.restassured.internal.ResponseSpecificationImpl.statusCode(ResponseSpecificationImpl.groovy:126)
	at io.restassured.specification.ResponseSpecification$statusCode$0.callCurrent(Unknown Source)
	at io.restassured.internal.ResponseSpecificationImpl.statusCode(ResponseSpecificationImpl.groovy:134)
	at io.restassured.internal.ValidatableResponseOptionsImpl.statusCode(ValidatableResponseOptionsImpl.java:89)
	at io.restassured.internal.ValidatableResponseImpl.super$2$statusCode(ValidatableResponseImpl.groovy)
	at sun.reflect.NativeMethodAccessorImpl.invoke0(Native Method)
	at sun.reflect.NativeMethodAccessorImpl.invoke(NativeMethodAccessorImpl.java:62)
	at sun.reflect.DelegatingMethodAccessorImpl.invoke(DelegatingMethodAccessorImpl.java:43)
	at java.lang.reflect.Method.invoke(Method.java:498)
	at org.codehaus.groovy.reflection.CachedMethod.invoke(CachedMethod.java:107)
	at groovy.lang.MetaMethod.doMethodInvoke(MetaMethod.java:323)
	at groovy.lang.MetaClassImpl.invokeMethod(MetaClassImpl.java:1267)
	at org.codehaus.groovy.runtime.ScriptBytecodeAdapter.invokeMethodOnSuperN(ScriptBytecodeAdapter.java:144)
	at io.restassured.internal.ValidatableResponseImpl.statusCode(ValidatableResponseImpl.groovy:142)
	at io.restassured.internal.ValidatableResponseImpl.statusCode(ValidatableResponseImpl.groovy)
	at stepdef.MentorStepDef.responseCodeMentorShouldBe(MentorStepDef.java:185)
	at âœ½.response code mentor should be 400(classpath:features/Mentutor/mentor.feature:25)
&amp#27;[0m
]]></system-out>
  </testcase>
  <testcase name="Get task detail with valid id" classname="mentor" time="2.766">
    <failure message="1 expectation failed.&#10;Expected status code &lt;200&gt; but was &lt;201&gt;.&#10;" type="java.lang.AssertionError"><![CDATA[java.lang.AssertionError: 
1 expectation failed.
Expected status code <200> but was <201>.

]]></failure>
    <system-out><![CDATA[
@MENTUTOR
Scenario: Get task detail with valid id                      &amp#27;[90m# features/Mentutor/mentor.feature:33&amp#27;[0m
20:10:02.498 [pool-2-thread-1] INFO  i.c.core.plugin.SerenityReporter - Running feature from classpath:features/Mentutor/mentor.feature
20:10:02.499 [pool-2-thread-1] INFO   - 
  _____   ___   ___   _____     ___   _____     _     ___   _____   ___   ___  
 |_   _| | __| / __| |_   _|   / __| |_   _|   /_\   | _ \ |_   _| | __| |   \ 
   | |   | _|  \__ \   | |     \__ \   | |    / _ \  |   /   | |   | _|  | |) |
   |_|   |___| |___/   |_|     |___/   |_|   /_/ \_\ |_|_\   |_|   |___| |___/ 

Get task detail with valid id(mentor;get-task-detail-with-valid-id)
--------------------------------------------------------------------------------
  &amp#27;[32mGiven &amp#27;[0m&amp#27;[32mget task with valid id &amp#27;[0m&amp#27;[32m&amp#27;[1m1&amp#27;[0m                             &amp#27;[90m# stepdef.MentorStepDef.getTaskWithValidId(int)&amp#27;[0m
  &amp#27;[32mWhen &amp#27;[0m&amp#27;[32msend request Get task detail with valid id&amp#27;[0m            &amp#27;[90m# stepdef.MentorStepDef.sendRequestGetTaskDetailWithValidId()&amp#27;[0m
  &amp#27;[31mThen &amp#27;[0m&amp#27;[31mresponse code mentor should be &amp#27;[0m&amp#27;[31m&amp#27;[1m200&amp#27;[0m                    &amp#27;[90m# stepdef.MentorStepDef.responseCodeMentorShouldBe(int)&amp#27;[0m
      &amp#27;[31mjava.lang.AssertionError: 1 expectation failed.
Expected status code <200> but was <201>.

	at sun.reflect.NativeConstructorAccessorImpl.newInstance0(Native Method)
	at sun.reflect.NativeConstructorAccessorImpl.newInstance(NativeConstructorAccessorImpl.java:62)
	at sun.reflect.DelegatingConstructorAccessorImpl.newInstance(DelegatingConstructorAccessorImpl.java:45)
	at java.lang.reflect.Constructor.newInstance(Constructor.java:423)
	at org.codehaus.groovy.reflection.CachedConstructor.invoke(CachedConstructor.java:72)
	at org.codehaus.groovy.reflection.CachedConstructor.doConstructorInvoke(CachedConstructor.java:59)
	at org.codehaus.groovy.runtime.callsite.ConstructorSite$ConstructorSiteNoUnwrap.callConstructor(ConstructorSite.java:84)
	at org.codehaus.groovy.runtime.callsite.AbstractCallSite.callConstructor(AbstractCallSite.java:277)
	at io.restassured.internal.ResponseSpecificationImpl$HamcrestAssertionClosure.validate(ResponseSpecificationImpl.groovy:493)
	at io.restassured.internal.ResponseSpecificationImpl$HamcrestAssertionClosure$validate$1.call(Unknown Source)
	at io.restassured.internal.ResponseSpecificationImpl.validateResponseIfRequired(ResponseSpecificationImpl.groovy:674)
	at sun.reflect.NativeMethodAccessorImpl.invoke0(Native Method)
	at sun.reflect.NativeMethodAccessorImpl.invoke(NativeMethodAccessorImpl.java:62)
	at sun.reflect.DelegatingMethodAccessorImpl.invoke(DelegatingMethodAccessorImpl.java:43)
	at java.lang.reflect.Method.invoke(Method.java:498)
	at org.codehaus.groovy.runtime.callsite.PlainObjectMetaMethodSite.doInvoke(PlainObjectMetaMethodSite.java:43)
	at org.codehaus.groovy.runtime.callsite.PogoMetaMethodSite$PogoCachedMethodSiteNoUnwrapNoCoerce.invoke(PogoMetaMethodSite.java:193)
	at org.codehaus.groovy.runtime.callsite.PogoMetaMethodSite.callCurrent(PogoMetaMethodSite.java:61)
	at org.codehaus.groovy.runtime.callsite.AbstractCallSite.callCurrent(AbstractCallSite.java:185)
	at io.restassured.internal.ResponseSpecificationImpl.statusCode(ResponseSpecificationImpl.groovy:126)
	at io.restassured.specification.ResponseSpecification$statusCode$0.callCurrent(Unknown Source)
	at io.restassured.internal.ResponseSpecificationImpl.statusCode(ResponseSpecificationImpl.groovy:134)
	at io.restassured.internal.ValidatableResponseOptionsImpl.statusCode(ValidatableResponseOptionsImpl.java:89)
	at io.restassured.internal.ValidatableResponseImpl.super$2$statusCode(ValidatableResponseImpl.groovy)
	at sun.reflect.NativeMethodAccessorImpl.invoke0(Native Method)
	at sun.reflect.NativeMethodAccessorImpl.invoke(NativeMethodAccessorImpl.java:62)
	at sun.reflect.DelegatingMethodAccessorImpl.invoke(DelegatingMethodAccessorImpl.java:43)
	at java.lang.reflect.Method.invoke(Method.java:498)
	at org.codehaus.groovy.reflection.CachedMethod.invoke(CachedMethod.java:107)
	at groovy.lang.MetaMethod.doMethodInvoke(MetaMethod.java:323)
	at groovy.lang.MetaClassImpl.invokeMethod(MetaClassImpl.java:1267)
	at org.codehaus.groovy.runtime.ScriptBytecodeAdapter.invokeMethodOnSuperN(ScriptBytecodeAdapter.java:144)
	at io.restassured.internal.ValidatableResponseImpl.statusCode(ValidatableResponseImpl.groovy:142)
	at io.restassured.internal.ValidatableResponseImpl.statusCode(ValidatableResponseImpl.groovy)
	at stepdef.MentorStepDef.responseCodeMentorShouldBe(MentorStepDef.java:185)
	at âœ½.response code mentor should be 200(classpath:features/Mentutor/mentor.feature:36)
&amp#27;[0m
  &amp#27;[36mAnd &amp#27;[0m&amp#27;[36mResponses body should be &amp#27;[0m&amp#27;[36m&amp#27;[1m"success get single task"&amp#27;[0m     &amp#27;[90m# stepdef.MentorStepDef.responsesBodyShouldBe(java.lang.String)&amp#27;[0m
  &amp#27;[36mAnd &amp#27;[0m&amp#27;[36mValidate JSON Schema &amp#27;[0m&amp#27;[36m&amp#27;[1m"GetDetailValidIdJsonSchema.json"&amp#27;[0m &amp#27;[90m# stepdef.MentorStepDef.validateJSONSchema(java.lang.String)&amp#27;[0m
]]></system-out>
  </testcase>
  <testcase name="Get task detail using special char on id" classname="mentor" time="2.791">
    <system-out><![CDATA[
@MENTUTOR
Scenario: Get task detail using special char on id                     &amp#27;[90m# features/Mentutor/mentor.feature:40&amp#27;[0m
20:10:05.266 [pool-2-thread-1] INFO  i.c.core.plugin.SerenityReporter - Running feature from classpath:features/Mentutor/mentor.feature
20:10:05.267 [pool-2-thread-1] INFO   - 
  _____   ___   ___   _____     ___   _____     _     ___   _____   ___   ___  
 |_   _| | __| / __| |_   _|   / __| |_   _|   /_\   | _ \ |_   _| | __| |   \ 
   | |   | _|  \__ \   | |     \__ \   | |    / _ \  |   /   | |   | _|  | |) |
   |_|   |___| |___/   |_|     |___/   |_|   /_/ \_\ |_|_\   |_|   |___| |___/ 

Get task detail using special char on id(mentor;get-task-detail-using-special-char-on-id)
--------------------------------------------------------------------------------
  &amp#27;[32mGiven &amp#27;[0m&amp#27;[32mGet task detail using special char on id &amp#27;[0m&amp#27;[32m&amp#27;[1m"&%$"&amp#27;[0m                 &amp#27;[90m# stepdef.MentorStepDef.getTaskDetailUsingSpecialCharOnId(java.lang.String)&amp#27;[0m
  &amp#27;[32mWhen &amp#27;[0m&amp#27;[32msend request Get task detail using special char on id&amp#27;[0m           &amp#27;[90m# stepdef.MentorStepDef.sendRequestGetTaskDetailUsingSpecialCharOnId()&amp#27;[0m
  &amp#27;[32mThen &amp#27;[0m&amp#27;[32mresponse code mentor should be &amp#27;[0m&amp#27;[32m&amp#27;[1m404&amp#27;[0m                              &amp#27;[90m# stepdef.MentorStepDef.responseCodeMentorShouldBe(int)&amp#27;[0m
  &amp#27;[32mAnd &amp#27;[0m&amp#27;[32mResponses body message error should be &amp#27;[0m&amp#27;[32m&amp#27;[1m"Task not found"&amp#27;[0m          &amp#27;[90m# stepdef.MentorStepDef.responsesBodyMessageErrorShouldBe(java.lang.String)&amp#27;[0m
  &amp#27;[32mAnd &amp#27;[0m&amp#27;[32mValidate JSON Schema &amp#27;[0m&amp#27;[32m&amp#27;[1m"GetTaskDetailSpecialCharIdJsonSchema.json"&amp#27;[0m &amp#27;[90m# stepdef.MentorStepDef.validateJSONSchema(java.lang.String)&amp#27;[0m
20:10:08.052 [pool-2-thread-1] INFO   - 
  _____   ___   ___   _____     ___     _     ___   ___   ___   ___  
 |_   _| | __| / __| |_   _|   | _ \   /_\   / __| / __| | __| |   \ 
   | |   | _|  \__ \   | |     |  _/  / _ \  \__ \ \__ \ | _|  | |) |
   |_|   |___| |___/   |_|     |_|   /_/ \_\ |___/ |___/ |___| |___/ 

Get task detail using special char on id
----------------------------------------------------------------------
]]></system-out>
  </testcase>
  <testcase name="Get task detail with doesn&apos;t exist id" classname="mentor" time="2.539">
    <system-out><![CDATA[
@MENTUTOR
Scenario: Get task detail with doesn't exist id                           &amp#27;[90m# features/Mentutor/mentor.feature:47&amp#27;[0m
20:10:08.060 [pool-2-thread-1] INFO  i.c.core.plugin.SerenityReporter - Running feature from classpath:features/Mentutor/mentor.feature
20:10:08.062 [pool-2-thread-1] INFO   - 
  _____   ___   ___   _____     ___   _____     _     ___   _____   ___   ___  
 |_   _| | __| / __| |_   _|   / __| |_   _|   /_\   | _ \ |_   _| | __| |   \ 
   | |   | _|  \__ \   | |     \__ \   | |    / _ \  |   /   | |   | _|  | |) |
   |_|   |___| |___/   |_|     |___/   |_|   /_/ \_\ |_|_\   |_|   |___| |___/ 

Get task detail with doesn't exist id(mentor;get-task-detail-with-doesn-t-exist-id)
--------------------------------------------------------------------------------
  &amp#27;[32mGiven &amp#27;[0m&amp#27;[32mGet task detail with doesn't exist id &amp#27;[0m&amp#27;[32m&amp#27;[1m23&amp#27;[0m                          &amp#27;[90m# stepdef.MentorStepDef.getTaskDetailWithDoesnTExistId(int)&amp#27;[0m
  &amp#27;[32mWhen &amp#27;[0m&amp#27;[32msend request Get task detail with doesn't exist id&amp#27;[0m                 &amp#27;[90m# stepdef.MentorStepDef.sendRequestGetTaskDetailWithDoesnTExistId()&amp#27;[0m
  &amp#27;[32mThen &amp#27;[0m&amp#27;[32mresponse code mentor should be &amp#27;[0m&amp#27;[32m&amp#27;[1m404&amp#27;[0m                                 &amp#27;[90m# stepdef.MentorStepDef.responseCodeMentorShouldBe(int)&amp#27;[0m
  &amp#27;[32mAnd &amp#27;[0m&amp#27;[32mResponses body message error should be &amp#27;[0m&amp#27;[32m&amp#27;[1m"Task not found"&amp#27;[0m             &amp#27;[90m# stepdef.MentorStepDef.responsesBodyMessageErrorShouldBe(java.lang.String)&amp#27;[0m
  &amp#27;[32mAnd &amp#27;[0m&amp#27;[32mValidate JSON Schema &amp#27;[0m&amp#27;[32m&amp#27;[1m"MentorGetDetailDoesn'tExistIdJsonSchema.json"&amp#27;[0m &amp#27;[90m# stepdef.MentorStepDef.validateJSONSchema(java.lang.String)&amp#27;[0m
20:10:10.592 [pool-2-thread-1] INFO   - 
  _____   ___   ___   _____     ___     _     ___   ___   ___   ___  
 |_   _| | __| / __| |_   _|   | _ \   /_\   / __| / __| | __| |   \ 
   | |   | _|  \__ \   | |     |  _/  / _ \  \__ \ \__ \ | _|  | |) |
   |_|   |___| |___/   |_|     |_|   /_/ \_\ |___/ |___/ |___| |___/ 

Get task detail with doesn't exist id
----------------------------------------------------------------------
]]></system-out>
  </testcase>
  <testcase name="Get task detail using alphabeth on id" classname="mentor" time="2.863">
    <system-out><![CDATA[
@MENTUTOR
Scenario: Get task detail using alphabeth on id                          &amp#27;[90m# features/Mentutor/mentor.feature:54&amp#27;[0m
20:10:10.596 [pool-2-thread-1] INFO  i.c.core.plugin.SerenityReporter - Running feature from classpath:features/Mentutor/mentor.feature
20:10:10.597 [pool-2-thread-1] INFO   - 
  _____   ___   ___   _____     ___   _____     _     ___   _____   ___   ___  
 |_   _| | __| / __| |_   _|   / __| |_   _|   /_\   | _ \ |_   _| | __| |   \ 
   | |   | _|  \__ \   | |     \__ \   | |    / _ \  |   /   | |   | _|  | |) |
   |_|   |___| |___/   |_|     |___/   |_|   /_/ \_\ |_|_\   |_|   |___| |___/ 

Get task detail using alphabeth on id(mentor;get-task-detail-using-alphabeth-on-id)
--------------------------------------------------------------------------------
  &amp#27;[32mGiven &amp#27;[0m&amp#27;[32mGet task detail using alphabeth on id &amp#27;[0m&amp#27;[32m&amp#27;[1m"lima"&amp#27;[0m                     &amp#27;[90m# stepdef.MentorStepDef.getTaskDetailUsingAlphabethOnId(java.lang.String)&amp#27;[0m
  &amp#27;[32mWhen &amp#27;[0m&amp#27;[32msend request Get task detail using alphabeth on id&amp#27;[0m                &amp#27;[90m# stepdef.MentorStepDef.sendRequestGetTaskDetailUsingAlphabethOnId()&amp#27;[0m
  &amp#27;[32mThen &amp#27;[0m&amp#27;[32mresponse code mentor should be &amp#27;[0m&amp#27;[32m&amp#27;[1m404&amp#27;[0m                                &amp#27;[90m# stepdef.MentorStepDef.responseCodeMentorShouldBe(int)&amp#27;[0m
  &amp#27;[32mAnd &amp#27;[0m&amp#27;[32mResponses body message error should be &amp#27;[0m&amp#27;[32m&amp#27;[1m"Task not found"&amp#27;[0m            &amp#27;[90m# stepdef.MentorStepDef.responsesBodyMessageErrorShouldBe(java.lang.String)&amp#27;[0m
  &amp#27;[32mAnd &amp#27;[0m&amp#27;[32mValidate JSON Schema &amp#27;[0m&amp#27;[32m&amp#27;[1m"MentorGetDetailAlphabethOnIdJsonSchema.json"&amp#27;[0m &amp#27;[90m# stepdef.MentorStepDef.validateJSONSchema(java.lang.String)&amp#27;[0m
20:10:13.455 [pool-2-thread-1] INFO   - 
  _____   ___   ___   _____     ___     _     ___   ___   ___   ___  
 |_   _| | __| / __| |_   _|   | _ \   /_\   / __| / __| | __| |   \ 
   | |   | _|  \__ \   | |     |  _/  / _ \  \__ \ \__ \ | _|  | |) |
   |_|   |___| |___/   |_|     |_|   /_/ \_\ |___/ |___/ |___| |___/ 

Get task detail using alphabeth on id
----------------------------------------------------------------------
]]></system-out>
  </testcase>
  <testcase name="Put update profile mentor with valid name" classname="mentor" time="4.175">
    <system-out><![CDATA[
@MENTUTOR
Scenario: Put update profile mentor with valid name                                                                       &amp#27;[90m# features/Mentutor/mentor.feature:66&amp#27;[0m
20:10:13.459 [pool-2-thread-1] INFO  i.c.core.plugin.SerenityReporter - Running feature from classpath:features/Mentutor/mentor.feature
20:10:13.460 [pool-2-thread-1] INFO   - 
  _____   ___   ___   _____     ___   _____     _     ___   _____   ___   ___  
 |_   _| | __| / __| |_   _|   / __| |_   _|   /_\   | _ \ |_   _| | __| |   \ 
   | |   | _|  \__ \   | |     \__ \   | |    / _ \  |   /   | |   | _|  | |) |
   |_|   |___| |___/   |_|     |___/   |_|   /_/ \_\ |_|_\   |_|   |___| |___/ 

Put update profile mentor with valid name(mentor;put-update-profile-mentor-with-valid-name)
--------------------------------------------------------------------------------
  &amp#27;[32mGiven &amp#27;[0m&amp#27;[32mchange body to name &amp#27;[0m&amp#27;[32m&amp#27;[1m"Amanda heriska"&amp#27;[0m&amp#27;[32m email &amp#27;[0m&amp#27;[32m&amp#27;[1m"amanda@gmail.com"&amp#27;[0m&amp#27;[32m password &amp#27;[0m&amp#27;[32m&amp#27;[1m"Amanda1234*"&amp#27;[0m&amp#27;[32m images &amp#27;[0m&amp#27;[32m&amp#27;[1m"PutUpdateMentor.png"&amp#27;[0m &amp#27;[90m# stepdef.MentorStepDef.changeBodyToNameEmailPasswordImages(java.lang.String,java.lang.String,java.lang.String,java.lang.String)&amp#27;[0m
  &amp#27;[32mWhen &amp#27;[0m&amp#27;[32mSend request mentor update profile user&amp#27;[0m                                                                            &amp#27;[90m# stepdef.MentorStepDef.sendRequestMentorUpdateProfileUser()&amp#27;[0m
  &amp#27;[32mThen &amp#27;[0m&amp#27;[32mresponse code mentor should be &amp#27;[0m&amp#27;[32m&amp#27;[1m201&amp#27;[0m                                                                                 &amp#27;[90m# stepdef.MentorStepDef.responseCodeMentorShouldBe(int)&amp#27;[0m
  &amp#27;[32mAnd &amp#27;[0m&amp#27;[32mResponses body should be &amp#27;[0m&amp#27;[32m&amp#27;[1m"success update profile"&amp#27;[0m                                                                   &amp#27;[90m# stepdef.MentorStepDef.responsesBodyShouldBe(java.lang.String)&amp#27;[0m
  &amp#27;[32mAnd &amp#27;[0m&amp#27;[32mValidate JSON Schema &amp#27;[0m&amp#27;[32m&amp#27;[1m"PutUpdateProfileMentorJsonSchema.json"&amp#27;[0m                                                        &amp#27;[90m# stepdef.MentorStepDef.validateJSONSchema(java.lang.String)&amp#27;[0m
20:10:17.630 [pool-2-thread-1] INFO   - 
  _____   ___   ___   _____     ___     _     ___   ___   ___   ___  
 |_   _| | __| / __| |_   _|   | _ \   /_\   / __| / __| | __| |   \ 
   | |   | _|  \__ \   | |     |  _/  / _ \  \__ \ \__ \ | _|  | |) |
   |_|   |___| |___/   |_|     |_|   /_/ \_\ |___/ |___/ |___| |___/ 

Put update profile mentor with valid name
----------------------------------------------------------------------
]]></system-out>
  </testcase>
  <testcase name="Put update profile mentor without using space on field name" classname="mentor" time="2.81">
    <failure message="1 expectation failed.&#10;Expected status code &lt;201&gt; but was &lt;400&gt;.&#10;" type="java.lang.AssertionError"><![CDATA[java.lang.AssertionError: 
1 expectation failed.
Expected status code <201> but was <400>.

]]></failure>
    <system-out><![CDATA[
@MENTUTOR
Scenario: Put update profile mentor without using space on field name                                                    &amp#27;[90m# features/Mentutor/mentor.feature:73&amp#27;[0m
20:10:17.634 [pool-2-thread-1] INFO  i.c.core.plugin.SerenityReporter - Running feature from classpath:features/Mentutor/mentor.feature
20:10:17.635 [pool-2-thread-1] INFO   - 
  _____   ___   ___   _____     ___   _____     _     ___   _____   ___   ___  
 |_   _| | __| / __| |_   _|   / __| |_   _|   /_\   | _ \ |_   _| | __| |   \ 
   | |   | _|  \__ \   | |     \__ \   | |    / _ \  |   /   | |   | _|  | |) |
   |_|   |___| |___/   |_|     |___/   |_|   /_/ \_\ |_|_\   |_|   |___| |___/ 

Put update profile mentor without using space on field name(mentor;put-update-profile-mentor-without-using-space-on-field-name)
--------------------------------------------------------------------------------
  &amp#27;[32mGiven &amp#27;[0m&amp#27;[32mchange body to name &amp#27;[0m&amp#27;[32m&amp#27;[1m"Amandaheriska"&amp#27;[0m&amp#27;[32m email &amp#27;[0m&amp#27;[32m&amp#27;[1m"amanda@gmail.com"&amp#27;[0m&amp#27;[32m password &amp#27;[0m&amp#27;[32m&amp#27;[1m"Amanda1234*"&amp#27;[0m&amp#27;[32m images &amp#27;[0m&amp#27;[32m&amp#27;[1m"PutUpdateMentor.png"&amp#27;[0m &amp#27;[90m# stepdef.MentorStepDef.changeBodyToNameEmailPasswordImages(java.lang.String,java.lang.String,java.lang.String,java.lang.String)&amp#27;[0m
  &amp#27;[32mWhen &amp#27;[0m&amp#27;[32mSend request mentor update profile user&amp#27;[0m                                                                           &amp#27;[90m# stepdef.MentorStepDef.sendRequestMentorUpdateProfileUser()&amp#27;[0m
  &amp#27;[31mThen &amp#27;[0m&amp#27;[31mresponse code mentor should be &amp#27;[0m&amp#27;[31m&amp#27;[1m201&amp#27;[0m                                                                                &amp#27;[90m# stepdef.MentorStepDef.responseCodeMentorShouldBe(int)&amp#27;[0m
      &amp#27;[31mjava.lang.AssertionError: 1 expectation failed.
Expected status code <201> but was <400>.

	at sun.reflect.NativeConstructorAccessorImpl.newInstance0(Native Method)
	at sun.reflect.NativeConstructorAccessorImpl.newInstance(NativeConstructorAccessorImpl.java:62)
	at sun.reflect.DelegatingConstructorAccessorImpl.newInstance(DelegatingConstructorAccessorImpl.java:45)
	at java.lang.reflect.Constructor.newInstance(Constructor.java:423)
	at org.codehaus.groovy.reflection.CachedConstructor.invoke(CachedConstructor.java:72)
	at org.codehaus.groovy.reflection.CachedConstructor.doConstructorInvoke(CachedConstructor.java:59)
	at org.codehaus.groovy.runtime.callsite.ConstructorSite$ConstructorSiteNoUnwrap.callConstructor(ConstructorSite.java:84)
	at org.codehaus.groovy.runtime.callsite.AbstractCallSite.callConstructor(AbstractCallSite.java:277)
	at io.restassured.internal.ResponseSpecificationImpl$HamcrestAssertionClosure.validate(ResponseSpecificationImpl.groovy:493)
	at io.restassured.internal.ResponseSpecificationImpl$HamcrestAssertionClosure$validate$1.call(Unknown Source)
	at io.restassured.internal.ResponseSpecificationImpl.validateResponseIfRequired(ResponseSpecificationImpl.groovy:674)
	at sun.reflect.GeneratedMethodAccessor89.invoke(Unknown Source)
	at sun.reflect.DelegatingMethodAccessorImpl.invoke(DelegatingMethodAccessorImpl.java:43)
	at java.lang.reflect.Method.invoke(Method.java:498)
	at org.codehaus.groovy.runtime.callsite.PlainObjectMetaMethodSite.doInvoke(PlainObjectMetaMethodSite.java:43)
	at org.codehaus.groovy.runtime.callsite.PogoMetaMethodSite$PogoCachedMethodSiteNoUnwrapNoCoerce.invoke(PogoMetaMethodSite.java:193)
	at org.codehaus.groovy.runtime.callsite.PogoMetaMethodSite.callCurrent(PogoMetaMethodSite.java:61)
	at org.codehaus.groovy.runtime.callsite.AbstractCallSite.callCurrent(AbstractCallSite.java:185)
	at io.restassured.internal.ResponseSpecificationImpl.statusCode(ResponseSpecificationImpl.groovy:126)
	at io.restassured.specification.ResponseSpecification$statusCode$0.callCurrent(Unknown Source)
	at io.restassured.internal.ResponseSpecificationImpl.statusCode(ResponseSpecificationImpl.groovy:134)
	at io.restassured.internal.ValidatableResponseOptionsImpl.statusCode(ValidatableResponseOptionsImpl.java:89)
	at io.restassured.internal.ValidatableResponseImpl.super$2$statusCode(ValidatableResponseImpl.groovy)
	at sun.reflect.NativeMethodAccessorImpl.invoke0(Native Method)
	at sun.reflect.NativeMethodAccessorImpl.invoke(NativeMethodAccessorImpl.java:62)
	at sun.reflect.DelegatingMethodAccessorImpl.invoke(DelegatingMethodAccessorImpl.java:43)
	at java.lang.reflect.Method.invoke(Method.java:498)
	at org.codehaus.groovy.reflection.CachedMethod.invoke(CachedMethod.java:107)
	at groovy.lang.MetaMethod.doMethodInvoke(MetaMethod.java:323)
	at groovy.lang.MetaClassImpl.invokeMethod(MetaClassImpl.java:1267)
	at org.codehaus.groovy.runtime.ScriptBytecodeAdapter.invokeMethodOnSuperN(ScriptBytecodeAdapter.java:144)
	at io.restassured.internal.ValidatableResponseImpl.statusCode(ValidatableResponseImpl.groovy:142)
	at io.restassured.internal.ValidatableResponseImpl.statusCode(ValidatableResponseImpl.groovy)
	at stepdef.MentorStepDef.responseCodeMentorShouldBe(MentorStepDef.java:185)
	at âœ½.response code mentor should be 201(classpath:features/Mentutor/mentor.feature:76)
&amp#27;[0m
  &amp#27;[36mAnd &amp#27;[0m&amp#27;[36mResponses body should be &amp#27;[0m&amp#27;[36m&amp#27;[1m"success update profile"&amp#27;[0m                                                                  &amp#27;[90m# stepdef.MentorStepDef.responsesBodyShouldBe(java.lang.String)&amp#27;[0m
  &amp#27;[36mAnd &amp#27;[0m&amp#27;[36mValidate JSON Schema &amp#27;[0m&amp#27;[36m&amp#27;[1m"PutUpdateProfileMentorJsonSchema.json"&amp#27;[0m                                                       &amp#27;[90m# stepdef.MentorStepDef.validateJSONSchema(java.lang.String)&amp#27;[0m
]]></system-out>
  </testcase>
  <testcase name="Put update profile mentor witohut using uppercase on field name" classname="mentor" time="2.949">
    <failure message="1 expectation failed.&#10;Expected status code &lt;201&gt; but was &lt;400&gt;.&#10;" type="java.lang.AssertionError"><![CDATA[java.lang.AssertionError: 
1 expectation failed.
Expected status code <201> but was <400>.

]]></failure>
    <system-out><![CDATA[
@MENTUTOR
Scenario: Put update profile mentor witohut using uppercase on field name                                                 &amp#27;[90m# features/Mentutor/mentor.feature:80&amp#27;[0m
20:10:20.444 [pool-2-thread-1] INFO  i.c.core.plugin.SerenityReporter - Running feature from classpath:features/Mentutor/mentor.feature
20:10:20.445 [pool-2-thread-1] INFO   - 
  _____   ___   ___   _____     ___   _____     _     ___   _____   ___   ___  
 |_   _| | __| / __| |_   _|   / __| |_   _|   /_\   | _ \ |_   _| | __| |   \ 
   | |   | _|  \__ \   | |     \__ \   | |    / _ \  |   /   | |   | _|  | |) |
   |_|   |___| |___/   |_|     |___/   |_|   /_/ \_\ |_|_\   |_|   |___| |___/ 

Put update profile mentor witohut using uppercase on field name(mentor;put-update-profile-mentor-witohut-using-uppercase-on-field-name)
--------------------------------------------------------------------------------
  &amp#27;[32mGiven &amp#27;[0m&amp#27;[32mchange body to name &amp#27;[0m&amp#27;[32m&amp#27;[1m"amanda heriska"&amp#27;[0m&amp#27;[32m email &amp#27;[0m&amp#27;[32m&amp#27;[1m"amanda@gmail.com"&amp#27;[0m&amp#27;[32m password &amp#27;[0m&amp#27;[32m&amp#27;[1m"Amanda1234*"&amp#27;[0m&amp#27;[32m images &amp#27;[0m&amp#27;[32m&amp#27;[1m"PutUpdateMentor.png"&amp#27;[0m &amp#27;[90m# stepdef.MentorStepDef.changeBodyToNameEmailPasswordImages(java.lang.String,java.lang.String,java.lang.String,java.lang.String)&amp#27;[0m
  &amp#27;[32mWhen &amp#27;[0m&amp#27;[32mSend request mentor update profile user&amp#27;[0m                                                                            &amp#27;[90m# stepdef.MentorStepDef.sendRequestMentorUpdateProfileUser()&amp#27;[0m
  &amp#27;[31mThen &amp#27;[0m&amp#27;[31mresponse code mentor should be &amp#27;[0m&amp#27;[31m&amp#27;[1m201&amp#27;[0m                                                                                 &amp#27;[90m# stepdef.MentorStepDef.responseCodeMentorShouldBe(int)&amp#27;[0m
      &amp#27;[31mjava.lang.AssertionError: 1 expectation failed.
Expected status code <201> but was <400>.

	at sun.reflect.NativeConstructorAccessorImpl.newInstance0(Native Method)
	at sun.reflect.NativeConstructorAccessorImpl.newInstance(NativeConstructorAccessorImpl.java:62)
	at sun.reflect.DelegatingConstructorAccessorImpl.newInstance(DelegatingConstructorAccessorImpl.java:45)
	at java.lang.reflect.Constructor.newInstance(Constructor.java:423)
	at org.codehaus.groovy.reflection.CachedConstructor.invoke(CachedConstructor.java:72)
	at org.codehaus.groovy.reflection.CachedConstructor.doConstructorInvoke(CachedConstructor.java:59)
	at org.codehaus.groovy.runtime.callsite.ConstructorSite$ConstructorSiteNoUnwrap.callConstructor(ConstructorSite.java:84)
	at org.codehaus.groovy.runtime.callsite.AbstractCallSite.callConstructor(AbstractCallSite.java:277)
	at io.restassured.internal.ResponseSpecificationImpl$HamcrestAssertionClosure.validate(ResponseSpecificationImpl.groovy:493)
	at io.restassured.internal.ResponseSpecificationImpl$HamcrestAssertionClosure$validate$1.call(Unknown Source)
	at io.restassured.internal.ResponseSpecificationImpl.validateResponseIfRequired(ResponseSpecificationImpl.groovy:674)
	at sun.reflect.GeneratedMethodAccessor89.invoke(Unknown Source)
	at sun.reflect.DelegatingMethodAccessorImpl.invoke(DelegatingMethodAccessorImpl.java:43)
	at java.lang.reflect.Method.invoke(Method.java:498)
	at org.codehaus.groovy.runtime.callsite.PlainObjectMetaMethodSite.doInvoke(PlainObjectMetaMethodSite.java:43)
	at org.codehaus.groovy.runtime.callsite.PogoMetaMethodSite$PogoCachedMethodSiteNoUnwrapNoCoerce.invoke(PogoMetaMethodSite.java:193)
	at org.codehaus.groovy.runtime.callsite.PogoMetaMethodSite.callCurrent(PogoMetaMethodSite.java:61)
	at org.codehaus.groovy.runtime.callsite.AbstractCallSite.callCurrent(AbstractCallSite.java:185)
	at io.restassured.internal.ResponseSpecificationImpl.statusCode(ResponseSpecificationImpl.groovy:126)
	at io.restassured.specification.ResponseSpecification$statusCode$0.callCurrent(Unknown Source)
	at io.restassured.internal.ResponseSpecificationImpl.statusCode(ResponseSpecificationImpl.groovy:134)
	at io.restassured.internal.ValidatableResponseOptionsImpl.statusCode(ValidatableResponseOptionsImpl.java:89)
	at io.restassured.internal.ValidatableResponseImpl.super$2$statusCode(ValidatableResponseImpl.groovy)
	at sun.reflect.NativeMethodAccessorImpl.invoke0(Native Method)
	at sun.reflect.NativeMethodAccessorImpl.invoke(NativeMethodAccessorImpl.java:62)
	at sun.reflect.DelegatingMethodAccessorImpl.invoke(DelegatingMethodAccessorImpl.java:43)
	at java.lang.reflect.Method.invoke(Method.java:498)
	at org.codehaus.groovy.reflection.CachedMethod.invoke(CachedMethod.java:107)
	at groovy.lang.MetaMethod.doMethodInvoke(MetaMethod.java:323)
	at groovy.lang.MetaClassImpl.invokeMethod(MetaClassImpl.java:1267)
	at org.codehaus.groovy.runtime.ScriptBytecodeAdapter.invokeMethodOnSuperN(ScriptBytecodeAdapter.java:144)
	at io.restassured.internal.ValidatableResponseImpl.statusCode(ValidatableResponseImpl.groovy:142)
	at io.restassured.internal.ValidatableResponseImpl.statusCode(ValidatableResponseImpl.groovy)
	at stepdef.MentorStepDef.responseCodeMentorShouldBe(MentorStepDef.java:185)
	at âœ½.response code mentor should be 201(classpath:features/Mentutor/mentor.feature:83)
&amp#27;[0m
  &amp#27;[36mAnd &amp#27;[0m&amp#27;[36mResponses body should be &amp#27;[0m&amp#27;[36m&amp#27;[1m"success update profile"&amp#27;[0m                                                                   &amp#27;[90m# stepdef.MentorStepDef.responsesBodyShouldBe(java.lang.String)&amp#27;[0m
  &amp#27;[36mAnd &amp#27;[0m&amp#27;[36mValidate JSON Schema &amp#27;[0m&amp#27;[36m&amp#27;[1m"PutUpdateProfileMentorJsonSchema.json"&amp#27;[0m                                                        &amp#27;[90m# stepdef.MentorStepDef.validateJSONSchema(java.lang.String)&amp#27;[0m
]]></system-out>
  </testcase>
  <testcase name="Put update profile mentor with invalid email" classname="mentor" time="3.122">
    <system-out><![CDATA[
@MENTUTOR
Scenario: Put update profile mentor with invalid email                                                                   &amp#27;[90m# features/Mentutor/mentor.feature:87&amp#27;[0m
20:10:23.395 [pool-2-thread-1] INFO  i.c.core.plugin.SerenityReporter - Running feature from classpath:features/Mentutor/mentor.feature
20:10:23.396 [pool-2-thread-1] INFO   - 
  _____   ___   ___   _____     ___   _____     _     ___   _____   ___   ___  
 |_   _| | __| / __| |_   _|   / __| |_   _|   /_\   | _ \ |_   _| | __| |   \ 
   | |   | _|  \__ \   | |     \__ \   | |    / _ \  |   /   | |   | _|  | |) |
   |_|   |___| |___/   |_|     |___/   |_|   /_/ \_\ |_|_\   |_|   |___| |___/ 

Put update profile mentor with invalid email(mentor;put-update-profile-mentor-with-invalid-email)
--------------------------------------------------------------------------------
  &amp#27;[32mGiven &amp#27;[0m&amp#27;[32mchange body to name &amp#27;[0m&amp#27;[32m&amp#27;[1m"Amanda heriska"&amp#27;[0m&amp#27;[32m email &amp#27;[0m&amp#27;[32m&amp#27;[1m"amandagmail.com"&amp#27;[0m&amp#27;[32m password &amp#27;[0m&amp#27;[32m&amp#27;[1m"Amanda1234*"&amp#27;[0m&amp#27;[32m images &amp#27;[0m&amp#27;[32m&amp#27;[1m"PutUpdateMentor.png"&amp#27;[0m &amp#27;[90m# stepdef.MentorStepDef.changeBodyToNameEmailPasswordImages(java.lang.String,java.lang.String,java.lang.String,java.lang.String)&amp#27;[0m
  &amp#27;[32mWhen &amp#27;[0m&amp#27;[32mSend request mentor update profile user&amp#27;[0m                                                                           &amp#27;[90m# stepdef.MentorStepDef.sendRequestMentorUpdateProfileUser()&amp#27;[0m
  &amp#27;[32mThen &amp#27;[0m&amp#27;[32mresponse code mentor should be &amp#27;[0m&amp#27;[32m&amp#27;[1m400&amp#27;[0m                                                                                &amp#27;[90m# stepdef.MentorStepDef.responseCodeMentorShouldBe(int)&amp#27;[0m
  &amp#27;[32mAnd &amp#27;[0m&amp#27;[32mResponses body message error should be &amp#27;[0m&amp#27;[32m&amp#27;[1m"Invalid Input From Client"&amp#27;[0m                                                 &amp#27;[90m# stepdef.MentorStepDef.responsesBodyMessageErrorShouldBe(java.lang.String)&amp#27;[0m
  &amp#27;[32mAnd &amp#27;[0m&amp#27;[32mValidate JSON Schema &amp#27;[0m&amp#27;[32m&amp#27;[1m"MentorPutUpdateProfileMentorInvalidEmailJsonSchema.json"&amp#27;[0m                                     &amp#27;[90m# stepdef.MentorStepDef.validateJSONSchema(java.lang.String)&amp#27;[0m
20:10:26.513 [pool-2-thread-1] INFO   - 
  _____   ___   ___   _____     ___     _     ___   ___   ___   ___  
 |_   _| | __| / __| |_   _|   | _ \   /_\   / __| / __| | __| |   \ 
   | |   | _|  \__ \   | |     |  _/  / _ \  \__ \ \__ \ | _|  | |) |
   |_|   |___| |___/   |_|     |_|   /_/ \_\ |___/ |___/ |___| |___/ 

Put update profile mentor with invalid email
----------------------------------------------------------------------
]]></system-out>
  </testcase>
  <testcase name="Put update profile mentor without input name,email,password" classname="mentor" time="3.528">
    <failure message="1 expectation failed.&#10;Expected status code &lt;400&gt; but was &lt;201&gt;.&#10;" type="java.lang.AssertionError"><![CDATA[java.lang.AssertionError: 
1 expectation failed.
Expected status code <400> but was <201>.

]]></failure>
    <system-out><![CDATA[
@MENTUTOR
Scenario: Put update profile mentor without input name,email,password                &amp#27;[90m# features/Mentutor/mentor.feature:94&amp#27;[0m
20:10:26.517 [pool-2-thread-1] INFO  i.c.core.plugin.SerenityReporter - Running feature from classpath:features/Mentutor/mentor.feature
20:10:26.518 [pool-2-thread-1] INFO   - 
  _____   ___   ___   _____     ___   _____     _     ___   _____   ___   ___  
 |_   _| | __| / __| |_   _|   / __| |_   _|   /_\   | _ \ |_   _| | __| |   \ 
   | |   | _|  \__ \   | |     \__ \   | |    / _ \  |   /   | |   | _|  | |) |
   |_|   |___| |___/   |_|     |___/   |_|   /_/ \_\ |_|_\   |_|   |___| |___/ 

Put update profile mentor without input name,email,password(mentor;put-update-profile-mentor-without-input-name-email-password)
--------------------------------------------------------------------------------
  &amp#27;[32mGiven &amp#27;[0m&amp#27;[32mchange body to name &amp#27;[0m&amp#27;[32m&amp#27;[1m""&amp#27;[0m&amp#27;[32m email &amp#27;[0m&amp#27;[32m&amp#27;[1m""&amp#27;[0m&amp#27;[32m password &amp#27;[0m&amp#27;[32m&amp#27;[1m""&amp#27;[0m&amp#27;[32m images &amp#27;[0m&amp#27;[32m&amp#27;[1m""&amp#27;[0m                        &amp#27;[90m# stepdef.MentorStepDef.changeBodyToNameEmailPasswordImages(java.lang.String,java.lang.String,java.lang.String,java.lang.String)&amp#27;[0m
  &amp#27;[32mWhen &amp#27;[0m&amp#27;[32mSend request mentor update profile user without input name,email,password&amp#27;[0m     &amp#27;[90m# stepdef.MentorStepDef.sendRequestMentorUpdateProfileUserWithoutInputNameEmailPassword()&amp#27;[0m
  &amp#27;[31mThen &amp#27;[0m&amp#27;[31mresponse code mentor should be &amp#27;[0m&amp#27;[31m&amp#27;[1m400&amp#27;[0m                                            &amp#27;[90m# stepdef.MentorStepDef.responseCodeMentorShouldBe(int)&amp#27;[0m
      &amp#27;[31mjava.lang.AssertionError: 1 expectation failed.
Expected status code <400> but was <201>.

	at sun.reflect.NativeConstructorAccessorImpl.newInstance0(Native Method)
	at sun.reflect.NativeConstructorAccessorImpl.newInstance(NativeConstructorAccessorImpl.java:62)
	at sun.reflect.DelegatingConstructorAccessorImpl.newInstance(DelegatingConstructorAccessorImpl.java:45)
	at java.lang.reflect.Constructor.newInstance(Constructor.java:423)
	at org.codehaus.groovy.reflection.CachedConstructor.invoke(CachedConstructor.java:72)
	at org.codehaus.groovy.reflection.CachedConstructor.doConstructorInvoke(CachedConstructor.java:59)
	at org.codehaus.groovy.runtime.callsite.ConstructorSite$ConstructorSiteNoUnwrap.callConstructor(ConstructorSite.java:84)
	at org.codehaus.groovy.runtime.callsite.AbstractCallSite.callConstructor(AbstractCallSite.java:277)
	at io.restassured.internal.ResponseSpecificationImpl$HamcrestAssertionClosure.validate(ResponseSpecificationImpl.groovy:493)
	at io.restassured.internal.ResponseSpecificationImpl$HamcrestAssertionClosure$validate$1.call(Unknown Source)
	at io.restassured.internal.ResponseSpecificationImpl.validateResponseIfRequired(ResponseSpecificationImpl.groovy:674)
	at sun.reflect.GeneratedMethodAccessor89.invoke(Unknown Source)
	at sun.reflect.DelegatingMethodAccessorImpl.invoke(DelegatingMethodAccessorImpl.java:43)
	at java.lang.reflect.Method.invoke(Method.java:498)
	at org.codehaus.groovy.runtime.callsite.PlainObjectMetaMethodSite.doInvoke(PlainObjectMetaMethodSite.java:43)
	at org.codehaus.groovy.runtime.callsite.PogoMetaMethodSite$PogoCachedMethodSiteNoUnwrapNoCoerce.invoke(PogoMetaMethodSite.java:193)
	at org.codehaus.groovy.runtime.callsite.PogoMetaMethodSite.callCurrent(PogoMetaMethodSite.java:61)
	at org.codehaus.groovy.runtime.callsite.AbstractCallSite.callCurrent(AbstractCallSite.java:185)
	at io.restassured.internal.ResponseSpecificationImpl.statusCode(ResponseSpecificationImpl.groovy:126)
	at io.restassured.specification.ResponseSpecification$statusCode$0.callCurrent(Unknown Source)
	at io.restassured.internal.ResponseSpecificationImpl.statusCode(ResponseSpecificationImpl.groovy:134)
	at io.restassured.internal.ValidatableResponseOptionsImpl.statusCode(ValidatableResponseOptionsImpl.java:89)
	at io.restassured.internal.ValidatableResponseImpl.super$2$statusCode(ValidatableResponseImpl.groovy)
	at sun.reflect.NativeMethodAccessorImpl.invoke0(Native Method)
	at sun.reflect.NativeMethodAccessorImpl.invoke(NativeMethodAccessorImpl.java:62)
	at sun.reflect.DelegatingMethodAccessorImpl.invoke(DelegatingMethodAccessorImpl.java:43)
	at java.lang.reflect.Method.invoke(Method.java:498)
	at org.codehaus.groovy.reflection.CachedMethod.invoke(CachedMethod.java:107)
	at groovy.lang.MetaMethod.doMethodInvoke(MetaMethod.java:323)
	at groovy.lang.MetaClassImpl.invokeMethod(MetaClassImpl.java:1267)
	at org.codehaus.groovy.runtime.ScriptBytecodeAdapter.invokeMethodOnSuperN(ScriptBytecodeAdapter.java:144)
	at io.restassured.internal.ValidatableResponseImpl.statusCode(ValidatableResponseImpl.groovy:142)
	at io.restassured.internal.ValidatableResponseImpl.statusCode(ValidatableResponseImpl.groovy)
	at stepdef.MentorStepDef.responseCodeMentorShouldBe(MentorStepDef.java:185)
	at âœ½.response code mentor should be 400(classpath:features/Mentutor/mentor.feature:97)
&amp#27;[0m
  &amp#27;[36mAnd &amp#27;[0m&amp#27;[36mResponses body message error should be &amp#27;[0m&amp#27;[36m&amp#27;[1m"Invalid Input From Client"&amp#27;[0m             &amp#27;[90m# stepdef.MentorStepDef.responsesBodyMessageErrorShouldBe(java.lang.String)&amp#27;[0m
  &amp#27;[36mAnd &amp#27;[0m&amp#27;[36mValidate JSON Schema &amp#27;[0m&amp#27;[36m&amp#27;[1m"MentorPutUpdateProfileMentorInvalidEmailJsonSchema.json"&amp#27;[0m &amp#27;[90m# stepdef.MentorStepDef.validateJSONSchema(java.lang.String)&amp#27;[0m
]]></system-out>
  </testcase>
  <testcase name="Put update task with valid id and valid body" classname="mentor" time="4.093">
    <system-out><![CDATA[
@MENTUTOR
Scenario: Put update task with valid id and valid body                                                                                                          &amp#27;[90m# features/Mentutor/mentor.feature:108&amp#27;[0m
20:10:30.047 [pool-2-thread-1] INFO  i.c.core.plugin.SerenityReporter - Running feature from classpath:features/Mentutor/mentor.feature
20:10:30.048 [pool-2-thread-1] INFO   - 
  _____   ___   ___   _____     ___   _____     _     ___   _____   ___   ___  
 |_   _| | __| / __| |_   _|   / __| |_   _|   /_\   | _ \ |_   _| | __| |   \ 
   | |   | _|  \__ \   | |     \__ \   | |    / _ \  |   /   | |   | _|  | |) |
   |_|   |___| |___/   |_|     |___/   |_|   /_/ \_\ |_|_\   |_|   |___| |___/ 

Put update task with valid id and valid body(mentor;put-update-task-with-valid-id-and-valid-body)
--------------------------------------------------------------------------------
  &amp#27;[32mGiven &amp#27;[0m&amp#27;[32mchange id &amp#27;[0m&amp#27;[32m&amp#27;[1m1&amp#27;[0m&amp#27;[32m and body to title &amp#27;[0m&amp#27;[32m&amp#27;[1m"sosial"&amp#27;[0m&amp#27;[32m description &amp#27;[0m&amp#27;[32m&amp#27;[1m"tugas"&amp#27;[0m&amp#27;[32m due date &amp#27;[0m&amp#27;[32m&amp#27;[1m"2023-4-12"&amp#27;[0m&amp#27;[32m attachment &amp#27;[0m&amp#27;[32m&amp#27;[1m"MentorUpdateTask.docx"&amp#27;[0m&amp#27;[32m images &amp#27;[0m&amp#27;[32m&amp#27;[1m"MentorUpdateTaskPetapng.png"&amp#27;[0m &amp#27;[90m# stepdef.MentorStepDef.changeBodyToTitleDescriptionDueDateAttachmentImages(int,java.lang.String,java.lang.String,java.lang.String,java.lang.String,java.lang.String)&amp#27;[0m
  &amp#27;[32mWhen &amp#27;[0m&amp#27;[32mSend request mentor update task&amp#27;[0m                                                                                                                          &amp#27;[90m# stepdef.MentorStepDef.sendRequestMentorUpdateTask()&amp#27;[0m
  &amp#27;[32mThen &amp#27;[0m&amp#27;[32mresponse code mentor should be &amp#27;[0m&amp#27;[32m&amp#27;[1m201&amp#27;[0m                                                                                                                       &amp#27;[90m# stepdef.MentorStepDef.responseCodeMentorShouldBe(int)&amp#27;[0m
  &amp#27;[32mAnd &amp#27;[0m&amp#27;[32mResponses body should be &amp#27;[0m&amp#27;[32m&amp#27;[1m"success get single task"&amp#27;[0m                                                                                                        &amp#27;[90m# stepdef.MentorStepDef.responsesBodyShouldBe(java.lang.String)&amp#27;[0m
  &amp#27;[32mAnd &amp#27;[0m&amp#27;[32mValidate JSON Schema &amp#27;[0m&amp#27;[32m&amp#27;[1m"MentorPutUpdateTaskValidIdJsonSchema.json"&amp#27;[0m                                                                                          &amp#27;[90m# stepdef.MentorStepDef.validateJSONSchema(java.lang.String)&amp#27;[0m
20:10:34.137 [pool-2-thread-1] INFO   - 
  _____   ___   ___   _____     ___     _     ___   ___   ___   ___  
 |_   _| | __| / __| |_   _|   | _ \   /_\   / __| / __| | __| |   \ 
   | |   | _|  \__ \   | |     |  _/  / _ \  \__ \ \__ \ | _|  | |) |
   |_|   |___| |___/   |_|     |_|   /_/ \_\ |___/ |___/ |___| |___/ 

Put update task with valid id and valid body
----------------------------------------------------------------------
]]></system-out>
  </testcase>
  <testcase name="Put update task with invalid id and valid body #1" classname="mentor" time="3.119">
    <system-out><![CDATA[
@MENTUTOR
Scenario Outline: Put update task with invalid id and valid body                                                                                                     &amp#27;[90m# features/Mentutor/mentor.feature:123&amp#27;[0m
20:10:34.140 [pool-2-thread-1] INFO  i.c.core.plugin.SerenityReporter - Running feature from classpath:features/Mentutor/mentor.feature
20:10:34.155 [pool-2-thread-1] INFO   - 
  _____   ___   ___   _____     ___   _____     _     ___   _____   ___   ___  
 |_   _| | __| / __| |_   _|   / __| |_   _|   /_\   | _ \ |_   _| | __| |   \ 
   | |   | _|  \__ \   | |     \__ \   | |    / _ \  |   /   | |   | _|  | |) |
   |_|   |___| |___/   |_|     |___/   |_|   /_/ \_\ |_|_\   |_|   |___| |___/ 

Put update task with invalid id and valid body(mentor;put-update-task-with-invalid-id-and-valid-body)
--------------------------------------------------------------------------------
  &amp#27;[32mGiven &amp#27;[0m&amp#27;[32mchange id &amp#27;[0m&amp#27;[32m&amp#27;[1m"satu"&amp#27;[0m&amp#27;[32m and body to title &amp#27;[0m&amp#27;[32m&amp#27;[1m"sosial"&amp#27;[0m&amp#27;[32m description &amp#27;[0m&amp#27;[32m&amp#27;[1m"tugas"&amp#27;[0m&amp#27;[32m due date &amp#27;[0m&amp#27;[32m&amp#27;[1m"2023-4-12"&amp#27;[0m&amp#27;[32m attachment &amp#27;[0m&amp#27;[32m&amp#27;[1m"MentorUpdateTask.docx"&amp#27;[0m&amp#27;[32m images &amp#27;[0m&amp#27;[32m&amp#27;[1m"MentorUpdateTaskPetapng.png"&amp#27;[0m &amp#27;[90m# stepdef.MentorStepDef.changeIdAndBodyToTitleDescriptionDueDateAttachmentImages(java.lang.String,java.lang.String,java.lang.String,java.lang.String,java.lang.String,java.lang.String)&amp#27;[0m
  &amp#27;[32mWhen &amp#27;[0m&amp#27;[32mSend request mentor update task&amp#27;[0m                                                                                                                               &amp#27;[90m# stepdef.MentorStepDef.sendRequestMentorUpdateTask()&amp#27;[0m
  &amp#27;[32mThen &amp#27;[0m&amp#27;[32mresponse code mentor should be &amp#27;[0m&amp#27;[32m&amp#27;[1m400&amp#27;[0m                                                                                                                            &amp#27;[90m# stepdef.MentorStepDef.responseCodeMentorShouldBe(int)&amp#27;[0m
  &amp#27;[32mAnd &amp#27;[0m&amp#27;[32mResponses body message error should be &amp#27;[0m&amp#27;[32m&amp#27;[1m"Invalid Input From Client"&amp#27;[0m                                                                                             &amp#27;[90m# stepdef.MentorStepDef.responsesBodyMessageErrorShouldBe(java.lang.String)&amp#27;[0m
  &amp#27;[32mAnd &amp#27;[0m&amp#27;[32mValidate JSON Schema &amp#27;[0m&amp#27;[32m&amp#27;[1m"MentorPutUpdateTaskInvalidIdJsonSchema.json"&amp#27;[0m                                                                                             &amp#27;[90m# stepdef.MentorStepDef.validateJSONSchema(java.lang.String)&amp#27;[0m
20:10:37.255 [pool-2-thread-1] INFO   - 
  _____   ___   ___   _____     ___     _     ___   ___   ___   ___  
 |_   _| | __| / __| |_   _|   | _ \   /_\   / __| / __| | __| |   \ 
   | |   | _|  \__ \   | |     |  _/  / _ \  \__ \ \__ \ | _|  | |) |
   |_|   |___| |___/   |_|     |_|   /_/ \_\ |___/ |___/ |___| |___/ 

Put update task with invalid id and valid body
----------------------------------------------------------------------
]]></system-out>
  </testcase>
  <testcase name="Put update task with invalid id and valid body #2" classname="mentor" time="2.94">
    <system-out><![CDATA[
@MENTUTOR
Scenario Outline: Put update task with invalid id and valid body                                                                                                    &amp#27;[90m# features/Mentutor/mentor.feature:124&amp#27;[0m
20:10:37.259 [pool-2-thread-1] INFO  i.c.core.plugin.SerenityReporter - Running feature from classpath:features/Mentutor/mentor.feature
  &amp#27;[32mGiven &amp#27;[0m&amp#27;[32mchange id &amp#27;[0m&amp#27;[32m&amp#27;[1m"^&*"&amp#27;[0m&amp#27;[32m and body to title &amp#27;[0m&amp#27;[32m&amp#27;[1m"sosial"&amp#27;[0m&amp#27;[32m description &amp#27;[0m&amp#27;[32m&amp#27;[1m"tugas"&amp#27;[0m&amp#27;[32m due date &amp#27;[0m&amp#27;[32m&amp#27;[1m"2023-4-12"&amp#27;[0m&amp#27;[32m attachment &amp#27;[0m&amp#27;[32m&amp#27;[1m"MentorUpdateTask.docx"&amp#27;[0m&amp#27;[32m images &amp#27;[0m&amp#27;[32m&amp#27;[1m"MentorUpdateTaskPetapng.png"&amp#27;[0m &amp#27;[90m# stepdef.MentorStepDef.changeIdAndBodyToTitleDescriptionDueDateAttachmentImages(java.lang.String,java.lang.String,java.lang.String,java.lang.String,java.lang.String,java.lang.String)&amp#27;[0m
  &amp#27;[32mWhen &amp#27;[0m&amp#27;[32mSend request mentor update task&amp#27;[0m                                                                                                                              &amp#27;[90m# stepdef.MentorStepDef.sendRequestMentorUpdateTask()&amp#27;[0m
  &amp#27;[32mThen &amp#27;[0m&amp#27;[32mresponse code mentor should be &amp#27;[0m&amp#27;[32m&amp#27;[1m400&amp#27;[0m                                                                                                                           &amp#27;[90m# stepdef.MentorStepDef.responseCodeMentorShouldBe(int)&amp#27;[0m
  &amp#27;[32mAnd &amp#27;[0m&amp#27;[32mResponses body message error should be &amp#27;[0m&amp#27;[32m&amp#27;[1m"Invalid Input From Client"&amp#27;[0m                                                                                            &amp#27;[90m# stepdef.MentorStepDef.responsesBodyMessageErrorShouldBe(java.lang.String)&amp#27;[0m
  &amp#27;[32mAnd &amp#27;[0m&amp#27;[32mValidate JSON Schema &amp#27;[0m&amp#27;[32m&amp#27;[1m"MentorPutUpdateTaskInvalidIdJsonSchema.json"&amp#27;[0m                                                                                            &amp#27;[90m# stepdef.MentorStepDef.validateJSONSchema(java.lang.String)&amp#27;[0m
20:10:40.196 [pool-2-thread-1] INFO   - 
  _____   ___   ___   _____     ___     _     ___   ___   ___   ___  
 |_   _| | __| / __| |_   _|   | _ \   /_\   / __| / __| | __| |   \ 
   | |   | _|  \__ \   | |     |  _/  / _ \  \__ \ \__ \ | _|  | |) |
   |_|   |___| |___/   |_|     |_|   /_/ \_\ |___/ |___/ |___| |___/ 

Put update task with invalid id and valid body
----------------------------------------------------------------------
]]></system-out>
  </testcase>
  <testcase name="Put update task with valid id and invalid due date #1" classname="mentor" time="4.248">
    <failure message="1 expectation failed.&#10;Expected status code &lt;400&gt; but was &lt;201&gt;.&#10;" type="java.lang.AssertionError"><![CDATA[java.lang.AssertionError: 
1 expectation failed.
Expected status code <400> but was <201>.

]]></failure>
    <system-out><![CDATA[
@MENTUTOR
Scenario Outline: Put update task with valid id and invalid due date                                                                                             &amp#27;[90m# features/Mentutor/mentor.feature:134&amp#27;[0m
20:10:40.199 [pool-2-thread-1] INFO  i.c.core.plugin.SerenityReporter - Running feature from classpath:features/Mentutor/mentor.feature
20:10:40.200 [pool-2-thread-1] INFO   - 
  _____   ___   ___   _____     ___   _____     _     ___   _____   ___   ___  
 |_   _| | __| / __| |_   _|   / __| |_   _|   /_\   | _ \ |_   _| | __| |   \ 
   | |   | _|  \__ \   | |     \__ \   | |    / _ \  |   /   | |   | _|  | |) |
   |_|   |___| |___/   |_|     |___/   |_|   /_/ \_\ |_|_\   |_|   |___| |___/ 

Put update task with valid id and invalid due date(mentor;put-update-task-with-valid-id-and-invalid-due-date)
--------------------------------------------------------------------------------
  &amp#27;[32mGiven &amp#27;[0m&amp#27;[32mchange id &amp#27;[0m&amp#27;[32m&amp#27;[1m1&amp#27;[0m&amp#27;[32m and body to title &amp#27;[0m&amp#27;[32m&amp#27;[1m"sosial"&amp#27;[0m&amp#27;[32m description &amp#27;[0m&amp#27;[32m&amp#27;[1m"tugas"&amp#27;[0m&amp#27;[32m due date &amp#27;[0m&amp#27;[32m&amp#27;[1m"2023-14-12"&amp#27;[0m&amp#27;[32m attachment &amp#27;[0m&amp#27;[32m&amp#27;[1m"MentorUpdateTask.docx"&amp#27;[0m&amp#27;[32m images &amp#27;[0m&amp#27;[32m&amp#27;[1m"MentorUpdateTaskPetapng.png"&amp#27;[0m &amp#27;[90m# stepdef.MentorStepDef.changeBodyToTitleDescriptionDueDateAttachmentImages(int,java.lang.String,java.lang.String,java.lang.String,java.lang.String,java.lang.String)&amp#27;[0m
  &amp#27;[32mWhen &amp#27;[0m&amp#27;[32mSend request mentor update task&amp#27;[0m                                                                                                                           &amp#27;[90m# stepdef.MentorStepDef.sendRequestMentorUpdateTask()&amp#27;[0m
  &amp#27;[31mThen &amp#27;[0m&amp#27;[31mresponse code mentor should be &amp#27;[0m&amp#27;[31m&amp#27;[1m400&amp#27;[0m                                                                                                                        &amp#27;[90m# stepdef.MentorStepDef.responseCodeMentorShouldBe(int)&amp#27;[0m
      &amp#27;[31mjava.lang.AssertionError: 1 expectation failed.
Expected status code <400> but was <201>.

	at sun.reflect.NativeConstructorAccessorImpl.newInstance0(Native Method)
	at sun.reflect.NativeConstructorAccessorImpl.newInstance(NativeConstructorAccessorImpl.java:62)
	at sun.reflect.DelegatingConstructorAccessorImpl.newInstance(DelegatingConstructorAccessorImpl.java:45)
	at java.lang.reflect.Constructor.newInstance(Constructor.java:423)
	at org.codehaus.groovy.reflection.CachedConstructor.invoke(CachedConstructor.java:72)
	at org.codehaus.groovy.reflection.CachedConstructor.doConstructorInvoke(CachedConstructor.java:59)
	at org.codehaus.groovy.runtime.callsite.ConstructorSite$ConstructorSiteNoUnwrap.callConstructor(ConstructorSite.java:84)
	at org.codehaus.groovy.runtime.callsite.AbstractCallSite.callConstructor(AbstractCallSite.java:277)
	at io.restassured.internal.ResponseSpecificationImpl$HamcrestAssertionClosure.validate(ResponseSpecificationImpl.groovy:493)
	at io.restassured.internal.ResponseSpecificationImpl$HamcrestAssertionClosure$validate$1.call(Unknown Source)
	at io.restassured.internal.ResponseSpecificationImpl.validateResponseIfRequired(ResponseSpecificationImpl.groovy:674)
	at sun.reflect.GeneratedMethodAccessor89.invoke(Unknown Source)
	at sun.reflect.DelegatingMethodAccessorImpl.invoke(DelegatingMethodAccessorImpl.java:43)
	at java.lang.reflect.Method.invoke(Method.java:498)
	at org.codehaus.groovy.runtime.callsite.PlainObjectMetaMethodSite.doInvoke(PlainObjectMetaMethodSite.java:43)
	at org.codehaus.groovy.runtime.callsite.PogoMetaMethodSite$PogoCachedMethodSiteNoUnwrapNoCoerce.invoke(PogoMetaMethodSite.java:193)
	at org.codehaus.groovy.runtime.callsite.PogoMetaMethodSite.callCurrent(PogoMetaMethodSite.java:61)
	at org.codehaus.groovy.runtime.callsite.AbstractCallSite.callCurrent(AbstractCallSite.java:185)
	at io.restassured.internal.ResponseSpecificationImpl.statusCode(ResponseSpecificationImpl.groovy:126)
	at io.restassured.specification.ResponseSpecification$statusCode$0.callCurrent(Unknown Source)
	at io.restassured.internal.ResponseSpecificationImpl.statusCode(ResponseSpecificationImpl.groovy:134)
	at io.restassured.internal.ValidatableResponseOptionsImpl.statusCode(ValidatableResponseOptionsImpl.java:89)
	at io.restassured.internal.ValidatableResponseImpl.super$2$statusCode(ValidatableResponseImpl.groovy)
	at sun.reflect.NativeMethodAccessorImpl.invoke0(Native Method)
	at sun.reflect.NativeMethodAccessorImpl.invoke(NativeMethodAccessorImpl.java:62)
	at sun.reflect.DelegatingMethodAccessorImpl.invoke(DelegatingMethodAccessorImpl.java:43)
	at java.lang.reflect.Method.invoke(Method.java:498)
	at org.codehaus.groovy.reflection.CachedMethod.invoke(CachedMethod.java:107)
	at groovy.lang.MetaMethod.doMethodInvoke(MetaMethod.java:323)
	at groovy.lang.MetaClassImpl.invokeMethod(MetaClassImpl.java:1267)
	at org.codehaus.groovy.runtime.ScriptBytecodeAdapter.invokeMethodOnSuperN(ScriptBytecodeAdapter.java:144)
	at io.restassured.internal.ValidatableResponseImpl.statusCode(ValidatableResponseImpl.groovy:142)
	at io.restassured.internal.ValidatableResponseImpl.statusCode(ValidatableResponseImpl.groovy)
	at stepdef.MentorStepDef.responseCodeMentorShouldBe(MentorStepDef.java:185)
	at âœ½.response code mentor should be 400(classpath:features/Mentutor/mentor.feature:129)
&amp#27;[0m
  &amp#27;[36mAnd &amp#27;[0m&amp#27;[36mResponses body message error should be &amp#27;[0m&amp#27;[36m&amp#27;[1m"Invalid Input From Client"&amp#27;[0m                                                                                         &amp#27;[90m# stepdef.MentorStepDef.responsesBodyMessageErrorShouldBe(java.lang.String)&amp#27;[0m
  &amp#27;[36mAnd &amp#27;[0m&amp#27;[36mValidate JSON Schema &amp#27;[0m&amp#27;[36m&amp#27;[1m"MentorPutUpdateTaskInvalidIdJsonSchema.json"&amp#27;[0m                                                                                         &amp#27;[90m# stepdef.MentorStepDef.validateJSONSchema(java.lang.String)&amp#27;[0m
]]></system-out>
  </testcase>
  <testcase name="Put update task with valid id and invalid due date #2" classname="mentor" time="4.149">
    <failure message="1 expectation failed.&#10;Expected status code &lt;400&gt; but was &lt;201&gt;.&#10;" type="java.lang.AssertionError"><![CDATA[java.lang.AssertionError: 
1 expectation failed.
Expected status code <400> but was <201>.

]]></failure>
    <system-out><![CDATA[
@MENTUTOR
Scenario Outline: Put update task with valid id and invalid due date                                                                                            &amp#27;[90m# features/Mentutor/mentor.feature:135&amp#27;[0m
20:10:44.451 [pool-2-thread-1] INFO  i.c.core.plugin.SerenityReporter - Running feature from classpath:features/Mentutor/mentor.feature
  &amp#27;[32mGiven &amp#27;[0m&amp#27;[32mchange id &amp#27;[0m&amp#27;[32m&amp#27;[1m4&amp#27;[0m&amp#27;[32m and body to title &amp#27;[0m&amp#27;[32m&amp#27;[1m"sosial"&amp#27;[0m&amp#27;[32m description &amp#27;[0m&amp#27;[32m&amp#27;[1m"tugas"&amp#27;[0m&amp#27;[32m due date &amp#27;[0m&amp#27;[32m&amp#27;[1m"2023-4-50"&amp#27;[0m&amp#27;[32m attachment &amp#27;[0m&amp#27;[32m&amp#27;[1m"MentorUpdateTask.docx"&amp#27;[0m&amp#27;[32m images &amp#27;[0m&amp#27;[32m&amp#27;[1m"MentorUpdateTaskPetapng.png"&amp#27;[0m &amp#27;[90m# stepdef.MentorStepDef.changeBodyToTitleDescriptionDueDateAttachmentImages(int,java.lang.String,java.lang.String,java.lang.String,java.lang.String,java.lang.String)&amp#27;[0m
  &amp#27;[32mWhen &amp#27;[0m&amp#27;[32mSend request mentor update task&amp#27;[0m                                                                                                                          &amp#27;[90m# stepdef.MentorStepDef.sendRequestMentorUpdateTask()&amp#27;[0m
  &amp#27;[31mThen &amp#27;[0m&amp#27;[31mresponse code mentor should be &amp#27;[0m&amp#27;[31m&amp#27;[1m400&amp#27;[0m                                                                                                                       &amp#27;[90m# stepdef.MentorStepDef.responseCodeMentorShouldBe(int)&amp#27;[0m
      &amp#27;[31mjava.lang.AssertionError: 1 expectation failed.
Expected status code <400> but was <201>.

	at sun.reflect.NativeConstructorAccessorImpl.newInstance0(Native Method)
	at sun.reflect.NativeConstructorAccessorImpl.newInstance(NativeConstructorAccessorImpl.java:62)
	at sun.reflect.DelegatingConstructorAccessorImpl.newInstance(DelegatingConstructorAccessorImpl.java:45)
	at java.lang.reflect.Constructor.newInstance(Constructor.java:423)
	at org.codehaus.groovy.reflection.CachedConstructor.invoke(CachedConstructor.java:72)
	at org.codehaus.groovy.reflection.CachedConstructor.doConstructorInvoke(CachedConstructor.java:59)
	at org.codehaus.groovy.runtime.callsite.ConstructorSite$ConstructorSiteNoUnwrap.callConstructor(ConstructorSite.java:84)
	at org.codehaus.groovy.runtime.callsite.AbstractCallSite.callConstructor(AbstractCallSite.java:277)
	at io.restassured.internal.ResponseSpecificationImpl$HamcrestAssertionClosure.validate(ResponseSpecificationImpl.groovy:493)
	at io.restassured.internal.ResponseSpecificationImpl$HamcrestAssertionClosure$validate$1.call(Unknown Source)
	at io.restassured.internal.ResponseSpecificationImpl.validateResponseIfRequired(ResponseSpecificationImpl.groovy:674)
	at sun.reflect.GeneratedMethodAccessor89.invoke(Unknown Source)
	at sun.reflect.DelegatingMethodAccessorImpl.invoke(DelegatingMethodAccessorImpl.java:43)
	at java.lang.reflect.Method.invoke(Method.java:498)
	at org.codehaus.groovy.runtime.callsite.PlainObjectMetaMethodSite.doInvoke(PlainObjectMetaMethodSite.java:43)
	at org.codehaus.groovy.runtime.callsite.PogoMetaMethodSite$PogoCachedMethodSiteNoUnwrapNoCoerce.invoke(PogoMetaMethodSite.java:193)
	at org.codehaus.groovy.runtime.callsite.PogoMetaMethodSite.callCurrent(PogoMetaMethodSite.java:61)
	at org.codehaus.groovy.runtime.callsite.AbstractCallSite.callCurrent(AbstractCallSite.java:185)
	at io.restassured.internal.ResponseSpecificationImpl.statusCode(ResponseSpecificationImpl.groovy:126)
	at io.restassured.specification.ResponseSpecification$statusCode$0.callCurrent(Unknown Source)
	at io.restassured.internal.ResponseSpecificationImpl.statusCode(ResponseSpecificationImpl.groovy:134)
	at io.restassured.internal.ValidatableResponseOptionsImpl.statusCode(ValidatableResponseOptionsImpl.java:89)
	at io.restassured.internal.ValidatableResponseImpl.super$2$statusCode(ValidatableResponseImpl.groovy)
	at sun.reflect.GeneratedMethodAccessor200.invoke(Unknown Source)
	at sun.reflect.DelegatingMethodAccessorImpl.invoke(DelegatingMethodAccessorImpl.java:43)
	at java.lang.reflect.Method.invoke(Method.java:498)
	at org.codehaus.groovy.reflection.CachedMethod.invoke(CachedMethod.java:107)
	at groovy.lang.MetaMethod.doMethodInvoke(MetaMethod.java:323)
	at groovy.lang.MetaClassImpl.invokeMethod(MetaClassImpl.java:1267)
	at org.codehaus.groovy.runtime.ScriptBytecodeAdapter.invokeMethodOnSuperN(ScriptBytecodeAdapter.java:144)
	at io.restassured.internal.ValidatableResponseImpl.statusCode(ValidatableResponseImpl.groovy:142)
	at io.restassured.internal.ValidatableResponseImpl.statusCode(ValidatableResponseImpl.groovy)
	at stepdef.MentorStepDef.responseCodeMentorShouldBe(MentorStepDef.java:185)
	at âœ½.response code mentor should be 400(classpath:features/Mentutor/mentor.feature:129)
&amp#27;[0m
  &amp#27;[36mAnd &amp#27;[0m&amp#27;[36mResponses body message error should be &amp#27;[0m&amp#27;[36m&amp#27;[1m"Invalid Input From Client"&amp#27;[0m                                                                                        &amp#27;[90m# stepdef.MentorStepDef.responsesBodyMessageErrorShouldBe(java.lang.String)&amp#27;[0m
  &amp#27;[36mAnd &amp#27;[0m&amp#27;[36mValidate JSON Schema &amp#27;[0m&amp#27;[36m&amp#27;[1m"MentorPutUpdateTaskInvalidIdJsonSchema.json"&amp#27;[0m                                                                                        &amp#27;[90m# stepdef.MentorStepDef.validateJSONSchema(java.lang.String)&amp#27;[0m
]]></system-out>
  </testcase>
  <testcase name="Put update task with valid id and invalid due date #3" classname="mentor" time="2.867">
    <system-out><![CDATA[
@MENTUTOR
Scenario Outline: Put update task with valid id and invalid due date                                                                                             &amp#27;[90m# features/Mentutor/mentor.feature:136&amp#27;[0m
20:10:48.604 [pool-2-thread-1] INFO  i.c.core.plugin.SerenityReporter - Running feature from classpath:features/Mentutor/mentor.feature
  &amp#27;[32mGiven &amp#27;[0m&amp#27;[32mchange id &amp#27;[0m&amp#27;[32m&amp#27;[1m6&amp#27;[0m&amp#27;[32m and body to title &amp#27;[0m&amp#27;[32m&amp#27;[1m"sosial"&amp#27;[0m&amp#27;[32m description &amp#27;[0m&amp#27;[32m&amp#27;[1m"tugas"&amp#27;[0m&amp#27;[32m due date &amp#27;[0m&amp#27;[32m&amp#27;[1m"2023-60-50"&amp#27;[0m&amp#27;[32m attachment &amp#27;[0m&amp#27;[32m&amp#27;[1m"MentorUpdateTask.docx"&amp#27;[0m&amp#27;[32m images &amp#27;[0m&amp#27;[32m&amp#27;[1m"MentorUpdateTaskPetapng.png"&amp#27;[0m &amp#27;[90m# stepdef.MentorStepDef.changeBodyToTitleDescriptionDueDateAttachmentImages(int,java.lang.String,java.lang.String,java.lang.String,java.lang.String,java.lang.String)&amp#27;[0m
  &amp#27;[32mWhen &amp#27;[0m&amp#27;[32mSend request mentor update task&amp#27;[0m                                                                                                                           &amp#27;[90m# stepdef.MentorStepDef.sendRequestMentorUpdateTask()&amp#27;[0m
  &amp#27;[32mThen &amp#27;[0m&amp#27;[32mresponse code mentor should be &amp#27;[0m&amp#27;[32m&amp#27;[1m400&amp#27;[0m                                                                                                                        &amp#27;[90m# stepdef.MentorStepDef.responseCodeMentorShouldBe(int)&amp#27;[0m
  &amp#27;[32mAnd &amp#27;[0m&amp#27;[32mResponses body message error should be &amp#27;[0m&amp#27;[32m&amp#27;[1m"Invalid Input From Client"&amp#27;[0m                                                                                         &amp#27;[90m# stepdef.MentorStepDef.responsesBodyMessageErrorShouldBe(java.lang.String)&amp#27;[0m
  &amp#27;[32mAnd &amp#27;[0m&amp#27;[32mValidate JSON Schema &amp#27;[0m&amp#27;[32m&amp#27;[1m"MentorPutUpdateTaskInvalidIdJsonSchema.json"&amp#27;[0m                                                                                         &amp#27;[90m# stepdef.MentorStepDef.validateJSONSchema(java.lang.String)&amp#27;[0m
]]></system-out>
  </testcase>
  <testcase name="Put update task with valid id and invalid due date #4" classname="mentor" time="3.296">
    <system-out><![CDATA[
@MENTUTOR
Scenario Outline: Put update task with valid id and invalid due date                                                                                               &amp#27;[90m# features/Mentutor/mentor.feature:137&amp#27;[0m
20:10:51.471 [pool-2-thread-1] INFO  i.c.core.plugin.SerenityReporter - Running feature from classpath:features/Mentutor/mentor.feature
  &amp#27;[32mGiven &amp#27;[0m&amp#27;[32mchange id &amp#27;[0m&amp#27;[32m&amp#27;[1m6&amp#27;[0m&amp#27;[32m and body to title &amp#27;[0m&amp#27;[32m&amp#27;[1m"sosial"&amp#27;[0m&amp#27;[32m description &amp#27;[0m&amp#27;[32m&amp#27;[1m"tugas"&amp#27;[0m&amp#27;[32m due date &amp#27;[0m&amp#27;[32m&amp#27;[1m"2023-juli-50"&amp#27;[0m&amp#27;[32m attachment &amp#27;[0m&amp#27;[32m&amp#27;[1m"MentorUpdateTask.docx"&amp#27;[0m&amp#27;[32m images &amp#27;[0m&amp#27;[32m&amp#27;[1m"MentorUpdateTaskPetapng.png"&amp#27;[0m &amp#27;[90m# stepdef.MentorStepDef.changeBodyToTitleDescriptionDueDateAttachmentImages(int,java.lang.String,java.lang.String,java.lang.String,java.lang.String,java.lang.String)&amp#27;[0m
  &amp#27;[32mWhen &amp#27;[0m&amp#27;[32mSend request mentor update task&amp#27;[0m                                                                                                                             &amp#27;[90m# stepdef.MentorStepDef.sendRequestMentorUpdateTask()&amp#27;[0m
  &amp#27;[32mThen &amp#27;[0m&amp#27;[32mresponse code mentor should be &amp#27;[0m&amp#27;[32m&amp#27;[1m400&amp#27;[0m                                                                                                                          &amp#27;[90m# stepdef.MentorStepDef.responseCodeMentorShouldBe(int)&amp#27;[0m
  &amp#27;[32mAnd &amp#27;[0m&amp#27;[32mResponses body message error should be &amp#27;[0m&amp#27;[32m&amp#27;[1m"Invalid Input From Client"&amp#27;[0m                                                                                           &amp#27;[90m# stepdef.MentorStepDef.responsesBodyMessageErrorShouldBe(java.lang.String)&amp#27;[0m
  &amp#27;[32mAnd &amp#27;[0m&amp#27;[32mValidate JSON Schema &amp#27;[0m&amp#27;[32m&amp#27;[1m"MentorPutUpdateTaskInvalidIdJsonSchema.json"&amp#27;[0m                                                                                           &amp#27;[90m# stepdef.MentorStepDef.validateJSONSchema(java.lang.String)&amp#27;[0m
]]></system-out>
  </testcase>
  <testcase name="Put update task with invalid id and invalid body" classname="mentor" time="3.508">
    <system-out><![CDATA[
@MENTUTOR
Scenario: Put update task with invalid id and invalid body                                                                                                             &amp#27;[90m# features/Mentutor/mentor.feature:139&amp#27;[0m
20:10:54.766 [pool-2-thread-1] INFO  i.c.core.plugin.SerenityReporter - Running feature from classpath:features/Mentutor/mentor.feature
20:10:54.767 [pool-2-thread-1] INFO   - 
  _____   ___   ___   _____     ___   _____     _     ___   _____   ___   ___  
 |_   _| | __| / __| |_   _|   / __| |_   _|   /_\   | _ \ |_   _| | __| |   \ 
   | |   | _|  \__ \   | |     \__ \   | |    / _ \  |   /   | |   | _|  | |) |
   |_|   |___| |___/   |_|     |___/   |_|   /_/ \_\ |_|_\   |_|   |___| |___/ 

Put update task with invalid id and invalid body(mentor;put-update-task-with-invalid-id-and-invalid-body)
--------------------------------------------------------------------------------
  &amp#27;[32mGiven &amp#27;[0m&amp#27;[32mchange id &amp#27;[0m&amp#27;[32m&amp#27;[1m"satu"&amp#27;[0m&amp#27;[32m and body to title &amp#27;[0m&amp#27;[32m&amp#27;[1m"materi"&amp#27;[0m&amp#27;[32m description &amp#27;[0m&amp#27;[32m&amp#27;[1m"baba 1"&amp#27;[0m&amp#27;[32m due date &amp#27;[0m&amp#27;[32m&amp#27;[1m"2023-60-50"&amp#27;[0m&amp#27;[32m attachment &amp#27;[0m&amp#27;[32m&amp#27;[1m"MentorUpdateTask.docx"&amp#27;[0m&amp#27;[32m images &amp#27;[0m&amp#27;[32m&amp#27;[1m"MentorUpdateTaskPetapng.png"&amp#27;[0m &amp#27;[90m# stepdef.MentorStepDef.changeIdAndBodyToTitleDescriptionDueDateAttachmentImages(java.lang.String,java.lang.String,java.lang.String,java.lang.String,java.lang.String,java.lang.String)&amp#27;[0m
  &amp#27;[32mWhen &amp#27;[0m&amp#27;[32mSend request mentor update task&amp#27;[0m                                                                                                                                 &amp#27;[90m# stepdef.MentorStepDef.sendRequestMentorUpdateTask()&amp#27;[0m
  &amp#27;[32mThen &amp#27;[0m&amp#27;[32mresponse code mentor should be &amp#27;[0m&amp#27;[32m&amp#27;[1m400&amp#27;[0m                                                                                                                              &amp#27;[90m# stepdef.MentorStepDef.responseCodeMentorShouldBe(int)&amp#27;[0m
  &amp#27;[32mAnd &amp#27;[0m&amp#27;[32mResponses body message error should be &amp#27;[0m&amp#27;[32m&amp#27;[1m"Invalid Input From Client"&amp#27;[0m                                                                                               &amp#27;[90m# stepdef.MentorStepDef.responsesBodyMessageErrorShouldBe(java.lang.String)&amp#27;[0m
  &amp#27;[32mAnd &amp#27;[0m&amp#27;[32mValidate JSON Schema &amp#27;[0m&amp#27;[32m&amp#27;[1m"MentorPutUpdateTaskInvalidIdJsonSchema.json"&amp#27;[0m                                                                                               &amp#27;[90m# stepdef.MentorStepDef.validateJSONSchema(java.lang.String)&amp#27;[0m
20:10:58.271 [pool-2-thread-1] INFO   - 
  _____   ___   ___   _____     ___     _     ___   ___   ___   ___  
 |_   _| | __| / __| |_   _|   | _ \   /_\   / __| / __| | __| |   \ 
   | |   | _|  \__ \   | |     |  _/  / _ \  \__ \ \__ \ | _|  | |) |
   |_|   |___| |___/   |_|     |_|   /_/ \_\ |___/ |___/ |___| |___/ 

Put update task with invalid id and invalid body
----------------------------------------------------------------------
]]></system-out>
  </testcase>
  <testcase name="Put update task with valid id and  past due date" classname="mentor" time="2.866">
    <system-out><![CDATA[
@MENTUTOR
Scenario: Put update task with valid id and  past due date                                                                                                            &amp#27;[90m# features/Mentutor/mentor.feature:146&amp#27;[0m
20:10:58.274 [pool-2-thread-1] INFO  i.c.core.plugin.SerenityReporter - Running feature from classpath:features/Mentutor/mentor.feature
20:10:58.275 [pool-2-thread-1] INFO   - 
  _____   ___   ___   _____     ___   _____     _     ___   _____   ___   ___  
 |_   _| | __| / __| |_   _|   / __| |_   _|   /_\   | _ \ |_   _| | __| |   \ 
   | |   | _|  \__ \   | |     \__ \   | |    / _ \  |   /   | |   | _|  | |) |
   |_|   |___| |___/   |_|     |___/   |_|   /_/ \_\ |_|_\   |_|   |___| |___/ 

Put update task with valid id and  past due date(mentor;put-update-task-with-valid-id-and--past-due-date)
--------------------------------------------------------------------------------
  &amp#27;[32mGiven &amp#27;[0m&amp#27;[32mchange id &amp#27;[0m&amp#27;[32m&amp#27;[1m"satu"&amp#27;[0m&amp#27;[32m and body to title &amp#27;[0m&amp#27;[32m&amp#27;[1m"materi"&amp#27;[0m&amp#27;[32m description &amp#27;[0m&amp#27;[32m&amp#27;[1m"baba 1"&amp#27;[0m&amp#27;[32m due date &amp#27;[0m&amp#27;[32m&amp#27;[1m"2023-1-20"&amp#27;[0m&amp#27;[32m attachment &amp#27;[0m&amp#27;[32m&amp#27;[1m"MentorUpdateTask.docx"&amp#27;[0m&amp#27;[32m images &amp#27;[0m&amp#27;[32m&amp#27;[1m"MentorUpdateTaskPetapng.png"&amp#27;[0m &amp#27;[90m# stepdef.MentorStepDef.changeIdAndBodyToTitleDescriptionDueDateAttachmentImages(java.lang.String,java.lang.String,java.lang.String,java.lang.String,java.lang.String,java.lang.String)&amp#27;[0m
  &amp#27;[32mWhen &amp#27;[0m&amp#27;[32mSend request mentor update task&amp#27;[0m                                                                                                                                &amp#27;[90m# stepdef.MentorStepDef.sendRequestMentorUpdateTask()&amp#27;[0m
  &amp#27;[32mThen &amp#27;[0m&amp#27;[32mresponse code mentor should be &amp#27;[0m&amp#27;[32m&amp#27;[1m400&amp#27;[0m                                                                                                                             &amp#27;[90m# stepdef.MentorStepDef.responseCodeMentorShouldBe(int)&amp#27;[0m
  &amp#27;[32mAnd &amp#27;[0m&amp#27;[32mResponses body message error should be &amp#27;[0m&amp#27;[32m&amp#27;[1m"Invalid Input From Client"&amp#27;[0m                                                                                              &amp#27;[90m# stepdef.MentorStepDef.responsesBodyMessageErrorShouldBe(java.lang.String)&amp#27;[0m
  &amp#27;[32mAnd &amp#27;[0m&amp#27;[32mValidate JSON Schema &amp#27;[0m&amp#27;[32m&amp#27;[1m"MentorPutUpdateTaskInvalidIdJsonSchema.json"&amp#27;[0m                                                                                              &amp#27;[90m# stepdef.MentorStepDef.validateJSONSchema(java.lang.String)&amp#27;[0m
20:11:01.138 [pool-2-thread-1] INFO   - 
  _____   ___   ___   _____     ___     _     ___   ___   ___   ___  
 |_   _| | __| / __| |_   _|   | _ \   /_\   / __| / __| | __| |   \ 
   | |   | _|  \__ \   | |     |  _/  / _ \  \__ \ \__ \ | _|  | |) |
   |_|   |___| |___/   |_|     |_|   /_/ \_\ |___/ |___/ |___| |___/ 

Put update task with valid id and  past due date
----------------------------------------------------------------------
]]></system-out>
  </testcase>
  <testcase name="Post task with valid title,describtion,due date,attachment,Images" classname="mentor" time="4.698">
    <system-out><![CDATA[
@MENTUTOR
Scenario: Post task with valid title,describtion,due date,attachment,Images                                                                   &amp#27;[90m# features/Mentutor/mentor.feature:159&amp#27;[0m
20:11:01.141 [pool-2-thread-1] INFO  i.c.core.plugin.SerenityReporter - Running feature from classpath:features/Mentutor/mentor.feature
20:11:01.141 [pool-2-thread-1] INFO   - 
  _____   ___   ___   _____     ___   _____     _     ___   _____   ___   ___  
 |_   _| | __| / __| |_   _|   / __| |_   _|   /_\   | _ \ |_   _| | __| |   \ 
   | |   | _|  \__ \   | |     \__ \   | |    / _ \  |   /   | |   | _|  | |) |
   |_|   |___| |___/   |_|     |___/   |_|   /_/ \_\ |_|_\   |_|   |___| |___/ 

Post task with valid title,describtion,due date,attachment,Images(mentor;post-task-with-valid-title-describtion-due-date-attachment-images)
--------------------------------------------------------------------------------
  &amp#27;[32mGiven &amp#27;[0m&amp#27;[32mchange body to title &amp#27;[0m&amp#27;[32m&amp#27;[1m"sosial"&amp#27;[0m&amp#27;[32m description &amp#27;[0m&amp#27;[32m&amp#27;[1m"tugas"&amp#27;[0m&amp#27;[32m due date &amp#27;[0m&amp#27;[32m&amp#27;[1m"2023-12-12"&amp#27;[0m&amp#27;[32m file &amp#27;[0m&amp#27;[32m&amp#27;[1m"MentorPostTask.docx"&amp#27;[0m&amp#27;[32m images &amp#27;[0m&amp#27;[32m&amp#27;[1m"MentorPostTaskPetapng.png"&amp#27;[0m &amp#27;[90m# stepdef.MentorStepDef.changeBodyToTitleDescriptionDueDateAttachmentImages(java.lang.String,java.lang.String,java.lang.String,java.lang.String,java.lang.String)&amp#27;[0m
  &amp#27;[32mWhen &amp#27;[0m&amp#27;[32mSend request mentor post task&amp#27;[0m                                                                                                          &amp#27;[90m# stepdef.MentorStepDef.sendRequestMentorPostTask()&amp#27;[0m
  &amp#27;[32mThen &amp#27;[0m&amp#27;[32mresponse code mentor should be &amp#27;[0m&amp#27;[32m&amp#27;[1m201&amp#27;[0m                                                                                                     &amp#27;[90m# stepdef.MentorStepDef.responseCodeMentorShouldBe(int)&amp#27;[0m
  &amp#27;[32mAnd &amp#27;[0m&amp#27;[32mResponses body should be &amp#27;[0m&amp#27;[32m&amp#27;[1m"Success insert task"&amp#27;[0m                                                                                          &amp#27;[90m# stepdef.MentorStepDef.responsesBodyShouldBe(java.lang.String)&amp#27;[0m
  &amp#27;[32mAnd &amp#27;[0m&amp#27;[32mValidate JSON Schema &amp#27;[0m&amp#27;[32m&amp#27;[1m"MentorPostTaskValidBodyJsonSchema.json"&amp#27;[0m                                                                           &amp#27;[90m# stepdef.MentorStepDef.validateJSONSchema(java.lang.String)&amp#27;[0m
20:11:05.835 [pool-2-thread-1] INFO   - 
  _____   ___   ___   _____     ___     _     ___   ___   ___   ___  
 |_   _| | __| / __| |_   _|   | _ \   /_\   / __| / __| | __| |   \ 
   | |   | _|  \__ \   | |     |  _/  / _ \  \__ \ \__ \ | _|  | |) |
   |_|   |___| |___/   |_|     |_|   /_/ \_\ |___/ |___/ |___| |___/ 

Post task with valid title,describtion,due date,attachment,Images
----------------------------------------------------------------------
]]></system-out>
  </testcase>
  <testcase name="Post task without input title,describtion,due date,attachment,Images" classname="mentor" time="1.958">
    <system-out><![CDATA[
@MENTUTOR
Scenario: Post task without input title,describtion,due date,attachment,Images                  &amp#27;[90m# features/Mentutor/mentor.feature:166&amp#27;[0m
20:11:05.838 [pool-2-thread-1] INFO  i.c.core.plugin.SerenityReporter - Running feature from classpath:features/Mentutor/mentor.feature
20:11:05.839 [pool-2-thread-1] INFO   - 
  _____   ___   ___   _____     ___   _____     _     ___   _____   ___   ___  
 |_   _| | __| / __| |_   _|   / __| |_   _|   /_\   | _ \ |_   _| | __| |   \ 
   | |   | _|  \__ \   | |     \__ \   | |    / _ \  |   /   | |   | _|  | |) |
   |_|   |___| |___/   |_|     |___/   |_|   /_/ \_\ |_|_\   |_|   |___| |___/ 

Post task without input title,describtion,due date,attachment,Images(mentor;post-task-without-input-title-describtion-due-date-attachment-images)
--------------------------------------------------------------------------------
  &amp#27;[32mGiven &amp#27;[0m&amp#27;[32mchange body to title &amp#27;[0m&amp#27;[32m&amp#27;[1m""&amp#27;[0m&amp#27;[32m description &amp#27;[0m&amp#27;[32m&amp#27;[1m""&amp#27;[0m&amp#27;[32m due date &amp#27;[0m&amp#27;[32m&amp#27;[1m""&amp#27;[0m&amp#27;[32m file &amp#27;[0m&amp#27;[32m&amp#27;[1m""&amp#27;[0m&amp#27;[32m images &amp#27;[0m&amp#27;[32m&amp#27;[1m""&amp#27;[0m                    &amp#27;[90m# stepdef.MentorStepDef.changeBodyToTitleDescriptionDueDateAttachmentImages(java.lang.String,java.lang.String,java.lang.String,java.lang.String,java.lang.String)&amp#27;[0m
  &amp#27;[32mWhen &amp#27;[0m&amp#27;[32mSend request mentor post task without input title,describtion,due date,attachment,Images&amp#27;[0m &amp#27;[90m# stepdef.MentorStepDef.sendRequestMentorPostTaskWithoutInputTitleDescribtionDueDateAttachmentImages()&amp#27;[0m
  &amp#27;[32mThen &amp#27;[0m&amp#27;[32mresponse code mentor should be &amp#27;[0m&amp#27;[32m&amp#27;[1m400&amp#27;[0m                                                       &amp#27;[90m# stepdef.MentorStepDef.responseCodeMentorShouldBe(int)&amp#27;[0m
  &amp#27;[32mAnd &amp#27;[0m&amp#27;[32mResponses body message error should be &amp#27;[0m&amp#27;[32m&amp#27;[1m"Invalid Input From Client"&amp#27;[0m                        &amp#27;[90m# stepdef.MentorStepDef.responsesBodyMessageErrorShouldBe(java.lang.String)&amp#27;[0m
  &amp#27;[32mAnd &amp#27;[0m&amp#27;[32mValidate JSON Schema &amp#27;[0m&amp#27;[32m&amp#27;[1m"MentorPostTaskInvalidBodyJsonSchema.json"&amp#27;[0m                           &amp#27;[90m# stepdef.MentorStepDef.validateJSONSchema(java.lang.String)&amp#27;[0m
20:11:07.794 [pool-2-thread-1] INFO   - 
  _____   ___   ___   _____     ___     _     ___   ___   ___   ___  
 |_   _| | __| / __| |_   _|   | _ \   /_\   / __| / __| | __| |   \ 
   | |   | _|  \__ \   | |     |  _/  / _ \  \__ \ \__ \ | _|  | |) |
   |_|   |___| |___/   |_|     |_|   /_/ \_\ |___/ |___/ |___| |___/ 

Post task without input title,describtion,due date,attachment,Images
----------------------------------------------------------------------
]]></system-out>
  </testcase>
  <testcase name="Post task without input attachment" classname="mentor" time="3.673">
    <system-out><![CDATA[
@MENTUTOR
Scenario: Post task without input attachment                                                                               &amp#27;[90m# features/Mentutor/mentor.feature:173&amp#27;[0m
20:11:07.797 [pool-2-thread-1] INFO  i.c.core.plugin.SerenityReporter - Running feature from classpath:features/Mentutor/mentor.feature
20:11:07.797 [pool-2-thread-1] INFO   - 
  _____   ___   ___   _____     ___   _____     _     ___   _____   ___   ___  
 |_   _| | __| / __| |_   _|   / __| |_   _|   /_\   | _ \ |_   _| | __| |   \ 
   | |   | _|  \__ \   | |     \__ \   | |    / _ \  |   /   | |   | _|  | |) |
   |_|   |___| |___/   |_|     |___/   |_|   /_/ \_\ |_|_\   |_|   |___| |___/ 

Post task without input attachment(mentor;post-task-without-input-attachment)
--------------------------------------------------------------------------------
  &amp#27;[32mGiven &amp#27;[0m&amp#27;[32mchange body to title &amp#27;[0m&amp#27;[32m&amp#27;[1m"sosial"&amp#27;[0m&amp#27;[32m description &amp#27;[0m&amp#27;[32m&amp#27;[1m"tugas"&amp#27;[0m&amp#27;[32m due date &amp#27;[0m&amp#27;[32m&amp#27;[1m"2023-12-12"&amp#27;[0m&amp#27;[32m file &amp#27;[0m&amp#27;[32m&amp#27;[1m""&amp#27;[0m&amp#27;[32m images &amp#27;[0m&amp#27;[32m&amp#27;[1m"MentorPostTaskPetapng.png"&amp#27;[0m &amp#27;[90m# stepdef.MentorStepDef.changeBodyToTitleDescriptionDueDateAttachmentImages(java.lang.String,java.lang.String,java.lang.String,java.lang.String,java.lang.String)&amp#27;[0m
  &amp#27;[32mWhen &amp#27;[0m&amp#27;[32mSend request mentor post task without input attachment&amp#27;[0m                                                              &amp#27;[90m# stepdef.MentorStepDef.sendRequestMentorPostTaskWithoutInputAttachment()&amp#27;[0m
  &amp#27;[32mThen &amp#27;[0m&amp#27;[32mresponse code mentor should be &amp#27;[0m&amp#27;[32m&amp#27;[1m201&amp#27;[0m                                                                                  &amp#27;[90m# stepdef.MentorStepDef.responseCodeMentorShouldBe(int)&amp#27;[0m
  &amp#27;[32mAnd &amp#27;[0m&amp#27;[32mResponses body should be &amp#27;[0m&amp#27;[32m&amp#27;[1m"Success insert task"&amp#27;[0m                                                                       &amp#27;[90m# stepdef.MentorStepDef.responsesBodyShouldBe(java.lang.String)&amp#27;[0m
  &amp#27;[32mAnd &amp#27;[0m&amp#27;[32mValidate JSON Schema &amp#27;[0m&amp#27;[32m&amp#27;[1m"MentorPostTaskValidBodyJsonSchema.json"&amp#27;[0m                                                        &amp#27;[90m# stepdef.MentorStepDef.validateJSONSchema(java.lang.String)&amp#27;[0m
20:11:11.468 [pool-2-thread-1] INFO   - 
  _____   ___   ___   _____     ___     _     ___   ___   ___   ___  
 |_   _| | __| / __| |_   _|   | _ \   /_\   / __| / __| | __| |   \ 
   | |   | _|  \__ \   | |     |  _/  / _ \  \__ \ \__ \ | _|  | |) |
   |_|   |___| |___/   |_|     |_|   /_/ \_\ |___/ |___/ |___| |___/ 

Post task without input attachment
----------------------------------------------------------------------
]]></system-out>
  </testcase>
  <testcase name="Post task without input due date" classname="mentor" time="3.354">
    <system-out><![CDATA[
@MENTUTOR
Scenario: Post task without input due date                                                                                          &amp#27;[90m# features/Mentutor/mentor.feature:180&amp#27;[0m
20:11:11.471 [pool-2-thread-1] INFO  i.c.core.plugin.SerenityReporter - Running feature from classpath:features/Mentutor/mentor.feature
20:11:11.471 [pool-2-thread-1] INFO   - 
  _____   ___   ___   _____     ___   _____     _     ___   _____   ___   ___  
 |_   _| | __| / __| |_   _|   / __| |_   _|   /_\   | _ \ |_   _| | __| |   \ 
   | |   | _|  \__ \   | |     \__ \   | |    / _ \  |   /   | |   | _|  | |) |
   |_|   |___| |___/   |_|     |___/   |_|   /_/ \_\ |_|_\   |_|   |___| |___/ 

Post task without input due date(mentor;post-task-without-input-due-date)
--------------------------------------------------------------------------------
  &amp#27;[32mGiven &amp#27;[0m&amp#27;[32mchange body to title &amp#27;[0m&amp#27;[32m&amp#27;[1m"sosial"&amp#27;[0m&amp#27;[32m description &amp#27;[0m&amp#27;[32m&amp#27;[1m"tugas"&amp#27;[0m&amp#27;[32m due date &amp#27;[0m&amp#27;[32m&amp#27;[1m""&amp#27;[0m&amp#27;[32m file &amp#27;[0m&amp#27;[32m&amp#27;[1m"MentorPostTask.docx"&amp#27;[0m&amp#27;[32m images &amp#27;[0m&amp#27;[32m&amp#27;[1m"MentorPostTaskPetapng.png"&amp#27;[0m &amp#27;[90m# stepdef.MentorStepDef.changeBodyToTitleDescriptionDueDateAttachmentImages(java.lang.String,java.lang.String,java.lang.String,java.lang.String,java.lang.String)&amp#27;[0m
  &amp#27;[32mWhen &amp#27;[0m&amp#27;[32mSend request mentor post task without input due date&amp#27;[0m                                                                         &amp#27;[90m# stepdef.MentorStepDef.sendRequestMentorPostTaskWithoutInputDueDate()&amp#27;[0m
  &amp#27;[32mThen &amp#27;[0m&amp#27;[32mresponse code mentor should be &amp#27;[0m&amp#27;[32m&amp#27;[1m400&amp#27;[0m                                                                                           &amp#27;[90m# stepdef.MentorStepDef.responseCodeMentorShouldBe(int)&amp#27;[0m
  &amp#27;[32mAnd &amp#27;[0m&amp#27;[32mResponses body message error should be &amp#27;[0m&amp#27;[32m&amp#27;[1m"Invalid Input From Client"&amp#27;[0m                                                            &amp#27;[90m# stepdef.MentorStepDef.responsesBodyMessageErrorShouldBe(java.lang.String)&amp#27;[0m
  &amp#27;[32mAnd &amp#27;[0m&amp#27;[32mValidate JSON Schema &amp#27;[0m&amp#27;[32m&amp#27;[1m"MentorPostTaskInvalidBodyJsonSchema.json"&amp#27;[0m                                                               &amp#27;[90m# stepdef.MentorStepDef.validateJSONSchema(java.lang.String)&amp#27;[0m
20:11:14.821 [pool-2-thread-1] INFO   - 
  _____   ___   ___   _____     ___     _     ___   ___   ___   ___  
 |_   _| | __| / __| |_   _|   | _ \   /_\   / __| / __| | __| |   \ 
   | |   | _|  \__ \   | |     |  _/  / _ \  \__ \ \__ \ | _|  | |) |
   |_|   |___| |___/   |_|     |_|   /_/ \_\ |___/ |___/ |___| |___/ 

Post task without input due date
----------------------------------------------------------------------
]]></system-out>
  </testcase>
  <testcase name="Post task without input images" classname="mentor" time="3.718">
    <system-out><![CDATA[
@MENTUTOR
Scenario: Post task without input images                                                                             &amp#27;[90m# features/Mentutor/mentor.feature:187&amp#27;[0m
20:11:14.824 [pool-2-thread-1] INFO  i.c.core.plugin.SerenityReporter - Running feature from classpath:features/Mentutor/mentor.feature
20:11:14.825 [pool-2-thread-1] INFO   - 
  _____   ___   ___   _____     ___   _____     _     ___   _____   ___   ___  
 |_   _| | __| / __| |_   _|   / __| |_   _|   /_\   | _ \ |_   _| | __| |   \ 
   | |   | _|  \__ \   | |     \__ \   | |    / _ \  |   /   | |   | _|  | |) |
   |_|   |___| |___/   |_|     |___/   |_|   /_/ \_\ |_|_\   |_|   |___| |___/ 

Post task without input images(mentor;post-task-without-input-images)
--------------------------------------------------------------------------------
  &amp#27;[32mGiven &amp#27;[0m&amp#27;[32mchange body to title &amp#27;[0m&amp#27;[32m&amp#27;[1m"sosial"&amp#27;[0m&amp#27;[32m description &amp#27;[0m&amp#27;[32m&amp#27;[1m"tugas"&amp#27;[0m&amp#27;[32m due date &amp#27;[0m&amp#27;[32m&amp#27;[1m"2023-12-12"&amp#27;[0m&amp#27;[32m file &amp#27;[0m&amp#27;[32m&amp#27;[1m"MentorPostTask.docx"&amp#27;[0m&amp#27;[32m images &amp#27;[0m&amp#27;[32m&amp#27;[1m""&amp#27;[0m &amp#27;[90m# stepdef.MentorStepDef.changeBodyToTitleDescriptionDueDateAttachmentImages(java.lang.String,java.lang.String,java.lang.String,java.lang.String,java.lang.String)&amp#27;[0m
  &amp#27;[32mWhen &amp#27;[0m&amp#27;[32mSend request mentor post task without input images&amp#27;[0m                                                            &amp#27;[90m# stepdef.MentorStepDef.sendRequestMentorPostTaskWithoutInputImages()&amp#27;[0m
  &amp#27;[32mThen &amp#27;[0m&amp#27;[32mresponse code mentor should be &amp#27;[0m&amp#27;[32m&amp#27;[1m201&amp#27;[0m                                                                            &amp#27;[90m# stepdef.MentorStepDef.responseCodeMentorShouldBe(int)&amp#27;[0m
  &amp#27;[32mAnd &amp#27;[0m&amp#27;[32mResponses body should be &amp#27;[0m&amp#27;[32m&amp#27;[1m"Success insert task"&amp#27;[0m                                                                 &amp#27;[90m# stepdef.MentorStepDef.responsesBodyShouldBe(java.lang.String)&amp#27;[0m
  &amp#27;[32mAnd &amp#27;[0m&amp#27;[32mValidate JSON Schema &amp#27;[0m&amp#27;[32m&amp#27;[1m"MentorPostTaskValidBodyJsonSchema.json"&amp#27;[0m                                                  &amp#27;[90m# stepdef.MentorStepDef.validateJSONSchema(java.lang.String)&amp#27;[0m
20:11:18.539 [pool-2-thread-1] INFO   - 
  _____   ___   ___   _____     ___     _     ___   ___   ___   ___  
 |_   _| | __| / __| |_   _|   | _ \   /_\   / __| / __| | __| |   \ 
   | |   | _|  \__ \   | |     |  _/  / _ \  \__ \ \__ \ | _|  | |) |
   |_|   |___| |___/   |_|     |_|   /_/ \_\ |___/ |___/ |___| |___/ 

Post task without input images
----------------------------------------------------------------------
]]></system-out>
  </testcase>
  <testcase name="Post with valid id and valid comment" classname="mentor" time="3.665">
    <system-out><![CDATA[
@MENTUTOR
Scenario: Post with valid id and valid comment                                          &amp#27;[90m# features/Mentutor/mentor.feature:200&amp#27;[0m
20:11:18.542 [pool-2-thread-1] INFO  i.c.core.plugin.SerenityReporter - Running feature from classpath:features/Mentutor/mentor.feature
20:11:18.543 [pool-2-thread-1] INFO   - 
  _____   ___   ___   _____     ___   _____     _     ___   _____   ___   ___  
 |_   _| | __| / __| |_   _|   / __| |_   _|   /_\   | _ \ |_   _| | __| |   \ 
   | |   | _|  \__ \   | |     \__ \   | |    / _ \  |   /   | |   | _|  | |) |
   |_|   |___| |___/   |_|     |___/   |_|   /_/ \_\ |_|_\   |_|   |___| |___/ 

Post with valid id and valid comment(mentor;post-with-valid-id-and-valid-comment)
--------------------------------------------------------------------------------
  &amp#27;[32mGiven &amp#27;[0m&amp#27;[32mPost with id &amp#27;[0m&amp#27;[32m&amp#27;[1m3&amp#27;[0m&amp#27;[32m and valid caption &amp#27;[0m&amp#27;[32m&amp#27;[1m"veryy good"&amp#27;[0m                                   &amp#27;[90m# stepdef.MentorStepDef.postWithValidIdAndValidComment(int,java.lang.String)&amp#27;[0m
  &amp#27;[32mWhen &amp#27;[0m&amp#27;[32mSend request Post with valid id and valid comment&amp#27;[0m                                &amp#27;[90m# stepdef.MentorStepDef.sendRequestPostWithValidIdAndValidComment()&amp#27;[0m
  &amp#27;[32mThen &amp#27;[0m&amp#27;[32mresponse code mentor should be &amp#27;[0m&amp#27;[32m&amp#27;[1m201&amp#27;[0m                                               &amp#27;[90m# stepdef.MentorStepDef.responseCodeMentorShouldBe(int)&amp#27;[0m
  &amp#27;[32mAnd &amp#27;[0m&amp#27;[32mResponses body should be &amp#27;[0m&amp#27;[32m&amp#27;[1m"success insert comment"&amp#27;[0m                                 &amp#27;[90m# stepdef.MentorStepDef.responsesBodyShouldBe(java.lang.String)&amp#27;[0m
  &amp#27;[32mAnd &amp#27;[0m&amp#27;[32mValidate JSON Schema &amp#27;[0m&amp#27;[32m&amp#27;[1m"MentorPostAddCommentValidIdValidCommentBodyJsonSchema.json"&amp#27;[0m &amp#27;[90m# stepdef.MentorStepDef.validateJSONSchema(java.lang.String)&amp#27;[0m
20:11:22.205 [pool-2-thread-1] INFO   - 
  _____   ___   ___   _____     ___     _     ___   ___   ___   ___  
 |_   _| | __| / __| |_   _|   | _ \   /_\   / __| / __| | __| |   \ 
   | |   | _|  \__ \   | |     |  _/  / _ \  \__ \ \__ \ | _|  | |) |
   |_|   |___| |___/   |_|     |_|   /_/ \_\ |___/ |___/ |___| |___/ 

Post with valid id and valid comment
----------------------------------------------------------------------
]]></system-out>
  </testcase>
  <testcase name="Post with valid id without input comment" classname="mentor" time="1.96">
    <system-out><![CDATA[
@MENTUTOR
Scenario: Post with valid id without input comment                                        &amp#27;[90m# features/Mentutor/mentor.feature:207&amp#27;[0m
20:11:22.208 [pool-2-thread-1] INFO  i.c.core.plugin.SerenityReporter - Running feature from classpath:features/Mentutor/mentor.feature
20:11:22.208 [pool-2-thread-1] INFO   - 
  _____   ___   ___   _____     ___   _____     _     ___   _____   ___   ___  
 |_   _| | __| / __| |_   _|   / __| |_   _|   /_\   | _ \ |_   _| | __| |   \ 
   | |   | _|  \__ \   | |     \__ \   | |    / _ \  |   /   | |   | _|  | |) |
   |_|   |___| |___/   |_|     |___/   |_|   /_/ \_\ |_|_\   |_|   |___| |___/ 

Post with valid id without input comment(mentor;post-with-valid-id-without-input-comment)
--------------------------------------------------------------------------------
  &amp#27;[32mGiven &amp#27;[0m&amp#27;[32mPost with id &amp#27;[0m&amp#27;[32m&amp#27;[1m3&amp#27;[0m&amp#27;[32m and valid caption &amp#27;[0m&amp#27;[32m&amp#27;[1m""&amp#27;[0m                                               &amp#27;[90m# stepdef.MentorStepDef.postWithValidIdAndValidComment(int,java.lang.String)&amp#27;[0m
  &amp#27;[32mWhen &amp#27;[0m&amp#27;[32msend request post with valid id without input comment&amp#27;[0m                              &amp#27;[90m# stepdef.MentorStepDef.sendRequestPostWithValidIdWithoutInputComment()&amp#27;[0m
  &amp#27;[32mThen &amp#27;[0m&amp#27;[32mresponse code mentor should be &amp#27;[0m&amp#27;[32m&amp#27;[1m400&amp#27;[0m                                                 &amp#27;[90m# stepdef.MentorStepDef.responseCodeMentorShouldBe(int)&amp#27;[0m
  &amp#27;[32mAnd &amp#27;[0m&amp#27;[32mResponses body should be &amp#27;[0m&amp#27;[32m&amp#27;[1m"Not Found"&amp#27;[0m                                                &amp#27;[90m# stepdef.MentorStepDef.responsesBodyShouldBe(java.lang.String)&amp#27;[0m
  &amp#27;[32mAnd &amp#27;[0m&amp#27;[32mValidate JSON Schema &amp#27;[0m&amp#27;[32m&amp#27;[1m"MentorPostAddCommentValidIdWithoutCommentBodyJsonSchema.json"&amp#27;[0m &amp#27;[90m# stepdef.MentorStepDef.validateJSONSchema(java.lang.String)&amp#27;[0m
20:11:24.167 [pool-2-thread-1] INFO   - 
  _____   ___   ___   _____     ___     _     ___   ___   ___   ___  
 |_   _| | __| / __| |_   _|   | _ \   /_\   / __| / __| | __| |   \ 
   | |   | _|  \__ \   | |     |  _/  / _ \  \__ \ \__ \ | _|  | |) |
   |_|   |___| |___/   |_|     |_|   /_/ \_\ |___/ |___/ |___| |___/ 

Post with valid id without input comment
----------------------------------------------------------------------
]]></system-out>
  </testcase>
  <testcase name="Post with valid id and input comment lass than 5" classname="mentor" time="1.954">
    <system-out><![CDATA[
@MENTUTOR
Scenario: Post with valid id and input comment lass than 5 &amp#27;[90m# features/Mentutor/mentor.feature:214&amp#27;[0m
20:11:24.169 [pool-2-thread-1] INFO  i.c.core.plugin.SerenityReporter - Running feature from classpath:features/Mentutor/mentor.feature
20:11:24.170 [pool-2-thread-1] INFO   - 
  _____   ___   ___   _____     ___   _____     _     ___   _____   ___   ___  
 |_   _| | __| / __| |_   _|   / __| |_   _|   /_\   | _ \ |_   _| | __| |   \ 
   | |   | _|  \__ \   | |     \__ \   | |    / _ \  |   /   | |   | _|  | |) |
   |_|   |___| |___/   |_|     |___/   |_|   /_/ \_\ |_|_\   |_|   |___| |___/ 

Post with valid id and input comment lass than 5(mentor;post-with-valid-id-and-input-comment-lass-than-5)
--------------------------------------------------------------------------------
  &amp#27;[32mGiven &amp#27;[0m&amp#27;[32mPost with id &amp#27;[0m&amp#27;[32m&amp#27;[1m3&amp#27;[0m&amp#27;[32m and valid caption &amp#27;[0m&amp#27;[32m&amp#27;[1m"nice"&amp#27;[0m            &amp#27;[90m# stepdef.MentorStepDef.postWithValidIdAndValidComment(int,java.lang.String)&amp#27;[0m
  &amp#27;[32mWhen &amp#27;[0m&amp#27;[32mSend request Post with valid id and valid comment&amp#27;[0m   &amp#27;[90m# stepdef.MentorStepDef.sendRequestPostWithValidIdAndValidComment()&amp#27;[0m
  &amp#27;[32mThen &amp#27;[0m&amp#27;[32mresponse code mentor should be &amp#27;[0m&amp#27;[32m&amp#27;[1m400&amp#27;[0m                  &amp#27;[90m# stepdef.MentorStepDef.responseCodeMentorShouldBe(int)&amp#27;[0m
  &amp#27;[32mAnd &amp#27;[0m&amp#27;[32mResponses body should be &amp#27;[0m&amp#27;[32m&amp#27;[1m"Not Found"&amp#27;[0m                 &amp#27;[90m# stepdef.MentorStepDef.responsesBodyShouldBe(java.lang.String)&amp#27;[0m
20:11:26.121 [pool-2-thread-1] INFO   - 
  _____   ___   ___   _____     ___     _     ___   ___   ___   ___  
 |_   _| | __| / __| |_   _|   | _ \   /_\   / __| / __| | __| |   \ 
   | |   | _|  \__ \   | |     |  _/  / _ \  \__ \ \__ \ | _|  | |) |
   |_|   |___| |___/   |_|     |_|   /_/ \_\ |___/ |___/ |___| |___/ 

Post with valid id and input comment lass than 5
----------------------------------------------------------------------
]]></system-out>
  </testcase>
  <testcase name="Post with doesn&apos;t exist id and valid comment" classname="mentor" time="4.122">
    <system-out><![CDATA[
@MENTUTOR
Scenario: Post with doesn't exist id and valid comment                                           &amp#27;[90m# features/Mentutor/mentor.feature:220&amp#27;[0m
20:11:26.123 [pool-2-thread-1] INFO  i.c.core.plugin.SerenityReporter - Running feature from classpath:features/Mentutor/mentor.feature
20:11:26.124 [pool-2-thread-1] INFO   - 
  _____   ___   ___   _____     ___   _____     _     ___   _____   ___   ___  
 |_   _| | __| / __| |_   _|   / __| |_   _|   /_\   | _ \ |_   _| | __| |   \ 
   | |   | _|  \__ \   | |     \__ \   | |    / _ \  |   /   | |   | _|  | |) |
   |_|   |___| |___/   |_|     |___/   |_|   /_/ \_\ |_|_\   |_|   |___| |___/ 

Post with doesn't exist id and valid comment(mentor;post-with-doesn-t-exist-id-and-valid-comment)
--------------------------------------------------------------------------------
  &amp#27;[32mGiven &amp#27;[0m&amp#27;[32mPost with id &amp#27;[0m&amp#27;[32m&amp#27;[1m11100&amp#27;[0m&amp#27;[32m and valid caption &amp#27;[0m&amp#27;[32m&amp#27;[1m"verry good"&amp#27;[0m                                        &amp#27;[90m# stepdef.MentorStepDef.postWithValidIdAndValidComment(int,java.lang.String)&amp#27;[0m
  &amp#27;[32mWhen &amp#27;[0m&amp#27;[32mSend request Post with valid id and valid comment&amp#27;[0m                                         &amp#27;[90m# stepdef.MentorStepDef.sendRequestPostWithValidIdAndValidComment()&amp#27;[0m
  &amp#27;[32mThen &amp#27;[0m&amp#27;[32mresponse code mentor should be &amp#27;[0m&amp#27;[32m&amp#27;[1m400&amp#27;[0m                                                        &amp#27;[90m# stepdef.MentorStepDef.responseCodeMentorShouldBe(int)&amp#27;[0m
  &amp#27;[32mAnd &amp#27;[0m&amp#27;[32mResponses body should be &amp#27;[0m&amp#27;[32m&amp#27;[1m"Not Found"&amp#27;[0m                                                       &amp#27;[90m# stepdef.MentorStepDef.responsesBodyShouldBe(java.lang.String)&amp#27;[0m
  &amp#27;[32mAnd &amp#27;[0m&amp#27;[32mValidate JSON Schema &amp#27;[0m&amp#27;[32m&amp#27;[1m"MentorPostAddCommentDoesn'tExistIdWithoutCommentBodyJsonSchema.json"&amp#27;[0m &amp#27;[90m# stepdef.MentorStepDef.validateJSONSchema(java.lang.String)&amp#27;[0m
20:11:30.243 [pool-2-thread-1] INFO   - 
  _____   ___   ___   _____     ___     _     ___   ___   ___   ___  
 |_   _| | __| / __| |_   _|   | _ \   /_\   / __| / __| | __| |   \ 
   | |   | _|  \__ \   | |     |  _/  / _ \  \__ \ \__ \ | _|  | |) |
   |_|   |___| |___/   |_|     |_|   /_/ \_\ |___/ |___/ |___| |___/ 

Post with doesn't exist id and valid comment
----------------------------------------------------------------------
]]></system-out>
  </testcase>
  <testcase name="Post with using special char on id and valid comment" classname="mentor" time="3.363">
    <system-out><![CDATA[
@MENTUTOR
Scenario: Post with using special char on id and valid comment                                   &amp#27;[90m# features/Mentutor/mentor.feature:227&amp#27;[0m
20:11:30.246 [pool-2-thread-1] INFO  i.c.core.plugin.SerenityReporter - Running feature from classpath:features/Mentutor/mentor.feature
20:11:30.246 [pool-2-thread-1] INFO   - 
  _____   ___   ___   _____     ___   _____     _     ___   _____   ___   ___  
 |_   _| | __| / __| |_   _|   / __| |_   _|   /_\   | _ \ |_   _| | __| |   \ 
   | |   | _|  \__ \   | |     \__ \   | |    / _ \  |   /   | |   | _|  | |) |
   |_|   |___| |___/   |_|     |___/   |_|   /_/ \_\ |_|_\   |_|   |___| |___/ 

Post with using special char on id and valid comment(mentor;post-with-using-special-char-on-id-and-valid-comment)
--------------------------------------------------------------------------------
  &amp#27;[32mGiven &amp#27;[0m&amp#27;[32mPost with id &amp#27;[0m&amp#27;[32m&amp#27;[1m"%&"&amp#27;[0m&amp#27;[32m and valid caption &amp#27;[0m&amp#27;[32m&amp#27;[1m"verry good"&amp#27;[0m                                         &amp#27;[90m# stepdef.MentorStepDef.postWithIdAndValidCaption(java.lang.String,java.lang.String)&amp#27;[0m
  &amp#27;[32mWhen &amp#27;[0m&amp#27;[32mSend request Post with valid id and valid comment&amp#27;[0m                                         &amp#27;[90m# stepdef.MentorStepDef.sendRequestPostWithValidIdAndValidComment()&amp#27;[0m
  &amp#27;[32mThen &amp#27;[0m&amp#27;[32mresponse code mentor should be &amp#27;[0m&amp#27;[32m&amp#27;[1m400&amp#27;[0m                                                        &amp#27;[90m# stepdef.MentorStepDef.responseCodeMentorShouldBe(int)&amp#27;[0m
  &amp#27;[32mAnd &amp#27;[0m&amp#27;[32mResponses body should be &amp#27;[0m&amp#27;[32m&amp#27;[1m"Not Found"&amp#27;[0m                                                       &amp#27;[90m# stepdef.MentorStepDef.responsesBodyShouldBe(java.lang.String)&amp#27;[0m
  &amp#27;[32mAnd &amp#27;[0m&amp#27;[32mValidate JSON Schema &amp#27;[0m&amp#27;[32m&amp#27;[1m"MentorPostAddCommentDoesn'tExistIdWithoutCommentBodyJsonSchema.json"&amp#27;[0m &amp#27;[90m# stepdef.MentorStepDef.validateJSONSchema(java.lang.String)&amp#27;[0m
20:11:33.606 [pool-2-thread-1] INFO   - 
  _____   ___   ___   _____     ___     _     ___   ___   ___   ___  
 |_   _| | __| / __| |_   _|   | _ \   /_\   / __| / __| | __| |   \ 
   | |   | _|  \__ \   | |     |  _/  / _ \  \__ \ \__ \ | _|  | |) |
   |_|   |___| |___/   |_|     |_|   /_/ \_\ |___/ |___/ |___| |___/ 

Post with using special char on id and valid comment
----------------------------------------------------------------------
]]></system-out>
  </testcase>
  <testcase name="Post with using alphabet on id and valid comment" classname="mentor" time="3.379">
    <system-out><![CDATA[
@MENTUTOR
Scenario: Post with using alphabet on id and valid comment                                       &amp#27;[90m# features/Mentutor/mentor.feature:234&amp#27;[0m
20:11:33.608 [pool-2-thread-1] INFO  i.c.core.plugin.SerenityReporter - Running feature from classpath:features/Mentutor/mentor.feature
20:11:33.609 [pool-2-thread-1] INFO   - 
  _____   ___   ___   _____     ___   _____     _     ___   _____   ___   ___  
 |_   _| | __| / __| |_   _|   / __| |_   _|   /_\   | _ \ |_   _| | __| |   \ 
   | |   | _|  \__ \   | |     \__ \   | |    / _ \  |   /   | |   | _|  | |) |
   |_|   |___| |___/   |_|     |___/   |_|   /_/ \_\ |_|_\   |_|   |___| |___/ 

Post with using alphabet on id and valid comment(mentor;post-with-using-alphabet-on-id-and-valid-comment)
--------------------------------------------------------------------------------
  &amp#27;[32mGiven &amp#27;[0m&amp#27;[32mPost with id &amp#27;[0m&amp#27;[32m&amp#27;[1m"satu"&amp#27;[0m&amp#27;[32m and valid caption &amp#27;[0m&amp#27;[32m&amp#27;[1m"verry good"&amp#27;[0m                                       &amp#27;[90m# stepdef.MentorStepDef.postWithIdAndValidCaption(java.lang.String,java.lang.String)&amp#27;[0m
  &amp#27;[32mWhen &amp#27;[0m&amp#27;[32mSend request Post with valid id and valid comment&amp#27;[0m                                         &amp#27;[90m# stepdef.MentorStepDef.sendRequestPostWithValidIdAndValidComment()&amp#27;[0m
  &amp#27;[32mThen &amp#27;[0m&amp#27;[32mresponse code mentor should be &amp#27;[0m&amp#27;[32m&amp#27;[1m400&amp#27;[0m                                                        &amp#27;[90m# stepdef.MentorStepDef.responseCodeMentorShouldBe(int)&amp#27;[0m
  &amp#27;[32mAnd &amp#27;[0m&amp#27;[32mResponses body should be &amp#27;[0m&amp#27;[32m&amp#27;[1m"Not Found"&amp#27;[0m                                                       &amp#27;[90m# stepdef.MentorStepDef.responsesBodyShouldBe(java.lang.String)&amp#27;[0m
  &amp#27;[32mAnd &amp#27;[0m&amp#27;[32mValidate JSON Schema &amp#27;[0m&amp#27;[32m&amp#27;[1m"MentorPostAddCommentDoesn'tExistIdWithoutCommentBodyJsonSchema.json"&amp#27;[0m &amp#27;[90m# stepdef.MentorStepDef.validateJSONSchema(java.lang.String)&amp#27;[0m
20:11:36.984 [pool-2-thread-1] INFO   - 
  _____   ___   ___   _____     ___     _     ___   ___   ___   ___  
 |_   _| | __| / __| |_   _|   | _ \   /_\   / __| / __| | __| |   \ 
   | |   | _|  \__ \   | |     |  _/  / _ \  \__ \ \__ \ | _|  | |) |
   |_|   |___| |___/   |_|     |_|   /_/ \_\ |___/ |___/ |___| |___/ 

Post with using alphabet on id and valid comment
----------------------------------------------------------------------
]]></system-out>
  </testcase>
  <testcase name="Post with valid id and using integer on comment" classname="mentor" time="2.015">
    <failure message="1 expectation failed.&#10;Expected status code &lt;201&gt; but was &lt;400&gt;.&#10;" type="java.lang.AssertionError"><![CDATA[java.lang.AssertionError: 
1 expectation failed.
Expected status code <201> but was <400>.

]]></failure>
    <system-out><![CDATA[
@MENTUTOR
Scenario: Post with valid id and using integer on comment                               &amp#27;[90m# features/Mentutor/mentor.feature:241&amp#27;[0m
20:11:36.987 [pool-2-thread-1] INFO  i.c.core.plugin.SerenityReporter - Running feature from classpath:features/Mentutor/mentor.feature
20:11:36.988 [pool-2-thread-1] INFO   - 
  _____   ___   ___   _____     ___   _____     _     ___   _____   ___   ___  
 |_   _| | __| / __| |_   _|   / __| |_   _|   /_\   | _ \ |_   _| | __| |   \ 
   | |   | _|  \__ \   | |     \__ \   | |    / _ \  |   /   | |   | _|  | |) |
   |_|   |___| |___/   |_|     |___/   |_|   /_/ \_\ |_|_\   |_|   |___| |___/ 

Post with valid id and using integer on comment(mentor;post-with-valid-id-and-using-integer-on-comment)
--------------------------------------------------------------------------------
  &amp#27;[32mGiven &amp#27;[0m&amp#27;[32mPost with id &amp#27;[0m&amp#27;[32m&amp#27;[1m3&amp#27;[0m&amp#27;[32m and valid caption &amp#27;[0m&amp#27;[32m&amp#27;[1m123456&amp#27;[0m                                         &amp#27;[90m# stepdef.MentorStepDef.postWithIdAndValidCaption(int,int)&amp#27;[0m
  &amp#27;[32mWhen &amp#27;[0m&amp#27;[32mSend request Post with valid id and integer on comment&amp#27;[0m                           &amp#27;[90m# stepdef.MentorStepDef.sendRequestPostWithValidIdAndIntegerOnComment()&amp#27;[0m
  &amp#27;[31mThen &amp#27;[0m&amp#27;[31mresponse code mentor should be &amp#27;[0m&amp#27;[31m&amp#27;[1m201&amp#27;[0m                                               &amp#27;[90m# stepdef.MentorStepDef.responseCodeMentorShouldBe(int)&amp#27;[0m
      &amp#27;[31mjava.lang.AssertionError: 1 expectation failed.
Expected status code <201> but was <400>.

	at sun.reflect.NativeConstructorAccessorImpl.newInstance0(Native Method)
	at sun.reflect.NativeConstructorAccessorImpl.newInstance(NativeConstructorAccessorImpl.java:62)
	at sun.reflect.DelegatingConstructorAccessorImpl.newInstance(DelegatingConstructorAccessorImpl.java:45)
	at java.lang.reflect.Constructor.newInstance(Constructor.java:423)
	at org.codehaus.groovy.reflection.CachedConstructor.invoke(CachedConstructor.java:72)
	at org.codehaus.groovy.reflection.CachedConstructor.doConstructorInvoke(CachedConstructor.java:59)
	at org.codehaus.groovy.runtime.callsite.ConstructorSite$ConstructorSiteNoUnwrap.callConstructor(ConstructorSite.java:84)
	at org.codehaus.groovy.runtime.callsite.AbstractCallSite.callConstructor(AbstractCallSite.java:277)
	at io.restassured.internal.ResponseSpecificationImpl$HamcrestAssertionClosure.validate(ResponseSpecificationImpl.groovy:493)
	at io.restassured.internal.ResponseSpecificationImpl$HamcrestAssertionClosure$validate$1.call(Unknown Source)
	at io.restassured.internal.ResponseSpecificationImpl.validateResponseIfRequired(ResponseSpecificationImpl.groovy:674)
	at sun.reflect.GeneratedMethodAccessor89.invoke(Unknown Source)
	at sun.reflect.DelegatingMethodAccessorImpl.invoke(DelegatingMethodAccessorImpl.java:43)
	at java.lang.reflect.Method.invoke(Method.java:498)
	at org.codehaus.groovy.runtime.callsite.PlainObjectMetaMethodSite.doInvoke(PlainObjectMetaMethodSite.java:43)
	at org.codehaus.groovy.runtime.callsite.PogoMetaMethodSite$PogoCachedMethodSiteNoUnwrapNoCoerce.invoke(PogoMetaMethodSite.java:193)
	at org.codehaus.groovy.runtime.callsite.PogoMetaMethodSite.callCurrent(PogoMetaMethodSite.java:61)
	at org.codehaus.groovy.runtime.callsite.AbstractCallSite.callCurrent(AbstractCallSite.java:185)
	at io.restassured.internal.ResponseSpecificationImpl.statusCode(ResponseSpecificationImpl.groovy:126)
	at io.restassured.specification.ResponseSpecification$statusCode$0.callCurrent(Unknown Source)
	at io.restassured.internal.ResponseSpecificationImpl.statusCode(ResponseSpecificationImpl.groovy:134)
	at io.restassured.internal.ValidatableResponseOptionsImpl.statusCode(ValidatableResponseOptionsImpl.java:89)
	at io.restassured.internal.ValidatableResponseImpl.super$2$statusCode(ValidatableResponseImpl.groovy)
	at sun.reflect.GeneratedMethodAccessor200.invoke(Unknown Source)
	at sun.reflect.DelegatingMethodAccessorImpl.invoke(DelegatingMethodAccessorImpl.java:43)
	at java.lang.reflect.Method.invoke(Method.java:498)
	at org.codehaus.groovy.reflection.CachedMethod.invoke(CachedMethod.java:107)
	at groovy.lang.MetaMethod.doMethodInvoke(MetaMethod.java:323)
	at groovy.lang.MetaClassImpl.invokeMethod(MetaClassImpl.java:1267)
	at org.codehaus.groovy.runtime.ScriptBytecodeAdapter.invokeMethodOnSuperN(ScriptBytecodeAdapter.java:144)
	at io.restassured.internal.ValidatableResponseImpl.statusCode(ValidatableResponseImpl.groovy:142)
	at io.restassured.internal.ValidatableResponseImpl.statusCode(ValidatableResponseImpl.groovy)
	at stepdef.MentorStepDef.responseCodeMentorShouldBe(MentorStepDef.java:185)
	at âœ½.response code mentor should be 201(classpath:features/Mentutor/mentor.feature:244)
&amp#27;[0m
  &amp#27;[36mAnd &amp#27;[0m&amp#27;[36mResponses body should be &amp#27;[0m&amp#27;[36m&amp#27;[1m"success insert comment"&amp#27;[0m                                 &amp#27;[90m# stepdef.MentorStepDef.responsesBodyShouldBe(java.lang.String)&amp#27;[0m
  &amp#27;[36mAnd &amp#27;[0m&amp#27;[36mValidate JSON Schema &amp#27;[0m&amp#27;[36m&amp#27;[1m"MentorPostAddCommentValidIdValidCommentBodyJsonSchema.json"&amp#27;[0m &amp#27;[90m# stepdef.MentorStepDef.validateJSONSchema(java.lang.String)&amp#27;[0m
]]></system-out>
  </testcase>
  <testcase name="Post submission with valid id task and valid score" classname="mentor" time="4.675">
    <system-out><![CDATA[
@MENTUTOR
Scenario: Post submission with valid id task and valid score                           &amp#27;[90m# features/Mentutor/mentor.feature:253&amp#27;[0m
20:11:39.004 [pool-2-thread-1] INFO  i.c.core.plugin.SerenityReporter - Running feature from classpath:features/Mentutor/mentor.feature
20:11:39.005 [pool-2-thread-1] INFO   - 
  _____   ___   ___   _____     ___   _____     _     ___   _____   ___   ___  
 |_   _| | __| / __| |_   _|   / __| |_   _|   /_\   | _ \ |_   _| | __| |   \ 
   | |   | _|  \__ \   | |     \__ \   | |    / _ \  |   /   | |   | _|  | |) |
   |_|   |___| |___/   |_|     |___/   |_|   /_/ \_\ |_|_\   |_|   |___| |___/ 

Post submission with valid id task and valid score(mentor;post-submission-with-valid-id-task-and-valid-score)
--------------------------------------------------------------------------------
  &amp#27;[32mGiven &amp#27;[0m&amp#27;[32mPost submission with id submission &amp#27;[0m&amp#27;[32m&amp#27;[1m30&amp#27;[0m&amp#27;[32m id task &amp#27;[0m&amp#27;[32m&amp#27;[1m123&amp#27;[0m&amp#27;[32m and score &amp#27;[0m&amp#27;[32m&amp#27;[1m70&amp#27;[0m                 &amp#27;[90m# stepdef.MentorStepDef.postSubmissionWithIdSubmissionIdTaskAndValidScore(int,int,int)&amp#27;[0m
  &amp#27;[32mWhen &amp#27;[0m&amp#27;[32mSend request Post submission&amp#27;[0m                                                    &amp#27;[90m# stepdef.MentorStepDef.sendRequestPostSubmission()&amp#27;[0m
  &amp#27;[32mThen &amp#27;[0m&amp#27;[32mresponse code mentor should be &amp#27;[0m&amp#27;[32m&amp#27;[1m201&amp#27;[0m                                              &amp#27;[90m# stepdef.MentorStepDef.responseCodeMentorShouldBe(int)&amp#27;[0m
  &amp#27;[32mAnd &amp#27;[0m&amp#27;[32mResponses body should be &amp#27;[0m&amp#27;[32m&amp#27;[1m"success insert score"&amp#27;[0m                                  &amp#27;[90m# stepdef.MentorStepDef.responsesBodyShouldBe(java.lang.String)&amp#27;[0m
  &amp#27;[32mAnd &amp#27;[0m&amp#27;[32mValidate JSON Schema &amp#27;[0m&amp#27;[32m&amp#27;[1m"MentorPostSubmitScoreValidIdValidScoreBodyJsonSchema.json"&amp#27;[0m &amp#27;[90m# stepdef.MentorStepDef.validateJSONSchema(java.lang.String)&amp#27;[0m
20:11:43.677 [pool-2-thread-1] INFO   - 
  _____   ___   ___   _____     ___     _     ___   ___   ___   ___  
 |_   _| | __| / __| |_   _|   | _ \   /_\   / __| / __| | __| |   \ 
   | |   | _|  \__ \   | |     |  _/  / _ \  \__ \ \__ \ | _|  | |) |
   |_|   |___| |___/   |_|     |_|   /_/ \_\ |___/ |___/ |___| |___/ 

Post submission with valid id task and valid score
----------------------------------------------------------------------
]]></system-out>
  </testcase>
  <testcase name="Post submission with using special char on id task" classname="mentor" time="2.444">
    <system-out><![CDATA[
@MENTUTOR
Scenario: Post submission with using special char on id task                                   &amp#27;[90m# features/Mentutor/mentor.feature:260&amp#27;[0m
20:11:43.680 [pool-2-thread-1] INFO  i.c.core.plugin.SerenityReporter - Running feature from classpath:features/Mentutor/mentor.feature
20:11:43.681 [pool-2-thread-1] INFO   - 
  _____   ___   ___   _____     ___   _____     _     ___   _____   ___   ___  
 |_   _| | __| / __| |_   _|   / __| |_   _|   /_\   | _ \ |_   _| | __| |   \ 
   | |   | _|  \__ \   | |     \__ \   | |    / _ \  |   /   | |   | _|  | |) |
   |_|   |___| |___/   |_|     |___/   |_|   /_/ \_\ |_|_\   |_|   |___| |___/ 

Post submission with using special char on id task(mentor;post-submission-with-using-special-char-on-id-task)
--------------------------------------------------------------------------------
  &amp#27;[32mGiven &amp#27;[0m&amp#27;[32mPost submission with id submission &amp#27;[0m&amp#27;[32m&amp#27;[1m30&amp#27;[0m&amp#27;[32m id task &amp#27;[0m&amp#27;[32m&amp#27;[1m"satu"&amp#27;[0m&amp#27;[32m and score &amp#27;[0m&amp#27;[32m&amp#27;[1m70&amp#27;[0m                      &amp#27;[90m# stepdef.MentorStepDef.postSubmissionWithIdSubmissionIdTaskAndScore(int,java.lang.String,int)&amp#27;[0m
  &amp#27;[32mWhen &amp#27;[0m&amp#27;[32mSend request Post submission&amp#27;[0m                                                            &amp#27;[90m# stepdef.MentorStepDef.sendRequestPostSubmission()&amp#27;[0m
  &amp#27;[32mThen &amp#27;[0m&amp#27;[32mresponse code mentor should be &amp#27;[0m&amp#27;[32m&amp#27;[1m400&amp#27;[0m                                                      &amp#27;[90m# stepdef.MentorStepDef.responseCodeMentorShouldBe(int)&amp#27;[0m
  &amp#27;[32mAnd &amp#27;[0m&amp#27;[32mResponses body message error should be &amp#27;[0m&amp#27;[32m&amp#27;[1m"Invalid Input From Client"&amp#27;[0m                       &amp#27;[90m# stepdef.MentorStepDef.responsesBodyMessageErrorShouldBe(java.lang.String)&amp#27;[0m
  &amp#27;[32mAnd &amp#27;[0m&amp#27;[32mValidate JSON Schema &amp#27;[0m&amp#27;[32m&amp#27;[1m"MentorPostSubmitScoreValidIdInvalidIdTaskScoreBodyJsonSchema.json"&amp#27;[0m &amp#27;[90m# stepdef.MentorStepDef.validateJSONSchema(java.lang.String)&amp#27;[0m
20:11:46.121 [pool-2-thread-1] INFO   - 
  _____   ___   ___   _____     ___     _     ___   ___   ___   ___  
 |_   _| | __| / __| |_   _|   | _ \   /_\   / __| / __| | __| |   \ 
   | |   | _|  \__ \   | |     |  _/  / _ \  \__ \ \__ \ | _|  | |) |
   |_|   |___| |___/   |_|     |_|   /_/ \_\ |___/ |___/ |___| |___/ 

Post submission with using special char on id task
----------------------------------------------------------------------
]]></system-out>
  </testcase>
  <testcase name="Post submission with using alphabeth on id submission and valid score" classname="mentor" time="2.13">
    <system-out><![CDATA[
@MENTUTOR
Scenario: Post submission with using alphabeth on id submission and valid score                &amp#27;[90m# features/Mentutor/mentor.feature:267&amp#27;[0m
20:11:46.124 [pool-2-thread-1] INFO  i.c.core.plugin.SerenityReporter - Running feature from classpath:features/Mentutor/mentor.feature
20:11:46.125 [pool-2-thread-1] INFO   - 
  _____   ___   ___   _____     ___   _____     _     ___   _____   ___   ___  
 |_   _| | __| / __| |_   _|   / __| |_   _|   /_\   | _ \ |_   _| | __| |   \ 
   | |   | _|  \__ \   | |     \__ \   | |    / _ \  |   /   | |   | _|  | |) |
   |_|   |___| |___/   |_|     |___/   |_|   /_/ \_\ |_|_\   |_|   |___| |___/ 

Post submission with using alphabeth on id submission and valid score(mentor;post-submission-with-using-alphabeth-on-id-submission-and-valid-score)
--------------------------------------------------------------------------------
  &amp#27;[32mGiven &amp#27;[0m&amp#27;[32mPost submission with id submission &amp#27;[0m&amp#27;[32m&amp#27;[1m"dua"&amp#27;[0m&amp#27;[32m id task &amp#27;[0m&amp#27;[32m&amp#27;[1m123&amp#27;[0m&amp#27;[32m and score &amp#27;[0m&amp#27;[32m&amp#27;[1m70&amp#27;[0m                      &amp#27;[90m# stepdef.MentorStepDef.postSubmissionWithIdSubmissionIdTaskAndScore(java.lang.String,int,int)&amp#27;[0m
  &amp#27;[32mWhen &amp#27;[0m&amp#27;[32mSend request Post submission&amp#27;[0m                                                            &amp#27;[90m# stepdef.MentorStepDef.sendRequestPostSubmission()&amp#27;[0m
  &amp#27;[32mThen &amp#27;[0m&amp#27;[32mresponse code mentor should be &amp#27;[0m&amp#27;[32m&amp#27;[1m400&amp#27;[0m                                                      &amp#27;[90m# stepdef.MentorStepDef.responseCodeMentorShouldBe(int)&amp#27;[0m
  &amp#27;[32mAnd &amp#27;[0m&amp#27;[32mResponses body message error should be &amp#27;[0m&amp#27;[32m&amp#27;[1m"Invalid Input From Client"&amp#27;[0m                       &amp#27;[90m# stepdef.MentorStepDef.responsesBodyMessageErrorShouldBe(java.lang.String)&amp#27;[0m
  &amp#27;[32mAnd &amp#27;[0m&amp#27;[32mValidate JSON Schema &amp#27;[0m&amp#27;[32m&amp#27;[1m"MentorPostSubmitScoreValidIdInvalidIdTaskScoreBodyJsonSchema.json"&amp#27;[0m &amp#27;[90m# stepdef.MentorStepDef.validateJSONSchema(java.lang.String)&amp#27;[0m
20:11:48.250 [pool-2-thread-1] INFO   - 
  _____   ___   ___   _____     ___     _     ___   ___   ___   ___  
 |_   _| | __| / __| |_   _|   | _ \   /_\   / __| / __| | __| |   \ 
   | |   | _|  \__ \   | |     |  _/  / _ \  \__ \ \__ \ | _|  | |) |
   |_|   |___| |___/   |_|     |_|   /_/ \_\ |___/ |___/ |___| |___/ 

Post submission with using alphabeth on id submission and valid score
----------------------------------------------------------------------
]]></system-out>
  </testcase>
  <testcase name="Post submission with valid id task and invalid score" classname="mentor" time="2.162">
    <system-out><![CDATA[
@MENTUTOR
Scenario: Post submission with valid id task and invalid score                                 &amp#27;[90m# features/Mentutor/mentor.feature:274&amp#27;[0m
20:11:48.253 [pool-2-thread-1] INFO  i.c.core.plugin.SerenityReporter - Running feature from classpath:features/Mentutor/mentor.feature
20:11:48.254 [pool-2-thread-1] INFO   - 
  _____   ___   ___   _____     ___   _____     _     ___   _____   ___   ___  
 |_   _| | __| / __| |_   _|   / __| |_   _|   /_\   | _ \ |_   _| | __| |   \ 
   | |   | _|  \__ \   | |     \__ \   | |    / _ \  |   /   | |   | _|  | |) |
   |_|   |___| |___/   |_|     |___/   |_|   /_/ \_\ |_|_\   |_|   |___| |___/ 

Post submission with valid id task and invalid score(mentor;post-submission-with-valid-id-task-and-invalid-score)
--------------------------------------------------------------------------------
  &amp#27;[32mGiven &amp#27;[0m&amp#27;[32mPost submission with id submission &amp#27;[0m&amp#27;[32m&amp#27;[1m30&amp#27;[0m&amp#27;[32m id task &amp#27;[0m&amp#27;[32m&amp#27;[1m123&amp#27;[0m&amp#27;[32m and score &amp#27;[0m&amp#27;[32m&amp#27;[1m"lima"&amp#27;[0m                     &amp#27;[90m# stepdef.MentorStepDef.postSubmissionWithIdSubmissionIdTaskAndScore(int,int,java.lang.String)&amp#27;[0m
  &amp#27;[32mWhen &amp#27;[0m&amp#27;[32mSend request Post submission&amp#27;[0m                                                            &amp#27;[90m# stepdef.MentorStepDef.sendRequestPostSubmission()&amp#27;[0m
  &amp#27;[32mThen &amp#27;[0m&amp#27;[32mresponse code mentor should be &amp#27;[0m&amp#27;[32m&amp#27;[1m400&amp#27;[0m                                                      &amp#27;[90m# stepdef.MentorStepDef.responseCodeMentorShouldBe(int)&amp#27;[0m
  &amp#27;[32mAnd &amp#27;[0m&amp#27;[32mResponses body message error should be &amp#27;[0m&amp#27;[32m&amp#27;[1m"Invalid Input From Client"&amp#27;[0m                       &amp#27;[90m# stepdef.MentorStepDef.responsesBodyMessageErrorShouldBe(java.lang.String)&amp#27;[0m
  &amp#27;[32mAnd &amp#27;[0m&amp#27;[32mValidate JSON Schema &amp#27;[0m&amp#27;[32m&amp#27;[1m"MentorPostSubmitScoreValidIdInvalidIdTaskScoreBodyJsonSchema.json"&amp#27;[0m &amp#27;[90m# stepdef.MentorStepDef.validateJSONSchema(java.lang.String)&amp#27;[0m
20:11:50.413 [pool-2-thread-1] INFO   - 
  _____   ___   ___   _____     ___     _     ___   ___   ___   ___  
 |_   _| | __| / __| |_   _|   | _ \   /_\   / __| / __| | __| |   \ 
   | |   | _|  \__ \   | |     |  _/  / _ \  \__ \ \__ \ | _|  | |) |
   |_|   |___| |___/   |_|     |_|   /_/ \_\ |___/ |___/ |___| |___/ 

Post submission with valid id task and invalid score
----------------------------------------------------------------------
]]></system-out>
  </testcase>
  <testcase name="Delete task with valid id" classname="mentor" time="5.656">
    <failure message="1 expectation failed.&#10;Expected status code &lt;200&gt; but was &lt;201&gt;.&#10;" type="java.lang.AssertionError"><![CDATA[java.lang.AssertionError: 
1 expectation failed.
Expected status code <200> but was <201>.

]]></failure>
    <system-out><![CDATA[
@MENTUTOR
Scenario: Delete task with valid id                                 &amp#27;[90m# features/Mentutor/mentor.feature:286&amp#27;[0m
20:11:50.416 [pool-2-thread-1] INFO  i.c.core.plugin.SerenityReporter - Running feature from classpath:features/Mentutor/mentor.feature
20:11:50.417 [pool-2-thread-1] INFO   - 
  _____   ___   ___   _____     ___   _____     _     ___   _____   ___   ___  
 |_   _| | __| / __| |_   _|   / __| |_   _|   /_\   | _ \ |_   _| | __| |   \ 
   | |   | _|  \__ \   | |     \__ \   | |    / _ \  |   /   | |   | _|  | |) |
   |_|   |___| |___/   |_|     |___/   |_|   /_/ \_\ |_|_\   |_|   |___| |___/ 

Delete task with valid id(mentor;delete-task-with-valid-id)
--------------------------------------------------------------------------------
  &amp#27;[32mGiven &amp#27;[0m&amp#27;[32mDelete task with id &amp#27;[0m&amp#27;[32m&amp#27;[1m18&amp#27;[0m                                      &amp#27;[90m# stepdef.MentorStepDef.deleteTaskWithValidId(int)&amp#27;[0m
  &amp#27;[32mWhen &amp#27;[0m&amp#27;[32mSend request delete task&amp#27;[0m                                     &amp#27;[90m# stepdef.MentorStepDef.sendRequestDeleteTask()&amp#27;[0m
  &amp#27;[31mThen &amp#27;[0m&amp#27;[31mresponse code mentor should be &amp#27;[0m&amp#27;[31m&amp#27;[1m200&amp#27;[0m                           &amp#27;[90m# stepdef.MentorStepDef.responseCodeMentorShouldBe(int)&amp#27;[0m
      &amp#27;[31mjava.lang.AssertionError: 1 expectation failed.
Expected status code <200> but was <201>.

	at sun.reflect.NativeConstructorAccessorImpl.newInstance0(Native Method)
	at sun.reflect.NativeConstructorAccessorImpl.newInstance(NativeConstructorAccessorImpl.java:62)
	at sun.reflect.DelegatingConstructorAccessorImpl.newInstance(DelegatingConstructorAccessorImpl.java:45)
	at java.lang.reflect.Constructor.newInstance(Constructor.java:423)
	at org.codehaus.groovy.reflection.CachedConstructor.invoke(CachedConstructor.java:72)
	at org.codehaus.groovy.reflection.CachedConstructor.doConstructorInvoke(CachedConstructor.java:59)
	at org.codehaus.groovy.runtime.callsite.ConstructorSite$ConstructorSiteNoUnwrap.callConstructor(ConstructorSite.java:84)
	at org.codehaus.groovy.runtime.callsite.AbstractCallSite.callConstructor(AbstractCallSite.java:277)
	at io.restassured.internal.ResponseSpecificationImpl$HamcrestAssertionClosure.validate(ResponseSpecificationImpl.groovy:493)
	at io.restassured.internal.ResponseSpecificationImpl$HamcrestAssertionClosure$validate$1.call(Unknown Source)
	at io.restassured.internal.ResponseSpecificationImpl.validateResponseIfRequired(ResponseSpecificationImpl.groovy:674)
	at sun.reflect.GeneratedMethodAccessor89.invoke(Unknown Source)
	at sun.reflect.DelegatingMethodAccessorImpl.invoke(DelegatingMethodAccessorImpl.java:43)
	at java.lang.reflect.Method.invoke(Method.java:498)
	at org.codehaus.groovy.runtime.callsite.PlainObjectMetaMethodSite.doInvoke(PlainObjectMetaMethodSite.java:43)
	at org.codehaus.groovy.runtime.callsite.PogoMetaMethodSite$PogoCachedMethodSiteNoUnwrapNoCoerce.invoke(PogoMetaMethodSite.java:193)
	at org.codehaus.groovy.runtime.callsite.PogoMetaMethodSite.callCurrent(PogoMetaMethodSite.java:61)
	at org.codehaus.groovy.runtime.callsite.AbstractCallSite.callCurrent(AbstractCallSite.java:185)
	at io.restassured.internal.ResponseSpecificationImpl.statusCode(ResponseSpecificationImpl.groovy:126)
	at io.restassured.specification.ResponseSpecification$statusCode$0.callCurrent(Unknown Source)
	at io.restassured.internal.ResponseSpecificationImpl.statusCode(ResponseSpecificationImpl.groovy:134)
	at io.restassured.internal.ValidatableResponseOptionsImpl.statusCode(ValidatableResponseOptionsImpl.java:89)
	at io.restassured.internal.ValidatableResponseImpl.super$2$statusCode(ValidatableResponseImpl.groovy)
	at sun.reflect.GeneratedMethodAccessor200.invoke(Unknown Source)
	at sun.reflect.DelegatingMethodAccessorImpl.invoke(DelegatingMethodAccessorImpl.java:43)
	at java.lang.reflect.Method.invoke(Method.java:498)
	at org.codehaus.groovy.reflection.CachedMethod.invoke(CachedMethod.java:107)
	at groovy.lang.MetaMethod.doMethodInvoke(MetaMethod.java:323)
	at groovy.lang.MetaClassImpl.invokeMethod(MetaClassImpl.java:1267)
	at org.codehaus.groovy.runtime.ScriptBytecodeAdapter.invokeMethodOnSuperN(ScriptBytecodeAdapter.java:144)
	at io.restassured.internal.ValidatableResponseImpl.statusCode(ValidatableResponseImpl.groovy:142)
	at io.restassured.internal.ValidatableResponseImpl.statusCode(ValidatableResponseImpl.groovy)
	at stepdef.MentorStepDef.responseCodeMentorShouldBe(MentorStepDef.java:185)
	at âœ½.response code mentor should be 200(classpath:features/Mentutor/mentor.feature:289)
&amp#27;[0m
  &amp#27;[36mAnd &amp#27;[0m&amp#27;[36mResponses body should be &amp#27;[0m&amp#27;[36m&amp#27;[1m"Delete Success"&amp#27;[0m                     &amp#27;[90m# stepdef.MentorStepDef.responsesBodyShouldBe(java.lang.String)&amp#27;[0m
  &amp#27;[36mAnd &amp#27;[0m&amp#27;[36mValidate JSON Schema &amp#27;[0m&amp#27;[36m&amp#27;[1m"MentorDeleteValidIdBodyJsonSchema.json"&amp#27;[0m &amp#27;[90m# stepdef.MentorStepDef.validateJSONSchema(java.lang.String)&amp#27;[0m
]]></system-out>
  </testcase>
  <testcase name="Delete task with doesn&apos;t exist id" classname="mentor" time="2.461">
    <system-out><![CDATA[
@MENTUTOR
Scenario: Delete task with doesn't exist id                                                    &amp#27;[90m# features/Mentutor/mentor.feature:293&amp#27;[0m
20:11:56.073 [pool-2-thread-1] INFO  i.c.core.plugin.SerenityReporter - Running feature from classpath:features/Mentutor/mentor.feature
20:11:56.074 [pool-2-thread-1] INFO   - 
  _____   ___   ___   _____     ___   _____     _     ___   _____   ___   ___  
 |_   _| | __| / __| |_   _|   / __| |_   _|   /_\   | _ \ |_   _| | __| |   \ 
   | |   | _|  \__ \   | |     \__ \   | |    / _ \  |   /   | |   | _|  | |) |
   |_|   |___| |___/   |_|     |___/   |_|   /_/ \_\ |_|_\   |_|   |___| |___/ 

Delete task with doesn't exist id(mentor;delete-task-with-doesn-t-exist-id)
--------------------------------------------------------------------------------
  &amp#27;[32mGiven &amp#27;[0m&amp#27;[32mDelete task with id &amp#27;[0m&amp#27;[32m&amp#27;[1m23&amp#27;[0m                                                                 &amp#27;[90m# stepdef.MentorStepDef.deleteTaskWithValidId(int)&amp#27;[0m
  &amp#27;[32mWhen &amp#27;[0m&amp#27;[32mSend request delete task&amp#27;[0m                                                                &amp#27;[90m# stepdef.MentorStepDef.sendRequestDeleteTask()&amp#27;[0m
  &amp#27;[32mThen &amp#27;[0m&amp#27;[32mresponse code mentor should be &amp#27;[0m&amp#27;[32m&amp#27;[1m400&amp#27;[0m                                                      &amp#27;[90m# stepdef.MentorStepDef.responseCodeMentorShouldBe(int)&amp#27;[0m
  &amp#27;[32mAnd &amp#27;[0m&amp#27;[32mResponses body message error should be &amp#27;[0m&amp#27;[32m&amp#27;[1m"Invalid Input From Client"&amp#27;[0m                       &amp#27;[90m# stepdef.MentorStepDef.responsesBodyMessageErrorShouldBe(java.lang.String)&amp#27;[0m
  &amp#27;[32mAnd &amp#27;[0m&amp#27;[32mValidate JSON Schema &amp#27;[0m&amp#27;[32m&amp#27;[1m"MentorPostSubmitScoreValidIdInvalidIdTaskScoreBodyJsonSchema.json"&amp#27;[0m &amp#27;[90m# stepdef.MentorStepDef.validateJSONSchema(java.lang.String)&amp#27;[0m
20:11:58.532 [pool-2-thread-1] INFO   - 
  _____   ___   ___   _____     ___     _     ___   ___   ___   ___  
 |_   _| | __| / __| |_   _|   | _ \   /_\   / __| / __| | __| |   \ 
   | |   | _|  \__ \   | |     |  _/  / _ \  \__ \ \__ \ | _|  | |) |
   |_|   |___| |___/   |_|     |_|   /_/ \_\ |___/ |___/ |___| |___/ 

Delete task with doesn't exist id
----------------------------------------------------------------------
]]></system-out>
  </testcase>
  <testcase name="Delete task with using special char on id" classname="mentor" time="2.798">
    <system-out><![CDATA[
@MENTUTOR
Scenario: Delete task with using special char on id                                            &amp#27;[90m# features/Mentutor/mentor.feature:300&amp#27;[0m
20:11:58.534 [pool-2-thread-1] INFO  i.c.core.plugin.SerenityReporter - Running feature from classpath:features/Mentutor/mentor.feature
20:11:58.535 [pool-2-thread-1] INFO   - 
  _____   ___   ___   _____     ___   _____     _     ___   _____   ___   ___  
 |_   _| | __| / __| |_   _|   / __| |_   _|   /_\   | _ \ |_   _| | __| |   \ 
   | |   | _|  \__ \   | |     \__ \   | |    / _ \  |   /   | |   | _|  | |) |
   |_|   |___| |___/   |_|     |___/   |_|   /_/ \_\ |_|_\   |_|   |___| |___/ 

Delete task with using special char on id(mentor;delete-task-with-using-special-char-on-id)
--------------------------------------------------------------------------------
  &amp#27;[32mGiven &amp#27;[0m&amp#27;[32mDelete task with id &amp#27;[0m&amp#27;[32m&amp#27;[1m"^%%$"&amp#27;[0m                                                             &amp#27;[90m# stepdef.MentorStepDef.deleteTaskWithId(java.lang.String)&amp#27;[0m
  &amp#27;[32mWhen &amp#27;[0m&amp#27;[32mSend request delete task&amp#27;[0m                                                                &amp#27;[90m# stepdef.MentorStepDef.sendRequestDeleteTask()&amp#27;[0m
  &amp#27;[32mThen &amp#27;[0m&amp#27;[32mresponse code mentor should be &amp#27;[0m&amp#27;[32m&amp#27;[1m400&amp#27;[0m                                                      &amp#27;[90m# stepdef.MentorStepDef.responseCodeMentorShouldBe(int)&amp#27;[0m
  &amp#27;[32mAnd &amp#27;[0m&amp#27;[32mResponses body message error should be &amp#27;[0m&amp#27;[32m&amp#27;[1m"Invalid Input From Client"&amp#27;[0m                       &amp#27;[90m# stepdef.MentorStepDef.responsesBodyMessageErrorShouldBe(java.lang.String)&amp#27;[0m
  &amp#27;[32mAnd &amp#27;[0m&amp#27;[32mValidate JSON Schema &amp#27;[0m&amp#27;[32m&amp#27;[1m"MentorPostSubmitScoreValidIdInvalidIdTaskScoreBodyJsonSchema.json"&amp#27;[0m &amp#27;[90m# stepdef.MentorStepDef.validateJSONSchema(java.lang.String)&amp#27;[0m
20:12:01.330 [pool-2-thread-1] INFO   - 
  _____   ___   ___   _____     ___     _     ___   ___   ___   ___  
 |_   _| | __| / __| |_   _|   | _ \   /_\   / __| / __| | __| |   \ 
   | |   | _|  \__ \   | |     |  _/  / _ \  \__ \ \__ \ | _|  | |) |
   |_|   |___| |___/   |_|     |_|   /_/ \_\ |___/ |___/ |___| |___/ 

Delete task with using special char on id
----------------------------------------------------------------------
]]></system-out>
  </testcase>
  <testcase name="Delete task with using alphabet on id #1" classname="mentor" time="2.732">
    <system-out><![CDATA[
@MENTUTOR
Scenario Outline: Delete task with using alphabet on id                                        &amp#27;[90m# features/Mentutor/mentor.feature:315&amp#27;[0m
20:12:01.332 [pool-2-thread-1] INFO  i.c.core.plugin.SerenityReporter - Running feature from classpath:features/Mentutor/mentor.feature
20:12:01.333 [pool-2-thread-1] INFO   - 
  _____   ___   ___   _____     ___   _____     _     ___   _____   ___   ___  
 |_   _| | __| / __| |_   _|   / __| |_   _|   /_\   | _ \ |_   _| | __| |   \ 
   | |   | _|  \__ \   | |     \__ \   | |    / _ \  |   /   | |   | _|  | |) |
   |_|   |___| |___/   |_|     |___/   |_|   /_/ \_\ |_|_\   |_|   |___| |___/ 

Delete task with using alphabet on id(mentor;delete-task-with-using-alphabet-on-id)
--------------------------------------------------------------------------------
  &amp#27;[32mGiven &amp#27;[0m&amp#27;[32mDelete task with id &amp#27;[0m&amp#27;[32m&amp#27;[1m"satu"&amp#27;[0m                                                             &amp#27;[90m# stepdef.MentorStepDef.deleteTaskWithId(java.lang.String)&amp#27;[0m
  &amp#27;[32mWhen &amp#27;[0m&amp#27;[32mSend request delete task&amp#27;[0m                                                                &amp#27;[90m# stepdef.MentorStepDef.sendRequestDeleteTask()&amp#27;[0m
  &amp#27;[32mThen &amp#27;[0m&amp#27;[32mresponse code mentor should be &amp#27;[0m&amp#27;[32m&amp#27;[1m400&amp#27;[0m                                                      &amp#27;[90m# stepdef.MentorStepDef.responseCodeMentorShouldBe(int)&amp#27;[0m
  &amp#27;[32mAnd &amp#27;[0m&amp#27;[32mResponses body message error should be &amp#27;[0m&amp#27;[32m&amp#27;[1m"Invalid Input From Client"&amp#27;[0m                       &amp#27;[90m# stepdef.MentorStepDef.responsesBodyMessageErrorShouldBe(java.lang.String)&amp#27;[0m
  &amp#27;[32mAnd &amp#27;[0m&amp#27;[32mValidate JSON Schema &amp#27;[0m&amp#27;[32m&amp#27;[1m"MentorPostSubmitScoreValidIdInvalidIdTaskScoreBodyJsonSchema.json"&amp#27;[0m &amp#27;[90m# stepdef.MentorStepDef.validateJSONSchema(java.lang.String)&amp#27;[0m
20:12:04.062 [pool-2-thread-1] INFO   - 
  _____   ___   ___   _____     ___     _     ___   ___   ___   ___  
 |_   _| | __| / __| |_   _|   | _ \   /_\   / __| / __| | __| |   \ 
   | |   | _|  \__ \   | |     |  _/  / _ \  \__ \ \__ \ | _|  | |) |
   |_|   |___| |___/   |_|     |_|   /_/ \_\ |___/ |___/ |___| |___/ 

Delete task with using alphabet on id
----------------------------------------------------------------------
]]></system-out>
  </testcase>
  <testcase name="Delete task with using alphabet on id #2" classname="mentor" time="3.734">
    <system-out><![CDATA[
@MENTUTOR
Scenario Outline: Delete task with using alphabet on id                                        &amp#27;[90m# features/Mentutor/mentor.feature:316&amp#27;[0m
20:12:04.065 [pool-2-thread-1] INFO  i.c.core.plugin.SerenityReporter - Running feature from classpath:features/Mentutor/mentor.feature
  &amp#27;[32mGiven &amp#27;[0m&amp#27;[32mDelete task with id &amp#27;[0m&amp#27;[32m&amp#27;[1m"dela@gmail.com"&amp#27;[0m                                                   &amp#27;[90m# stepdef.MentorStepDef.deleteTaskWithId(java.lang.String)&amp#27;[0m
  &amp#27;[32mWhen &amp#27;[0m&amp#27;[32mSend request delete task&amp#27;[0m                                                                &amp#27;[90m# stepdef.MentorStepDef.sendRequestDeleteTask()&amp#27;[0m
  &amp#27;[32mThen &amp#27;[0m&amp#27;[32mresponse code mentor should be &amp#27;[0m&amp#27;[32m&amp#27;[1m400&amp#27;[0m                                                      &amp#27;[90m# stepdef.MentorStepDef.responseCodeMentorShouldBe(int)&amp#27;[0m
  &amp#27;[32mAnd &amp#27;[0m&amp#27;[32mResponses body message error should be &amp#27;[0m&amp#27;[32m&amp#27;[1m"Invalid Input From Client"&amp#27;[0m                       &amp#27;[90m# stepdef.MentorStepDef.responsesBodyMessageErrorShouldBe(java.lang.String)&amp#27;[0m
  &amp#27;[32mAnd &amp#27;[0m&amp#27;[32mValidate JSON Schema &amp#27;[0m&amp#27;[32m&amp#27;[1m"MentorPostSubmitScoreValidIdInvalidIdTaskScoreBodyJsonSchema.json"&amp#27;[0m &amp#27;[90m# stepdef.MentorStepDef.validateJSONSchema(java.lang.String)&amp#27;[0m
20:12:07.795 [pool-2-thread-1] INFO   - 
  _____   ___   ___   _____     ___     _     ___   ___   ___   ___  
 |_   _| | __| / __| |_   _|   | _ \   /_\   / __| / __| | __| |   \ 
   | |   | _|  \__ \   | |     |  _/  / _ \  \__ \ \__ \ | _|  | |) |
   |_|   |___| |___/   |_|     |_|   /_/ \_\ |___/ |___/ |___| |___/ 

Delete task with using alphabet on id
----------------------------------------------------------------------
]]></system-out>
  </testcase>
</testsuite>